[ DEBUG  ]   ##   Server configured.
[ NORMAL ]   ##   Connected to rmiregistry at localhost on port 1099
[ DEBUG  ]  22:49:20 9 massim.framework.connection.InetSocketListener.waitForIncomingSocket:28
[ DEBUG  ]   ##   waiting for connection...
[ DEBUG  ]   ##   RMI HOST: localhost
[ DEBUG  ]   ##   RMI PORT: 1099
[ NORMAL ]   ##   Please press ENTER to start the tournament.
[ DEBUG  ]   ##   got a connection
[ DEBUG  ]  22:49:32 9 massim.framework.connection.InetSocketListener.waitForIncomingSocket:28
[ DEBUG  ]  22:49:32 19 massim.framework.connection.AbstractSocketLoginManager.handleSocket:33
[ DEBUG  ]   ##   waiting for connection...
[ DEBUG  ]   ##   retrieving authentication from client 
[ DEBUG  ]   ##   <?xml version="1.0" encoding="UTF-8"?><message type="auth-request"><authentication password="1" username="a1"/></message>
[ NORMAL ]   ##   got authentication: username=a1 password=1 Address=127.0.0.1
[ DEBUG  ]   ##   received socket:Socket[addr=/127.0.0.1,port=44274,localport=12300]
[ DEBUG  ]   ##   got a connection
[ DEBUG  ]  22:49:32 9 massim.framework.connection.InetSocketListener.waitForIncomingSocket:28
[ DEBUG  ]   ##   waiting for connection...
[ DEBUG  ]  22:49:32 22 massim.framework.connection.AbstractSocketLoginManager.handleSocket:33
[ DEBUG  ]   ##   retrieving authentication from client 
[ DEBUG  ]   ##   <?xml version="1.0" encoding="UTF-8"?><message type="auth-request"><authentication password="1" username="a2"/></message>
[ NORMAL ]   ##   got authentication: username=a2 password=1 Address=127.0.0.1
[ DEBUG  ]   ##   received socket:Socket[addr=/127.0.0.1,port=44275,localport=12300]
[ DEBUG  ]   ##   got a connection
[ DEBUG  ]  22:49:32 9 massim.framework.connection.InetSocketListener.waitForIncomingSocket:28
[ DEBUG  ]  22:49:32 25 massim.framework.connection.AbstractSocketLoginManager.handleSocket:33
[ DEBUG  ]   ##   waiting for connection...
[ DEBUG  ]   ##   retrieving authentication from client 
[ DEBUG  ]   ##   <?xml version="1.0" encoding="UTF-8"?><message type="auth-request"><authentication password="1" username="a3"/></message>
[ NORMAL ]   ##   got authentication: username=a3 password=1 Address=127.0.0.1
[ DEBUG  ]   ##   received socket:Socket[addr=/127.0.0.1,port=44276,localport=12300]
[ DEBUG  ]   ##   got a connection
[ DEBUG  ]  22:49:32 9 massim.framework.connection.InetSocketListener.waitForIncomingSocket:28
[ DEBUG  ]  22:49:32 28 massim.framework.connection.AbstractSocketLoginManager.handleSocket:33
[ DEBUG  ]   ##   waiting for connection...
[ DEBUG  ]   ##   retrieving authentication from client 
[ DEBUG  ]   ##   <?xml version="1.0" encoding="UTF-8"?><message type="auth-request"><authentication password="1" username="a4"/></message>
[ NORMAL ]   ##   got authentication: username=a4 password=1 Address=127.0.0.1
[ DEBUG  ]   ##   received socket:Socket[addr=/127.0.0.1,port=44277,localport=12300]
[ DEBUG  ]   ##   got a connection
[ DEBUG  ]  22:49:32 9 massim.framework.connection.InetSocketListener.waitForIncomingSocket:28
[ DEBUG  ]  22:49:32 31 massim.framework.connection.AbstractSocketLoginManager.handleSocket:33
[ DEBUG  ]   ##   waiting for connection...
[ DEBUG  ]   ##   retrieving authentication from client 
[ DEBUG  ]   ##   <?xml version="1.0" encoding="UTF-8"?><message type="auth-request"><authentication password="1" username="b1"/></message>
[ NORMAL ]   ##   got authentication: username=b1 password=1 Address=127.0.0.1
[ DEBUG  ]   ##   received socket:Socket[addr=/127.0.0.1,port=44278,localport=12300]
[ DEBUG  ]   ##   got a connection
[ DEBUG  ]  22:49:32 9 massim.framework.connection.InetSocketListener.waitForIncomingSocket:28
[ DEBUG  ]   ##   waiting for connection...
[ DEBUG  ]  22:49:32 34 massim.framework.connection.AbstractSocketLoginManager.handleSocket:33
[ DEBUG  ]   ##   retrieving authentication from client 
[ DEBUG  ]   ##   <?xml version="1.0" encoding="UTF-8"?><message type="auth-request"><authentication password="1" username="b2"/></message>
[ NORMAL ]   ##   got authentication: username=b2 password=1 Address=127.0.0.1
[ DEBUG  ]   ##   received socket:Socket[addr=/127.0.0.1,port=44279,localport=12300]
[ DEBUG  ]   ##   got a connection
[ DEBUG  ]  22:49:32 9 massim.framework.connection.InetSocketListener.waitForIncomingSocket:28
[ DEBUG  ]   ##   waiting for connection...
[ DEBUG  ]  22:49:32 37 massim.framework.connection.AbstractSocketLoginManager.handleSocket:33
[ DEBUG  ]   ##   retrieving authentication from client 
[ DEBUG  ]   ##   <?xml version="1.0" encoding="UTF-8"?><message type="auth-request"><authentication password="1" username="b3"/></message>
[ NORMAL ]   ##   got authentication: username=b3 password=1 Address=127.0.0.1
[ DEBUG  ]   ##   received socket:Socket[addr=/127.0.0.1,port=44280,localport=12300]
[ DEBUG  ]   ##   got a connection
[ DEBUG  ]  22:49:32 9 massim.framework.connection.InetSocketListener.waitForIncomingSocket:28
[ DEBUG  ]  22:49:32 40 massim.framework.connection.AbstractSocketLoginManager.handleSocket:33
[ DEBUG  ]   ##   waiting for connection...
[ DEBUG  ]   ##   retrieving authentication from client 
[ DEBUG  ]   ##   <?xml version="1.0" encoding="UTF-8"?><message type="auth-request"><authentication password="1" username="b4"/></message>
[ NORMAL ]   ##   got authentication: username=b4 password=1 Address=127.0.0.1
[ DEBUG  ]   ##   received socket:Socket[addr=/127.0.0.1,port=44281,localport=12300]
[ DEBUG  ]   ##   got a connection
[ DEBUG  ]  22:49:33 9 massim.framework.connection.InetSocketListener.waitForIncomingSocket:28
[ DEBUG  ]   ##   waiting for connection...
[ DEBUG  ]   ##   got a connection
[ DEBUG  ]  22:49:33 43 massim.framework.connection.AbstractSocketLoginManager.handleSocket:33
[ DEBUG  ]   ##   retrieving authentication from client 
[ DEBUG  ]  22:49:33 9 massim.framework.connection.InetSocketListener.waitForIncomingSocket:28
[ DEBUG  ]   ##   waiting for connection...
[ DEBUG  ]   ##   <?xml version="1.0" encoding="UTF-8"?><message type="auth-request"><authentication password="1" username="b1"/></message>
[ DEBUG  ]   ##   got a connection
[ DEBUG  ]  22:49:33 44 massim.framework.connection.AbstractSocketLoginManager.handleSocket:33
[ DEBUG  ]   ##   retrieving authentication from client 
[ NORMAL ]   ##   got authentication: username=b1 password=1 Address=127.0.0.1
[ DEBUG  ]   ##   <?xml version="1.0" encoding="UTF-8"?><message type="auth-request"><authentication password="1" username="a2"/></message>
[ NORMAL ]   ##   got authentication: username=a2 password=1 Address=127.0.0.1
[ DEBUG  ]   ##   received socket:Socket[addr=/127.0.0.1,port=44282,localport=12300]
[ DEBUG  ]   ##   received socket:Socket[addr=/127.0.0.1,port=44283,localport=12300]
[ DEBUG  ]  22:49:33 9 massim.framework.connection.InetSocketListener.waitForIncomingSocket:28
[ DEBUG  ]   ##   waiting for connection...
[ DEBUG  ]   ##   got a connection
[ DEBUG  ]  22:49:33 45 massim.framework.connection.AbstractSocketLoginManager.handleSocket:33
[ DEBUG  ]   ##   retrieving authentication from client 
[ DEBUG  ]  22:49:33 9 massim.framework.connection.InetSocketListener.waitForIncomingSocket:28
[ DEBUG  ]   ##   waiting for connection...
[ DEBUG  ]   ##   got a connection
[ DEBUG  ]   ##   <?xml version="1.0" encoding="UTF-8"?><message type="auth-request"><authentication password="1" username="b4"/></message>
[ NORMAL ]   ##   got authentication: username=b4 password=1 Address=127.0.0.1
[ DEBUG  ]  22:49:33 46 massim.framework.connection.AbstractSocketLoginManager.handleSocket:33
[ DEBUG  ]   ##   retrieving authentication from client 
[ DEBUG  ]   ##   <?xml version="1.0" encoding="UTF-8"?><message type="auth-request"><authentication password="1" username="a4"/></message>
[ NORMAL ]   ##   got authentication: username=a4 password=1 Address=127.0.0.1
[ DEBUG  ]  22:49:33 9 massim.framework.connection.InetSocketListener.waitForIncomingSocket:28
[ DEBUG  ]   ##   waiting for connection...
[ DEBUG  ]   ##   got a connection
[ DEBUG  ]   ##   received socket:Socket[addr=/127.0.0.1,port=44284,localport=12300]
[ DEBUG  ]  22:49:33 47 massim.framework.connection.AbstractSocketLoginManager.handleSocket:33
[ DEBUG  ]   ##   retrieving authentication from client 
[ DEBUG  ]  22:49:33 48 massim.framework.connection.AbstractSocketLoginManager.handleSocket:33
[ DEBUG  ]   ##   retrieving authentication from client 
[ DEBUG  ]  22:49:33 9 massim.framework.connection.InetSocketListener.waitForIncomingSocket:28
[ DEBUG  ]   ##   waiting for connection...
[ DEBUG  ]   ##   <?xml version="1.0" encoding="UTF-8"?><message type="auth-request"><authentication password="1" username="a1"/></message>
[ DEBUG  ]   ##   got a connection
[ DEBUG  ]   ##   Thread interrupted.
[ DEBUG  ]   ##   Thread finished successfully.
[ DEBUG  ]   ##   Thread interrupted.
[ DEBUG  ]   ##   Thread finished successfully.
[ DEBUG  ]   ##   received socket:Socket[addr=/127.0.0.1,port=44285,localport=12300]
[ DEBUG  ]   ##   <?xml version="1.0" encoding="UTF-8"?><message type="auth-request"><authentication password="1" username="b3"/></message>
[ NORMAL ]   ##   got authentication: username=b3 password=1 Address=127.0.0.1
[ NORMAL ]   ##   got authentication: username=a1 password=1 Address=127.0.0.1
[ DEBUG  ]   ##   Thread interrupted.
[ DEBUG  ]   ##   Thread finished successfully.
[ DEBUG  ]   ##   Thread interrupted.
[ DEBUG  ]   ##   Thread finished successfully.
[ DEBUG  ]   ##   received socket:Socket[addr=/127.0.0.1,port=44288,localport=12300]
[ DEBUG  ]   ##   received socket:Socket[addr=/127.0.0.1,port=44287,localport=12300]
[ DEBUG  ]  22:49:33 9 massim.framework.connection.InetSocketListener.waitForIncomingSocket:28
[ DEBUG  ]   ##   waiting for connection...
[ DEBUG  ]   ##   got a connection
[ DEBUG  ]  22:49:33 51 massim.framework.connection.AbstractSocketLoginManager.handleSocket:33
[ DEBUG  ]   ##   retrieving authentication from client 
[ DEBUG  ]   ##   <?xml version="1.0" encoding="UTF-8"?><message type="auth-request"><authentication password="1" username="b2"/></message>
[ NORMAL ]   ##   got authentication: username=b2 password=1 Address=127.0.0.1
[ DEBUG  ]  22:49:33 9 massim.framework.connection.InetSocketListener.waitForIncomingSocket:28
[ DEBUG  ]   ##   waiting for connection...
[ DEBUG  ]   ##   received socket:Socket[addr=/127.0.0.1,port=44289,localport=12300]
[ DEBUG  ]  22:49:33 52 massim.framework.connection.AbstractSocketLoginManager.handleSocket:33
[ DEBUG  ]   ##   retrieving authentication from client 
[ DEBUG  ]   ##   Thread interrupted.
[ DEBUG  ]   ##   Thread finished successfully.
[ DEBUG  ]   ##   <?xml version="1.0" encoding="UTF-8"?><message type="auth-request"><authentication password="1" username="a3"/></message>
[ DEBUG  ]   ##   Thread interrupted.
[ DEBUG  ]   ##   Thread finished successfully.
[ NORMAL ]   ##   got authentication: username=a3 password=1 Address=127.0.0.1
[ DEBUG  ]   ##   received socket:Socket[addr=/127.0.0.1,port=44290,localport=12300]
[ DEBUG  ]   ##   Thread interrupted.
[ DEBUG  ]   ##   Thread finished successfully.
[ DEBUG  ]   ##   Thread interrupted.
[ DEBUG  ]   ##   Thread finished successfully.
[ NORMAL ]   ##   now playing: A vs B
[ NORMAL ]   ##   ######################### new simulation run ----
[ ERROR  ]   ##   Error in config.
[ NORMAL ]   ##   No random seed specified - taking system time.
[ NORMAL ]   ##   Seed for map generation: 1464400177667
[ DEBUG  ]  22:49:37 1 massim.framework.DefaultObserver.start:18
[ DEBUG  ]  22:49:37 1 massim.framework.DefaultObserver.start:18
[ DEBUG  ]  22:49:37 1 massim.framework.ObjectDumperObserver.start:68
[ DEBUG  ]   ##   creating...
[ DEBUG  ]   ##   binding...
[ DEBUG  ]   ##   bound
[ DEBUG  ]  22:49:37 1 massim.framework.DefaultObserver.notifySimulationConfiguration:30
[ DEBUG  ]  22:49:37 1 massim.framework.DefaultObserver.notifySimulationConfiguration:30
[ DEBUG  ]  22:49:37 1 massim.framework.ObjectDumperObserver.notifySimulationStart:50
[ DEBUG  ]  22:49:37 1 massim.framework.XMLOutputObserver.notifySimulationStart:41
[ DEBUG  ]  22:49:38 1 massim.framework.ObjectDumperObserver.notifySimulationState:57
[ NORMAL ]   ##   No valid document received in time. Returning InvalidAction to a1
[ NORMAL ]   ##   No valid document received in time. Returning InvalidAction to a2
[ NORMAL ]   ##   No valid document received in time. Returning InvalidAction to a3
[ NORMAL ]   ##   No valid document received in time. Returning InvalidAction to b3
[ NORMAL ]   ##   No valid document received in time. Returning InvalidAction to a4
[ NORMAL ]   ##   No valid document received in time. Returning InvalidAction to b2
[ NORMAL ]   ##   No valid document received in time. Returning InvalidAction to b1
[ NORMAL ]   ##   No valid document received in time. Returning InvalidAction to b4
[ NORMAL ]   ##   Simulation at step: 1
[ DEBUG  ]  22:49:41 1 massim.framework.ObjectDumperObserver.notifySimulationState:57
[ NORMAL ]   ##   No valid document received in time. Returning InvalidAction to a1
[ NORMAL ]   ##   No valid document received in time. Returning InvalidAction to a2
[ NORMAL ]   ##   No valid document received in time. Returning InvalidAction to a3
[ NORMAL ]   ##   No valid document received in time. Returning InvalidAction to a4
[ NORMAL ]   ##   No valid document received in time. Returning InvalidAction to b1
[ NORMAL ]   ##   No valid document received in time. Returning InvalidAction to b2
[ NORMAL ]   ##   No valid document received in time. Returning InvalidAction to b3
[ NORMAL ]   ##   No valid document received in time. Returning InvalidAction to b4
[ NORMAL ]   ##   Simulation at step: 2
[ DEBUG  ]  22:49:45 1 massim.framework.ObjectDumperObserver.notifySimulationState:57
[ NORMAL ]   ##   No valid document received in time. Returning InvalidAction to a1
[ NORMAL ]   ##   No valid document received in time. Returning InvalidAction to a3
[ NORMAL ]   ##   No valid document received in time. Returning InvalidAction to a2
[ NORMAL ]   ##   No valid document received in time. Returning InvalidAction to a4
[ NORMAL ]   ##   No valid document received in time. Returning InvalidAction to b1
[ NORMAL ]   ##   No valid document received in time. Returning InvalidAction to b2
[ NORMAL ]   ##   No valid document received in time. Returning InvalidAction to b3
[ NORMAL ]   ##   No valid document received in time. Returning InvalidAction to b4
[ NORMAL ]   ##   Simulation at step: 3
[ DEBUG  ]  22:49:48 1 massim.framework.ObjectDumperObserver.notifySimulationState:57
[ NORMAL ]   ##   No valid document received in time. Returning InvalidAction to a1
[ NORMAL ]   ##   No valid document received in time. Returning InvalidAction to a2
[ NORMAL ]   ##   No valid document received in time. Returning InvalidAction to a3
[ NORMAL ]   ##   No valid document received in time. Returning InvalidAction to a4
[ NORMAL ]   ##   No valid document received in time. Returning InvalidAction to b1
[ NORMAL ]   ##   No valid document received in time. Returning InvalidAction to b2
[ NORMAL ]   ##   No valid document received in time. Returning InvalidAction to b3
[ NORMAL ]   ##   No valid document received in time. Returning InvalidAction to b4
[ NORMAL ]   ##   Simulation at step: 4
[ DEBUG  ]  22:49:52 1 massim.framework.ObjectDumperObserver.notifySimulationState:57
[ NORMAL ]   ##   No valid document received in time. Returning InvalidAction to a1
[ NORMAL ]   ##   No valid document received in time. Returning InvalidAction to a2
[ NORMAL ]   ##   No valid document received in time. Returning InvalidAction to a3
[ NORMAL ]   ##   No valid document received in time. Returning InvalidAction to a4
[ NORMAL ]   ##   No valid document received in time. Returning InvalidAction to b1
[ NORMAL ]   ##   No valid document received in time. Returning InvalidAction to b2
[ NORMAL ]   ##   No valid document received in time. Returning InvalidAction to b3
[ NORMAL ]   ##   No valid document received in time. Returning InvalidAction to b4
[ NORMAL ]   ##   Simulation at step: 5
[ DEBUG  ]  22:49:56 1 massim.framework.ObjectDumperObserver.notifySimulationState:57
[ NORMAL ]   ##   No valid document received in time. Returning InvalidAction to a1
[ NORMAL ]   ##   No valid document received in time. Returning InvalidAction to a2
[ NORMAL ]   ##   No valid document received in time. Returning InvalidAction to a4
[ NORMAL ]   ##   No valid document received in time. Returning InvalidAction to a3
[ NORMAL ]   ##   No valid document received in time. Returning InvalidAction to b1
[ NORMAL ]   ##   No valid document received in time. Returning InvalidAction to b2
[ NORMAL ]   ##   No valid document received in time. Returning InvalidAction to b3
[ NORMAL ]   ##   No valid document received in time. Returning InvalidAction to b4
[ NORMAL ]   ##   Simulation at step: 6
[ DEBUG  ]  22:49:59 1 massim.framework.ObjectDumperObserver.notifySimulationState:57
[ NORMAL ]   ##   No valid document received in time. Returning InvalidAction to a1
[ NORMAL ]   ##   No valid document received in time. Returning InvalidAction to a2
[ NORMAL ]   ##   No valid document received in time. Returning InvalidAction to a4
[ NORMAL ]   ##   No valid document received in time. Returning InvalidAction to a3
[ NORMAL ]   ##   No valid document received in time. Returning InvalidAction to b1
[ NORMAL ]   ##   No valid document received in time. Returning InvalidAction to b2
[ NORMAL ]   ##   No valid document received in time. Returning InvalidAction to b3
[ NORMAL ]   ##   No valid document received in time. Returning InvalidAction to b4
[ NORMAL ]   ##   Simulation at step: 7
[ DEBUG  ]  22:50:03 1 massim.framework.ObjectDumperObserver.notifySimulationState:57
[ NORMAL ]   ##   No valid document received in time. Returning InvalidAction to a1
[ NORMAL ]   ##   No valid document received in time. Returning InvalidAction to a2
[ NORMAL ]   ##   No valid document received in time. Returning InvalidAction to a3
[ NORMAL ]   ##   No valid document received in time. Returning InvalidAction to a4
[ NORMAL ]   ##   No valid document received in time. Returning InvalidAction to b1
[ NORMAL ]   ##   No valid document received in time. Returning InvalidAction to b3
[ NORMAL ]   ##   No valid document received in time. Returning InvalidAction to b4
[ NORMAL ]   ##   No valid document received in time. Returning InvalidAction to b2
[ NORMAL ]   ##   Simulation at step: 8
[ DEBUG  ]  22:50:06 1 massim.framework.ObjectDumperObserver.notifySimulationState:57
[ NORMAL ]   ##   No valid document received in time. Returning InvalidAction to a1
[ NORMAL ]   ##   No valid document received in time. Returning InvalidAction to a2
[ NORMAL ]   ##   No valid document received in time. Returning InvalidAction to a3
[ NORMAL ]   ##   No valid document received in time. Returning InvalidAction to a4
[ NORMAL ]   ##   No valid document received in time. Returning InvalidAction to b1
[ NORMAL ]   ##   No valid document received in time. Returning InvalidAction to b2
[ NORMAL ]   ##   No valid document received in time. Returning InvalidAction to b3
[ NORMAL ]   ##   No valid document received in time. Returning InvalidAction to b4
[ NORMAL ]   ##   Simulation at step: 9
[ DEBUG  ]  22:50:10 1 massim.framework.ObjectDumperObserver.notifySimulationState:57
