[ DEBUG  ]   ##   Server configured.
[ NORMAL ]   ##   Connected to rmiregistry at localhost on port 1099
[ DEBUG  ]  22:57:30 9 massim.framework.connection.InetSocketListener.waitForIncomingSocket:28
[ DEBUG  ]   ##   waiting for connection...
[ DEBUG  ]   ##   RMI HOST: localhost
[ DEBUG  ]   ##   RMI PORT: 1099
[ NORMAL ]   ##   Please press ENTER to start the tournament.
[ DEBUG  ]   ##   got a connection
[ DEBUG  ]  22:57:35 9 massim.framework.connection.InetSocketListener.waitForIncomingSocket:28
[ DEBUG  ]  22:57:35 19 massim.framework.connection.AbstractSocketLoginManager.handleSocket:33
[ DEBUG  ]   ##   waiting for connection...
[ DEBUG  ]   ##   retrieving authentication from client 
[ DEBUG  ]   ##   <?xml version="1.0" encoding="UTF-8"?><message type="auth-request"><authentication password="1" username="a1"/></message>
[ NORMAL ]   ##   got authentication: username=a1 password=1 Address=127.0.0.1
[ DEBUG  ]   ##   received socket:Socket[addr=/127.0.0.1,port=44345,localport=12300]
[ DEBUG  ]   ##   got a connection
[ DEBUG  ]  22:57:35 9 massim.framework.connection.InetSocketListener.waitForIncomingSocket:28
[ DEBUG  ]   ##   waiting for connection...
[ DEBUG  ]  22:57:35 21 massim.framework.connection.AbstractSocketLoginManager.handleSocket:33
[ DEBUG  ]   ##   retrieving authentication from client 
[ DEBUG  ]   ##   <?xml version="1.0" encoding="UTF-8"?><message type="auth-request"><authentication password="1" username="a2"/></message>
[ NORMAL ]   ##   got authentication: username=a2 password=1 Address=127.0.0.1
[ DEBUG  ]   ##   received socket:Socket[addr=/127.0.0.1,port=44346,localport=12300]
[ DEBUG  ]   ##   got a connection
[ DEBUG  ]  22:57:35 9 massim.framework.connection.InetSocketListener.waitForIncomingSocket:28
[ DEBUG  ]   ##   waiting for connection...
[ DEBUG  ]  22:57:35 25 massim.framework.connection.AbstractSocketLoginManager.handleSocket:33
[ DEBUG  ]   ##   retrieving authentication from client 
[ DEBUG  ]   ##   <?xml version="1.0" encoding="UTF-8"?><message type="auth-request"><authentication password="1" username="a3"/></message>
[ NORMAL ]   ##   got authentication: username=a3 password=1 Address=127.0.0.1
[ DEBUG  ]   ##   received socket:Socket[addr=/127.0.0.1,port=44347,localport=12300]
[ DEBUG  ]   ##   got a connection
[ DEBUG  ]  22:57:35 9 massim.framework.connection.InetSocketListener.waitForIncomingSocket:28
[ DEBUG  ]   ##   waiting for connection...
[ DEBUG  ]  22:57:35 28 massim.framework.connection.AbstractSocketLoginManager.handleSocket:33
[ DEBUG  ]   ##   retrieving authentication from client 
[ DEBUG  ]   ##   <?xml version="1.0" encoding="UTF-8"?><message type="auth-request"><authentication password="1" username="a4"/></message>
[ NORMAL ]   ##   got authentication: username=a4 password=1 Address=127.0.0.1
[ DEBUG  ]   ##   received socket:Socket[addr=/127.0.0.1,port=44348,localport=12300]
[ DEBUG  ]   ##   got a connection
[ DEBUG  ]  22:57:35 9 massim.framework.connection.InetSocketListener.waitForIncomingSocket:28
[ DEBUG  ]   ##   waiting for connection...
[ DEBUG  ]  22:57:35 31 massim.framework.connection.AbstractSocketLoginManager.handleSocket:33
[ DEBUG  ]   ##   retrieving authentication from client 
[ DEBUG  ]   ##   <?xml version="1.0" encoding="UTF-8"?><message type="auth-request"><authentication password="1" username="b1"/></message>
[ NORMAL ]   ##   got authentication: username=b1 password=1 Address=127.0.0.1
[ DEBUG  ]   ##   received socket:Socket[addr=/127.0.0.1,port=44349,localport=12300]
[ DEBUG  ]   ##   got a connection
[ DEBUG  ]  22:57:35 9 massim.framework.connection.InetSocketListener.waitForIncomingSocket:28
[ DEBUG  ]   ##   waiting for connection...
[ DEBUG  ]  22:57:35 34 massim.framework.connection.AbstractSocketLoginManager.handleSocket:33
[ DEBUG  ]   ##   retrieving authentication from client 
[ DEBUG  ]   ##   <?xml version="1.0" encoding="UTF-8"?><message type="auth-request"><authentication password="1" username="b2"/></message>
[ NORMAL ]   ##   got authentication: username=b2 password=1 Address=127.0.0.1
[ DEBUG  ]   ##   received socket:Socket[addr=/127.0.0.1,port=44350,localport=12300]
[ DEBUG  ]   ##   got a connection
[ DEBUG  ]  22:57:35 9 massim.framework.connection.InetSocketListener.waitForIncomingSocket:28
[ DEBUG  ]   ##   waiting for connection...
[ DEBUG  ]  22:57:35 37 massim.framework.connection.AbstractSocketLoginManager.handleSocket:33
[ DEBUG  ]   ##   retrieving authentication from client 
[ DEBUG  ]   ##   <?xml version="1.0" encoding="UTF-8"?><message type="auth-request"><authentication password="1" username="b3"/></message>
[ NORMAL ]   ##   got authentication: username=b3 password=1 Address=127.0.0.1
[ DEBUG  ]   ##   got a connection
[ DEBUG  ]  22:57:36 9 massim.framework.connection.InetSocketListener.waitForIncomingSocket:28
[ DEBUG  ]  22:57:36 38 massim.framework.connection.AbstractSocketLoginManager.handleSocket:33
[ DEBUG  ]   ##   waiting for connection...
[ DEBUG  ]   ##   retrieving authentication from client 
[ DEBUG  ]   ##   received socket:Socket[addr=/127.0.0.1,port=44351,localport=12300]
[ DEBUG  ]   ##   <?xml version="1.0" encoding="UTF-8"?><message type="auth-request"><authentication password="1" username="b4"/></message>
[ NORMAL ]   ##   got authentication: username=b4 password=1 Address=127.0.0.1
[ DEBUG  ]   ##   received socket:Socket[addr=/127.0.0.1,port=44352,localport=12300]
[ DEBUG  ]   ##   got a connection
[ DEBUG  ]  22:57:36 9 massim.framework.connection.InetSocketListener.waitForIncomingSocket:28
[ DEBUG  ]   ##   waiting for connection...
[ DEBUG  ]   ##   got a connection
[ DEBUG  ]  22:57:36 43 massim.framework.connection.AbstractSocketLoginManager.handleSocket:33
[ DEBUG  ]   ##   retrieving authentication from client 
[ DEBUG  ]  22:57:36 9 massim.framework.connection.InetSocketListener.waitForIncomingSocket:28
[ DEBUG  ]   ##   waiting for connection...
[ DEBUG  ]  22:57:36 44 massim.framework.connection.AbstractSocketLoginManager.handleSocket:33
[ DEBUG  ]   ##   got a connection
[ DEBUG  ]   ##   retrieving authentication from client 
[ DEBUG  ]   ##   <?xml version="1.0" encoding="UTF-8"?><message type="auth-request"><authentication password="1" username="b1"/></message>
[ NORMAL ]   ##   got authentication: username=b1 password=1 Address=127.0.0.1
[ DEBUG  ]  22:57:36 9 massim.framework.connection.InetSocketListener.waitForIncomingSocket:28
[ DEBUG  ]   ##   waiting for connection...
[ DEBUG  ]   ##   got a connection
[ DEBUG  ]  22:57:36 45 massim.framework.connection.AbstractSocketLoginManager.handleSocket:33
[ DEBUG  ]   ##   retrieving authentication from client 
[ DEBUG  ]   ##   <?xml version="1.0" encoding="UTF-8"?><message type="auth-request"><authentication password="1" username="a3"/></message>
[ NORMAL ]   ##   got authentication: username=a3 password=1 Address=127.0.0.1
[ DEBUG  ]   ##   received socket:Socket[addr=/127.0.0.1,port=44354,localport=12300]
[ DEBUG  ]   ##   received socket:Socket[addr=/127.0.0.1,port=44353,localport=12300]
[ DEBUG  ]   ##   <?xml version="1.0" encoding="UTF-8"?><message type="auth-request"><authentication password="1" username="b2"/></message>
[ DEBUG  ]  22:57:36 9 massim.framework.connection.InetSocketListener.waitForIncomingSocket:28
[ DEBUG  ]   ##   waiting for connection...
[ NORMAL ]   ##   got authentication: username=b2 password=1 Address=127.0.0.1
[ DEBUG  ]   ##   Thread interrupted.
[ DEBUG  ]   ##   Thread finished successfully.
[ DEBUG  ]   ##   Thread interrupted.
[ DEBUG  ]   ##   Thread finished successfully.
[ DEBUG  ]   ##   received socket:Socket[addr=/127.0.0.1,port=44355,localport=12300]
[ DEBUG  ]   ##   Thread interrupted.
[ DEBUG  ]   ##   Thread finished successfully.
[ DEBUG  ]  22:57:36 46 massim.framework.connection.AbstractSocketLoginManager.handleSocket:33
[ DEBUG  ]   ##   retrieving authentication from client 
[ DEBUG  ]   ##   <?xml version="1.0" encoding="UTF-8"?><message type="auth-request"><authentication password="1" username="a1"/></message>
[ NORMAL ]   ##   got authentication: username=a1 password=1 Address=127.0.0.1
[ DEBUG  ]   ##   got a connection
[ DEBUG  ]  22:57:36 9 massim.framework.connection.InetSocketListener.waitForIncomingSocket:28
[ DEBUG  ]   ##   waiting for connection...
[ DEBUG  ]   ##   received socket:Socket[addr=/127.0.0.1,port=44356,localport=12300]
[ DEBUG  ]   ##   got a connection
[ DEBUG  ]   ##   Thread interrupted.
[ DEBUG  ]   ##   Thread finished successfully.
[ DEBUG  ]  22:57:36 53 massim.framework.connection.AbstractSocketLoginManager.handleSocket:33
[ DEBUG  ]   ##   retrieving authentication from client 
[ DEBUG  ]   ##   <?xml version="1.0" encoding="UTF-8"?><message type="auth-request"><authentication password="1" username="a2"/></message>
[ NORMAL ]   ##   got authentication: username=a2 password=1 Address=127.0.0.1
[ DEBUG  ]   ##   received socket:Socket[addr=/127.0.0.1,port=44357,localport=12300]
[ DEBUG  ]  22:57:36 9 massim.framework.connection.InetSocketListener.waitForIncomingSocket:28
[ DEBUG  ]   ##   waiting for connection...
[ DEBUG  ]   ##   Thread interrupted.
[ DEBUG  ]   ##   Thread finished successfully.
[ DEBUG  ]   ##   got a connection
[ DEBUG  ]  22:57:36 56 massim.framework.connection.AbstractSocketLoginManager.handleSocket:33
[ DEBUG  ]   ##   retrieving authentication from client 
[ DEBUG  ]   ##   <?xml version="1.0" encoding="UTF-8"?><message type="auth-request"><authentication password="1" username="a4"/></message>
[ NORMAL ]   ##   got authentication: username=a4 password=1 Address=127.0.0.1
[ DEBUG  ]  22:57:36 9 massim.framework.connection.InetSocketListener.waitForIncomingSocket:28
[ DEBUG  ]   ##   waiting for connection...
[ DEBUG  ]   ##   got a connection
[ DEBUG  ]   ##   received socket:Socket[addr=/127.0.0.1,port=44358,localport=12300]
[ DEBUG  ]  22:57:36 59 massim.framework.connection.AbstractSocketLoginManager.handleSocket:33
[ DEBUG  ]  22:57:36 9 massim.framework.connection.InetSocketListener.waitForIncomingSocket:28
[ DEBUG  ]   ##   retrieving authentication from client 
[ DEBUG  ]   ##   waiting for connection...
[ DEBUG  ]   ##   Thread interrupted.
[ DEBUG  ]   ##   Thread finished successfully.
[ DEBUG  ]   ##   <?xml version="1.0" encoding="UTF-8"?><message type="auth-request"><authentication password="1" username="b4"/></message>
[ NORMAL ]   ##   got authentication: username=b4 password=1 Address=127.0.0.1
[ DEBUG  ]  22:57:36 60 massim.framework.connection.AbstractSocketLoginManager.handleSocket:33
[ DEBUG  ]   ##   retrieving authentication from client 
[ DEBUG  ]   ##   <?xml version="1.0" encoding="UTF-8"?><message type="auth-request"><authentication password="1" username="b3"/></message>
[ NORMAL ]   ##   got authentication: username=b3 password=1 Address=127.0.0.1
[ DEBUG  ]   ##   received socket:Socket[addr=/127.0.0.1,port=44359,localport=12300]
[ DEBUG  ]   ##   Thread interrupted.
[ DEBUG  ]   ##   Thread finished successfully.
[ DEBUG  ]   ##   received socket:Socket[addr=/127.0.0.1,port=44360,localport=12300]
[ DEBUG  ]   ##   Thread interrupted.
[ DEBUG  ]   ##   Thread finished successfully.
[ NORMAL ]   ##   now playing: A vs B
[ NORMAL ]   ##   ######################### new simulation run ----
[ ERROR  ]   ##   Error in config.
[ NORMAL ]   ##   No random seed specified - taking system time.
[ NORMAL ]   ##   Seed for map generation: 1464400661729
[ DEBUG  ]  22:57:41 1 massim.framework.DefaultObserver.start:18
[ DEBUG  ]  22:57:41 1 massim.framework.DefaultObserver.start:18
[ DEBUG  ]  22:57:41 1 massim.framework.ObjectDumperObserver.start:68
[ DEBUG  ]   ##   creating...
[ DEBUG  ]   ##   binding...
[ DEBUG  ]   ##   bound
[ DEBUG  ]  22:57:41 1 massim.framework.DefaultObserver.notifySimulationConfiguration:30
[ DEBUG  ]  22:57:41 1 massim.framework.DefaultObserver.notifySimulationConfiguration:30
[ DEBUG  ]  22:57:41 1 massim.framework.ObjectDumperObserver.notifySimulationStart:50
[ DEBUG  ]  22:57:41 1 massim.framework.XMLOutputObserver.notifySimulationStart:41
[ DEBUG  ]  22:57:42 1 massim.framework.ObjectDumperObserver.notifySimulationState:57
[ NORMAL ]   ##   No valid document received in time. Returning InvalidAction to a4
[ NORMAL ]   ##   No valid document received in time. Returning InvalidAction to b1
[ NORMAL ]   ##   No valid document received in time. Returning InvalidAction to b3
[ NORMAL ]   ##   No valid document received in time. Returning InvalidAction to a3
[ NORMAL ]   ##   No valid document received in time. Returning InvalidAction to a2
[ NORMAL ]   ##   Simulation at step: 1
[ DEBUG  ]  22:57:46 1 massim.framework.ObjectDumperObserver.notifySimulationState:57
[ NORMAL ]   ##   Simulation at step: 2
[ DEBUG  ]  22:57:46 1 massim.framework.ObjectDumperObserver.notifySimulationState:57
[ NORMAL ]   ##   Simulation at step: 3
[ DEBUG  ]  22:57:47 1 massim.framework.ObjectDumperObserver.notifySimulationState:57
[ NORMAL ]   ##   Simulation at step: 4
[ DEBUG  ]  22:57:47 1 massim.framework.ObjectDumperObserver.notifySimulationState:57
[ NORMAL ]   ##   Simulation at step: 5
[ DEBUG  ]  22:57:47 1 massim.framework.ObjectDumperObserver.notifySimulationState:57
[ NORMAL ]   ##   Simulation at step: 6
[ DEBUG  ]  22:57:47 1 massim.framework.ObjectDumperObserver.notifySimulationState:57
[ NORMAL ]   ##   Simulation at step: 7
[ DEBUG  ]  22:57:48 1 massim.framework.ObjectDumperObserver.notifySimulationState:57
[ NORMAL ]   ##   Simulation at step: 8
[ DEBUG  ]  22:57:48 1 massim.framework.ObjectDumperObserver.notifySimulationState:57
[ NORMAL ]   ##   Simulation at step: 9
[ DEBUG  ]  22:57:48 1 massim.framework.ObjectDumperObserver.notifySimulationState:57
[ NORMAL ]   ##   Simulation at step: 10
[ DEBUG  ]  22:57:48 1 massim.framework.ObjectDumperObserver.notifySimulationState:57
[ NORMAL ]   ##   Simulation at step: 11
[ DEBUG  ]  22:57:49 1 massim.framework.ObjectDumperObserver.notifySimulationState:57
[ NORMAL ]   ##   Simulation at step: 12
[ DEBUG  ]  22:57:49 1 massim.framework.ObjectDumperObserver.notifySimulationState:57
[ NORMAL ]   ##   Simulation at step: 13
[ DEBUG  ]  22:57:49 1 massim.framework.ObjectDumperObserver.notifySimulationState:57
[ NORMAL ]   ##   Simulation at step: 14
[ DEBUG  ]  22:57:49 1 massim.framework.ObjectDumperObserver.notifySimulationState:57
[ NORMAL ]   ##   Simulation at step: 15
[ DEBUG  ]  22:57:49 1 massim.framework.ObjectDumperObserver.notifySimulationState:57
[ NORMAL ]   ##   Simulation at step: 16
[ DEBUG  ]  22:57:50 1 massim.framework.ObjectDumperObserver.notifySimulationState:57
[ NORMAL ]   ##   Simulation at step: 17
[ DEBUG  ]  22:57:50 1 massim.framework.ObjectDumperObserver.notifySimulationState:57
[ NORMAL ]   ##   Simulation at step: 18
[ DEBUG  ]  22:57:50 1 massim.framework.ObjectDumperObserver.notifySimulationState:57
[ NORMAL ]   ##   Simulation at step: 19
[ DEBUG  ]  22:57:50 1 massim.framework.ObjectDumperObserver.notifySimulationState:57
[ NORMAL ]   ##   Simulation at step: 20
[ DEBUG  ]  22:57:50 1 massim.framework.ObjectDumperObserver.notifySimulationState:57
[ NORMAL ]   ##   Simulation at step: 21
[ DEBUG  ]  22:57:50 1 massim.framework.ObjectDumperObserver.notifySimulationState:57
[ NORMAL ]   ##   Simulation at step: 22
[ DEBUG  ]  22:57:51 1 massim.framework.ObjectDumperObserver.notifySimulationState:57
[ NORMAL ]   ##   Simulation at step: 23
[ DEBUG  ]  22:57:51 1 massim.framework.ObjectDumperObserver.notifySimulationState:57
[ NORMAL ]   ##   Simulation at step: 24
[ DEBUG  ]  22:57:51 1 massim.framework.ObjectDumperObserver.notifySimulationState:57
[ NORMAL ]   ##   Simulation at step: 25
[ DEBUG  ]  22:57:51 1 massim.framework.ObjectDumperObserver.notifySimulationState:57
[ NORMAL ]   ##   Simulation at step: 26
[ DEBUG  ]  22:57:51 1 massim.framework.ObjectDumperObserver.notifySimulationState:57
[ NORMAL ]   ##   Simulation at step: 27
[ DEBUG  ]  22:57:52 1 massim.framework.ObjectDumperObserver.notifySimulationState:57
[ NORMAL ]   ##   Simulation at step: 28
[ DEBUG  ]  22:57:52 1 massim.framework.ObjectDumperObserver.notifySimulationState:57
[ NORMAL ]   ##   Simulation at step: 29
[ DEBUG  ]  22:57:52 1 massim.framework.ObjectDumperObserver.notifySimulationState:57
[ NORMAL ]   ##   Simulation at step: 30
[ DEBUG  ]  22:57:52 1 massim.framework.ObjectDumperObserver.notifySimulationState:57
[ NORMAL ]   ##   Simulation at step: 31
[ DEBUG  ]  22:57:52 1 massim.framework.ObjectDumperObserver.notifySimulationState:57
[ NORMAL ]   ##   Simulation at step: 32
[ DEBUG  ]  22:57:52 1 massim.framework.ObjectDumperObserver.notifySimulationState:57
[ NORMAL ]   ##   Simulation at step: 33
[ DEBUG  ]  22:57:53 1 massim.framework.ObjectDumperObserver.notifySimulationState:57
[ NORMAL ]   ##   Simulation at step: 34
[ DEBUG  ]  22:57:53 1 massim.framework.ObjectDumperObserver.notifySimulationState:57
[ NORMAL ]   ##   Simulation at step: 35
[ DEBUG  ]  22:57:53 1 massim.framework.ObjectDumperObserver.notifySimulationState:57
[ NORMAL ]   ##   Simulation at step: 36
[ DEBUG  ]  22:57:53 1 massim.framework.ObjectDumperObserver.notifySimulationState:57
[ NORMAL ]   ##   Simulation at step: 37
[ DEBUG  ]  22:57:53 1 massim.framework.ObjectDumperObserver.notifySimulationState:57
[ NORMAL ]   ##   Simulation at step: 38
[ DEBUG  ]  22:57:54 1 massim.framework.ObjectDumperObserver.notifySimulationState:57
[ NORMAL ]   ##   Simulation at step: 39
[ DEBUG  ]  22:57:54 1 massim.framework.ObjectDumperObserver.notifySimulationState:57
[ NORMAL ]   ##   Simulation at step: 40
[ DEBUG  ]  22:57:54 1 massim.framework.ObjectDumperObserver.notifySimulationState:57
[ NORMAL ]   ##   Simulation at step: 41
[ DEBUG  ]  22:57:54 1 massim.framework.ObjectDumperObserver.notifySimulationState:57
[ NORMAL ]   ##   Simulation at step: 42
[ DEBUG  ]  22:57:54 1 massim.framework.ObjectDumperObserver.notifySimulationState:57
[ NORMAL ]   ##   Simulation at step: 43
[ DEBUG  ]  22:57:55 1 massim.framework.ObjectDumperObserver.notifySimulationState:57
[ NORMAL ]   ##   Simulation at step: 44
[ DEBUG  ]  22:57:55 1 massim.framework.ObjectDumperObserver.notifySimulationState:57
[ NORMAL ]   ##   Simulation at step: 45
[ DEBUG  ]  22:57:55 1 massim.framework.ObjectDumperObserver.notifySimulationState:57
[ NORMAL ]   ##   Simulation at step: 46
[ DEBUG  ]  22:57:55 1 massim.framework.ObjectDumperObserver.notifySimulationState:57
[ NORMAL ]   ##   Simulation at step: 47
[ DEBUG  ]  22:57:55 1 massim.framework.ObjectDumperObserver.notifySimulationState:57
[ NORMAL ]   ##   Simulation at step: 48
[ DEBUG  ]  22:57:55 1 massim.framework.ObjectDumperObserver.notifySimulationState:57
[ NORMAL ]   ##   Simulation at step: 49
[ DEBUG  ]  22:57:56 1 massim.framework.ObjectDumperObserver.notifySimulationState:57
[ NORMAL ]   ##   Simulation at step: 50
[ DEBUG  ]  22:57:56 1 massim.framework.ObjectDumperObserver.notifySimulationState:57
[ NORMAL ]   ##   Simulation at step: 51
[ DEBUG  ]  22:57:56 1 massim.framework.ObjectDumperObserver.notifySimulationState:57
[ NORMAL ]   ##   Simulation at step: 52
[ DEBUG  ]  22:57:56 1 massim.framework.ObjectDumperObserver.notifySimulationState:57
[ NORMAL ]   ##   Simulation at step: 53
[ DEBUG  ]  22:57:56 1 massim.framework.ObjectDumperObserver.notifySimulationState:57
[ NORMAL ]   ##   Simulation at step: 54
[ DEBUG  ]  22:57:56 1 massim.framework.ObjectDumperObserver.notifySimulationState:57
[ NORMAL ]   ##   Simulation at step: 55
[ DEBUG  ]  22:57:57 1 massim.framework.ObjectDumperObserver.notifySimulationState:57
[ NORMAL ]   ##   Simulation at step: 56
[ DEBUG  ]  22:57:57 1 massim.framework.ObjectDumperObserver.notifySimulationState:57
[ NORMAL ]   ##   Simulation at step: 57
[ DEBUG  ]  22:57:57 1 massim.framework.ObjectDumperObserver.notifySimulationState:57
[ NORMAL ]   ##   Simulation at step: 58
[ DEBUG  ]  22:57:57 1 massim.framework.ObjectDumperObserver.notifySimulationState:57
[ NORMAL ]   ##   Simulation at step: 59
[ DEBUG  ]  22:57:57 1 massim.framework.ObjectDumperObserver.notifySimulationState:57
[ NORMAL ]   ##   Simulation at step: 60
[ DEBUG  ]  22:57:57 1 massim.framework.ObjectDumperObserver.notifySimulationState:57
[ NORMAL ]   ##   Simulation at step: 61
[ DEBUG  ]  22:57:58 1 massim.framework.ObjectDumperObserver.notifySimulationState:57
[ NORMAL ]   ##   Simulation at step: 62
[ DEBUG  ]  22:57:58 1 massim.framework.ObjectDumperObserver.notifySimulationState:57
[ NORMAL ]   ##   Simulation at step: 63
[ DEBUG  ]  22:57:58 1 massim.framework.ObjectDumperObserver.notifySimulationState:57
[ NORMAL ]   ##   Simulation at step: 64
[ DEBUG  ]  22:57:58 1 massim.framework.ObjectDumperObserver.notifySimulationState:57
[ NORMAL ]   ##   Simulation at step: 65
[ DEBUG  ]  22:57:58 1 massim.framework.ObjectDumperObserver.notifySimulationState:57
[ NORMAL ]   ##   Simulation at step: 66
[ DEBUG  ]  22:57:58 1 massim.framework.ObjectDumperObserver.notifySimulationState:57
[ NORMAL ]   ##   Simulation at step: 67
[ DEBUG  ]  22:57:58 1 massim.framework.ObjectDumperObserver.notifySimulationState:57
[ NORMAL ]   ##   Simulation at step: 68
[ DEBUG  ]  22:57:59 1 massim.framework.ObjectDumperObserver.notifySimulationState:57
[ NORMAL ]   ##   Simulation at step: 69
[ DEBUG  ]  22:57:59 1 massim.framework.ObjectDumperObserver.notifySimulationState:57
[ NORMAL ]   ##   Simulation at step: 70
[ DEBUG  ]  22:57:59 1 massim.framework.ObjectDumperObserver.notifySimulationState:57
[ NORMAL ]   ##   Simulation at step: 71
[ DEBUG  ]  22:57:59 1 massim.framework.ObjectDumperObserver.notifySimulationState:57
[ NORMAL ]   ##   Simulation at step: 72
[ DEBUG  ]  22:57:59 1 massim.framework.ObjectDumperObserver.notifySimulationState:57
[ NORMAL ]   ##   Simulation at step: 73
[ DEBUG  ]  22:57:59 1 massim.framework.ObjectDumperObserver.notifySimulationState:57
[ NORMAL ]   ##   Simulation at step: 74
[ DEBUG  ]  22:57:59 1 massim.framework.ObjectDumperObserver.notifySimulationState:57
[ NORMAL ]   ##   Simulation at step: 75
[ DEBUG  ]  22:57:59 1 massim.framework.ObjectDumperObserver.notifySimulationState:57
[ NORMAL ]   ##   Simulation at step: 76
[ DEBUG  ]  22:58:00 1 massim.framework.ObjectDumperObserver.notifySimulationState:57
[ NORMAL ]   ##   Simulation at step: 77
[ DEBUG  ]  22:58:00 1 massim.framework.ObjectDumperObserver.notifySimulationState:57
[ NORMAL ]   ##   Simulation at step: 78
[ DEBUG  ]  22:58:00 1 massim.framework.ObjectDumperObserver.notifySimulationState:57
[ NORMAL ]   ##   Simulation at step: 79
[ DEBUG  ]  22:58:00 1 massim.framework.ObjectDumperObserver.notifySimulationState:57
[ NORMAL ]   ##   Simulation at step: 80
[ DEBUG  ]  22:58:00 1 massim.framework.ObjectDumperObserver.notifySimulationState:57
[ NORMAL ]   ##   Simulation at step: 81
[ DEBUG  ]  22:58:00 1 massim.framework.ObjectDumperObserver.notifySimulationState:57
[ NORMAL ]   ##   Simulation at step: 82
[ DEBUG  ]  22:58:00 1 massim.framework.ObjectDumperObserver.notifySimulationState:57
[ NORMAL ]   ##   Simulation at step: 83
[ DEBUG  ]  22:58:00 1 massim.framework.ObjectDumperObserver.notifySimulationState:57
[ NORMAL ]   ##   Simulation at step: 84
[ DEBUG  ]  22:58:01 1 massim.framework.ObjectDumperObserver.notifySimulationState:57
[ NORMAL ]   ##   Simulation at step: 85
[ DEBUG  ]  22:58:01 1 massim.framework.ObjectDumperObserver.notifySimulationState:57
[ NORMAL ]   ##   Simulation at step: 86
[ DEBUG  ]  22:58:01 1 massim.framework.ObjectDumperObserver.notifySimulationState:57
[ NORMAL ]   ##   Simulation at step: 87
[ DEBUG  ]  22:58:01 1 massim.framework.ObjectDumperObserver.notifySimulationState:57
[ NORMAL ]   ##   Simulation at step: 88
[ DEBUG  ]  22:58:01 1 massim.framework.ObjectDumperObserver.notifySimulationState:57
[ NORMAL ]   ##   Simulation at step: 89
[ DEBUG  ]  22:58:01 1 massim.framework.ObjectDumperObserver.notifySimulationState:57
[ NORMAL ]   ##   Simulation at step: 90
[ DEBUG  ]  22:58:01 1 massim.framework.ObjectDumperObserver.notifySimulationState:57
[ NORMAL ]   ##   Simulation at step: 91
[ DEBUG  ]  22:58:01 1 massim.framework.ObjectDumperObserver.notifySimulationState:57
[ NORMAL ]   ##   Simulation at step: 92
[ DEBUG  ]  22:58:01 1 massim.framework.ObjectDumperObserver.notifySimulationState:57
[ NORMAL ]   ##   Simulation at step: 93
[ DEBUG  ]  22:58:02 1 massim.framework.ObjectDumperObserver.notifySimulationState:57
[ NORMAL ]   ##   Simulation at step: 94
[ DEBUG  ]  22:58:02 1 massim.framework.ObjectDumperObserver.notifySimulationState:57
[ NORMAL ]   ##   Simulation at step: 95
[ DEBUG  ]  22:58:02 1 massim.framework.ObjectDumperObserver.notifySimulationState:57
[ NORMAL ]   ##   Simulation at step: 96
[ DEBUG  ]  22:58:02 1 massim.framework.ObjectDumperObserver.notifySimulationState:57
[ NORMAL ]   ##   Simulation at step: 97
[ DEBUG  ]  22:58:02 1 massim.framework.ObjectDumperObserver.notifySimulationState:57
[ NORMAL ]   ##   Simulation at step: 98
[ DEBUG  ]  22:58:02 1 massim.framework.ObjectDumperObserver.notifySimulationState:57
[ NORMAL ]   ##   Simulation at step: 99
[ DEBUG  ]  22:58:03 1 massim.framework.ObjectDumperObserver.notifySimulationState:57
[ NORMAL ]   ##   Simulation at step: 100
[ DEBUG  ]  22:58:03 1 massim.framework.ObjectDumperObserver.notifySimulationState:57
[ NORMAL ]   ##   Simulation at step: 101
[ DEBUG  ]  22:58:03 1 massim.framework.ObjectDumperObserver.notifySimulationState:57
[ NORMAL ]   ##   Simulation at step: 102
[ DEBUG  ]  22:58:03 1 massim.framework.ObjectDumperObserver.notifySimulationState:57
[ NORMAL ]   ##   Simulation at step: 103
[ DEBUG  ]  22:58:04 1 massim.framework.ObjectDumperObserver.notifySimulationState:57
[ NORMAL ]   ##   Simulation at step: 104
[ DEBUG  ]  22:58:04 1 massim.framework.ObjectDumperObserver.notifySimulationState:57
[ NORMAL ]   ##   Simulation at step: 105
[ DEBUG  ]  22:58:04 1 massim.framework.ObjectDumperObserver.notifySimulationState:57
[ NORMAL ]   ##   Simulation at step: 106
[ DEBUG  ]  22:58:04 1 massim.framework.ObjectDumperObserver.notifySimulationState:57
[ NORMAL ]   ##   Simulation at step: 107
[ DEBUG  ]  22:58:04 1 massim.framework.ObjectDumperObserver.notifySimulationState:57
[ NORMAL ]   ##   Simulation at step: 108
[ DEBUG  ]  22:58:04 1 massim.framework.ObjectDumperObserver.notifySimulationState:57
[ NORMAL ]   ##   Simulation at step: 109
[ DEBUG  ]  22:58:05 1 massim.framework.ObjectDumperObserver.notifySimulationState:57
[ NORMAL ]   ##   Simulation at step: 110
[ DEBUG  ]  22:58:05 1 massim.framework.ObjectDumperObserver.notifySimulationState:57
[ NORMAL ]   ##   Simulation at step: 111
[ DEBUG  ]  22:58:05 1 massim.framework.ObjectDumperObserver.notifySimulationState:57
[ NORMAL ]   ##   Simulation at step: 112
[ DEBUG  ]  22:58:05 1 massim.framework.ObjectDumperObserver.notifySimulationState:57
[ NORMAL ]   ##   Simulation at step: 113
[ DEBUG  ]  22:58:05 1 massim.framework.ObjectDumperObserver.notifySimulationState:57
[ NORMAL ]   ##   Simulation at step: 114
[ DEBUG  ]  22:58:05 1 massim.framework.ObjectDumperObserver.notifySimulationState:57
[ NORMAL ]   ##   Simulation at step: 115
[ DEBUG  ]  22:58:06 1 massim.framework.ObjectDumperObserver.notifySimulationState:57
[ NORMAL ]   ##   Simulation at step: 116
[ DEBUG  ]  22:58:06 1 massim.framework.ObjectDumperObserver.notifySimulationState:57
[ NORMAL ]   ##   Simulation at step: 117
[ DEBUG  ]  22:58:06 1 massim.framework.ObjectDumperObserver.notifySimulationState:57
[ NORMAL ]   ##   Simulation at step: 118
[ DEBUG  ]  22:58:06 1 massim.framework.ObjectDumperObserver.notifySimulationState:57
[ NORMAL ]   ##   Simulation at step: 119
[ DEBUG  ]  22:58:06 1 massim.framework.ObjectDumperObserver.notifySimulationState:57
[ NORMAL ]   ##   Simulation at step: 120
[ DEBUG  ]  22:58:07 1 massim.framework.ObjectDumperObserver.notifySimulationState:57
[ NORMAL ]   ##   Simulation at step: 121
[ DEBUG  ]  22:58:07 1 massim.framework.ObjectDumperObserver.notifySimulationState:57
[ NORMAL ]   ##   Simulation at step: 122
[ DEBUG  ]  22:58:07 1 massim.framework.ObjectDumperObserver.notifySimulationState:57
[ NORMAL ]   ##   Simulation at step: 123
[ DEBUG  ]  22:58:07 1 massim.framework.ObjectDumperObserver.notifySimulationState:57
[ NORMAL ]   ##   Simulation at step: 124
[ DEBUG  ]  22:58:07 1 massim.framework.ObjectDumperObserver.notifySimulationState:57
[ NORMAL ]   ##   Simulation at step: 125
[ DEBUG  ]  22:58:08 1 massim.framework.ObjectDumperObserver.notifySimulationState:57
[ NORMAL ]   ##   Simulation at step: 126
[ DEBUG  ]  22:58:08 1 massim.framework.ObjectDumperObserver.notifySimulationState:57
[ NORMAL ]   ##   Simulation at step: 127
[ DEBUG  ]  22:58:08 1 massim.framework.ObjectDumperObserver.notifySimulationState:57
[ NORMAL ]   ##   Simulation at step: 128
[ DEBUG  ]  22:58:08 1 massim.framework.ObjectDumperObserver.notifySimulationState:57
[ NORMAL ]   ##   Simulation at step: 129
[ DEBUG  ]  22:58:09 1 massim.framework.ObjectDumperObserver.notifySimulationState:57
[ NORMAL ]   ##   Simulation at step: 130
[ DEBUG  ]  22:58:09 1 massim.framework.ObjectDumperObserver.notifySimulationState:57
[ NORMAL ]   ##   Simulation at step: 131
[ DEBUG  ]  22:58:09 1 massim.framework.ObjectDumperObserver.notifySimulationState:57
[ NORMAL ]   ##   Simulation at step: 132
[ DEBUG  ]  22:58:09 1 massim.framework.ObjectDumperObserver.notifySimulationState:57
[ NORMAL ]   ##   Simulation at step: 133
[ DEBUG  ]  22:58:09 1 massim.framework.ObjectDumperObserver.notifySimulationState:57
[ NORMAL ]   ##   Simulation at step: 134
[ DEBUG  ]  22:58:10 1 massim.framework.ObjectDumperObserver.notifySimulationState:57
[ NORMAL ]   ##   Simulation at step: 135
[ DEBUG  ]  22:58:10 1 massim.framework.ObjectDumperObserver.notifySimulationState:57
[ NORMAL ]   ##   Simulation at step: 136
[ DEBUG  ]  22:58:10 1 massim.framework.ObjectDumperObserver.notifySimulationState:57
[ NORMAL ]   ##   Simulation at step: 137
[ DEBUG  ]  22:58:10 1 massim.framework.ObjectDumperObserver.notifySimulationState:57
[ NORMAL ]   ##   Simulation at step: 138
[ DEBUG  ]  22:58:10 1 massim.framework.ObjectDumperObserver.notifySimulationState:57
[ NORMAL ]   ##   Simulation at step: 139
[ DEBUG  ]  22:58:11 1 massim.framework.ObjectDumperObserver.notifySimulationState:57
[ NORMAL ]   ##   Simulation at step: 140
[ DEBUG  ]  22:58:11 1 massim.framework.ObjectDumperObserver.notifySimulationState:57
[ NORMAL ]   ##   Simulation at step: 141
[ DEBUG  ]  22:58:11 1 massim.framework.ObjectDumperObserver.notifySimulationState:57
[ NORMAL ]   ##   Simulation at step: 142
[ DEBUG  ]  22:58:11 1 massim.framework.ObjectDumperObserver.notifySimulationState:57
[ NORMAL ]   ##   Simulation at step: 143
[ DEBUG  ]  22:58:11 1 massim.framework.ObjectDumperObserver.notifySimulationState:57
[ NORMAL ]   ##   Simulation at step: 144
[ DEBUG  ]  22:58:12 1 massim.framework.ObjectDumperObserver.notifySimulationState:57
[ NORMAL ]   ##   Simulation at step: 145
[ DEBUG  ]  22:58:12 1 massim.framework.ObjectDumperObserver.notifySimulationState:57
[ NORMAL ]   ##   Simulation at step: 146
[ DEBUG  ]  22:58:12 1 massim.framework.ObjectDumperObserver.notifySimulationState:57
[ NORMAL ]   ##   Simulation at step: 147
[ DEBUG  ]  22:58:12 1 massim.framework.ObjectDumperObserver.notifySimulationState:57
[ NORMAL ]   ##   Simulation at step: 148
[ DEBUG  ]  22:58:12 1 massim.framework.ObjectDumperObserver.notifySimulationState:57
[ NORMAL ]   ##   Simulation at step: 149
[ DEBUG  ]  22:58:13 1 massim.framework.ObjectDumperObserver.notifySimulationState:57
[ NORMAL ]   ##   Simulation at step: 150
[ DEBUG  ]  22:58:13 1 massim.framework.ObjectDumperObserver.notifySimulationState:57
[ NORMAL ]   ##   Simulation at step: 151
[ DEBUG  ]  22:58:13 1 massim.framework.ObjectDumperObserver.notifySimulationState:57
[ NORMAL ]   ##   Simulation at step: 152
[ DEBUG  ]  22:58:13 1 massim.framework.ObjectDumperObserver.notifySimulationState:57
[ NORMAL ]   ##   Simulation at step: 153
[ DEBUG  ]  22:58:14 1 massim.framework.ObjectDumperObserver.notifySimulationState:57
[ NORMAL ]   ##   Simulation at step: 154
[ DEBUG  ]  22:58:14 1 massim.framework.ObjectDumperObserver.notifySimulationState:57
[ NORMAL ]   ##   Simulation at step: 155
[ DEBUG  ]  22:58:14 1 massim.framework.ObjectDumperObserver.notifySimulationState:57
[ NORMAL ]   ##   Simulation at step: 156
[ DEBUG  ]  22:58:14 1 massim.framework.ObjectDumperObserver.notifySimulationState:57
[ NORMAL ]   ##   Simulation at step: 157
[ DEBUG  ]  22:58:14 1 massim.framework.ObjectDumperObserver.notifySimulationState:57
[ NORMAL ]   ##   Simulation at step: 158
[ DEBUG  ]  22:58:14 1 massim.framework.ObjectDumperObserver.notifySimulationState:57
[ NORMAL ]   ##   Simulation at step: 159
[ DEBUG  ]  22:58:14 1 massim.framework.ObjectDumperObserver.notifySimulationState:57
[ NORMAL ]   ##   Simulation at step: 160
[ DEBUG  ]  22:58:15 1 massim.framework.ObjectDumperObserver.notifySimulationState:57
[ NORMAL ]   ##   Simulation at step: 161
[ DEBUG  ]  22:58:15 1 massim.framework.ObjectDumperObserver.notifySimulationState:57
[ NORMAL ]   ##   Simulation at step: 162
[ DEBUG  ]  22:58:15 1 massim.framework.ObjectDumperObserver.notifySimulationState:57
[ NORMAL ]   ##   Simulation at step: 163
[ DEBUG  ]  22:58:15 1 massim.framework.ObjectDumperObserver.notifySimulationState:57
[ NORMAL ]   ##   Simulation at step: 164
[ DEBUG  ]  22:58:15 1 massim.framework.ObjectDumperObserver.notifySimulationState:57
[ NORMAL ]   ##   Simulation at step: 165
[ DEBUG  ]  22:58:15 1 massim.framework.ObjectDumperObserver.notifySimulationState:57
[ NORMAL ]   ##   Simulation at step: 166
[ DEBUG  ]  22:58:15 1 massim.framework.ObjectDumperObserver.notifySimulationState:57
[ NORMAL ]   ##   Simulation at step: 167
[ DEBUG  ]  22:58:16 1 massim.framework.ObjectDumperObserver.notifySimulationState:57
[ NORMAL ]   ##   Simulation at step: 168
[ DEBUG  ]  22:58:16 1 massim.framework.ObjectDumperObserver.notifySimulationState:57
[ NORMAL ]   ##   Simulation at step: 169
[ DEBUG  ]  22:58:16 1 massim.framework.ObjectDumperObserver.notifySimulationState:57
[ NORMAL ]   ##   Simulation at step: 170
[ DEBUG  ]  22:58:16 1 massim.framework.ObjectDumperObserver.notifySimulationState:57
