[ DEBUG  ]   ##   Server configured.
[ NORMAL ]   ##   Connected to rmiregistry at localhost on port 1099
[ DEBUG  ]  14:44:21 9 massim.framework.connection.InetSocketListener.waitForIncomingSocket:28
[ DEBUG  ]   ##   waiting for connection...
[ DEBUG  ]   ##   RMI HOST: localhost
[ DEBUG  ]   ##   RMI PORT: 1099
[ NORMAL ]   ##   Please press ENTER to start the tournament.
[ DEBUG  ]   ##   got a connection
[ DEBUG  ]  14:44:24 9 massim.framework.connection.InetSocketListener.waitForIncomingSocket:28
[ DEBUG  ]  14:44:24 19 massim.framework.connection.AbstractSocketLoginManager.handleSocket:33
[ DEBUG  ]   ##   waiting for connection...
[ DEBUG  ]   ##   retrieving authentication from client 
[ DEBUG  ]   ##   <?xml version="1.0" encoding="UTF-8"?><message type="auth-request"><authentication password="1" username="a1"/></message>
[ NORMAL ]   ##   got authentication: username=a1 password=1 Address=127.0.0.1
[ DEBUG  ]   ##   received socket:Socket[addr=/127.0.0.1,port=56846,localport=12300]
[ DEBUG  ]   ##   got a connection
[ DEBUG  ]  14:44:24 9 massim.framework.connection.InetSocketListener.waitForIncomingSocket:28
[ DEBUG  ]   ##   waiting for connection...
[ DEBUG  ]  14:44:24 22 massim.framework.connection.AbstractSocketLoginManager.handleSocket:33
[ DEBUG  ]   ##   retrieving authentication from client 
[ DEBUG  ]   ##   <?xml version="1.0" encoding="UTF-8"?><message type="auth-request"><authentication password="1" username="a2"/></message>
[ NORMAL ]   ##   got authentication: username=a2 password=1 Address=127.0.0.1
[ DEBUG  ]   ##   received socket:Socket[addr=/127.0.0.1,port=56847,localport=12300]
[ DEBUG  ]   ##   got a connection
[ DEBUG  ]  14:44:24 9 massim.framework.connection.InetSocketListener.waitForIncomingSocket:28
[ DEBUG  ]  14:44:24 25 massim.framework.connection.AbstractSocketLoginManager.handleSocket:33
[ DEBUG  ]   ##   waiting for connection...
[ DEBUG  ]   ##   retrieving authentication from client 
[ DEBUG  ]   ##   <?xml version="1.0" encoding="UTF-8"?><message type="auth-request"><authentication password="1" username="a3"/></message>
[ NORMAL ]   ##   got authentication: username=a3 password=1 Address=127.0.0.1
[ DEBUG  ]   ##   received socket:Socket[addr=/127.0.0.1,port=56848,localport=12300]
[ DEBUG  ]   ##   got a connection
[ DEBUG  ]  14:44:24 9 massim.framework.connection.InetSocketListener.waitForIncomingSocket:28
[ DEBUG  ]   ##   waiting for connection...
[ DEBUG  ]  14:44:24 27 massim.framework.connection.AbstractSocketLoginManager.handleSocket:33
[ DEBUG  ]   ##   retrieving authentication from client 
[ DEBUG  ]   ##   <?xml version="1.0" encoding="UTF-8"?><message type="auth-request"><authentication password="1" username="a4"/></message>
[ NORMAL ]   ##   got authentication: username=a4 password=1 Address=127.0.0.1
[ DEBUG  ]   ##   got a connection
[ DEBUG  ]  14:44:25 9 massim.framework.connection.InetSocketListener.waitForIncomingSocket:28
[ DEBUG  ]   ##   waiting for connection...
[ DEBUG  ]   ##   received socket:Socket[addr=/127.0.0.1,port=56849,localport=12300]
[ DEBUG  ]  14:44:25 29 massim.framework.connection.AbstractSocketLoginManager.handleSocket:33
[ DEBUG  ]   ##   retrieving authentication from client 
[ DEBUG  ]   ##   <?xml version="1.0" encoding="UTF-8"?><message type="auth-request"><authentication password="1" username="b1"/></message>
[ NORMAL ]   ##   got authentication: username=b1 password=1 Address=127.0.0.1
[ DEBUG  ]   ##   received socket:Socket[addr=/127.0.0.1,port=56850,localport=12300]
[ DEBUG  ]   ##   got a connection
[ DEBUG  ]  14:44:25 9 massim.framework.connection.InetSocketListener.waitForIncomingSocket:28
[ DEBUG  ]   ##   waiting for connection...
[ DEBUG  ]  14:44:25 34 massim.framework.connection.AbstractSocketLoginManager.handleSocket:33
[ DEBUG  ]   ##   retrieving authentication from client 
[ DEBUG  ]   ##   <?xml version="1.0" encoding="UTF-8"?><message type="auth-request"><authentication password="1" username="b2"/></message>
[ NORMAL ]   ##   got authentication: username=b2 password=1 Address=127.0.0.1
[ DEBUG  ]   ##   got a connection
[ DEBUG  ]   ##   received socket:Socket[addr=/127.0.0.1,port=56851,localport=12300]
[ DEBUG  ]  14:44:25 9 massim.framework.connection.InetSocketListener.waitForIncomingSocket:28
[ DEBUG  ]   ##   waiting for connection...
[ DEBUG  ]  14:44:25 35 massim.framework.connection.AbstractSocketLoginManager.handleSocket:33
[ DEBUG  ]   ##   retrieving authentication from client 
[ DEBUG  ]   ##   <?xml version="1.0" encoding="UTF-8"?><message type="auth-request"><authentication password="1" username="b3"/></message>
[ NORMAL ]   ##   got authentication: username=b3 password=1 Address=127.0.0.1
[ DEBUG  ]   ##   received socket:Socket[addr=/127.0.0.1,port=56852,localport=12300]
[ DEBUG  ]   ##   got a connection
[ DEBUG  ]  14:44:25 9 massim.framework.connection.InetSocketListener.waitForIncomingSocket:28
[ DEBUG  ]  14:44:25 40 massim.framework.connection.AbstractSocketLoginManager.handleSocket:33
[ DEBUG  ]   ##   waiting for connection...
[ DEBUG  ]   ##   retrieving authentication from client 
[ DEBUG  ]   ##   <?xml version="1.0" encoding="UTF-8"?><message type="auth-request"><authentication password="1" username="b4"/></message>
[ NORMAL ]   ##   got authentication: username=b4 password=1 Address=127.0.0.1
[ DEBUG  ]   ##   received socket:Socket[addr=/127.0.0.1,port=56853,localport=12300]
[ DEBUG  ]   ##   got a connection
[ DEBUG  ]  14:44:26 9 massim.framework.connection.InetSocketListener.waitForIncomingSocket:28
[ DEBUG  ]   ##   waiting for connection...
[ DEBUG  ]   ##   got a connection
[ DEBUG  ]  14:44:26 43 massim.framework.connection.AbstractSocketLoginManager.handleSocket:33
[ DEBUG  ]   ##   retrieving authentication from client 
[ DEBUG  ]  14:44:26 9 massim.framework.connection.InetSocketListener.waitForIncomingSocket:28
[ DEBUG  ]  14:44:26 44 massim.framework.connection.AbstractSocketLoginManager.handleSocket:33
[ DEBUG  ]   ##   waiting for connection...
[ DEBUG  ]   ##   retrieving authentication from client 
[ DEBUG  ]   ##   got a connection
[ DEBUG  ]   ##   <?xml version="1.0" encoding="UTF-8"?><message type="auth-request"><authentication password="1" username="a1"/></message>
[ NORMAL ]   ##   got authentication: username=a1 password=1 Address=127.0.0.1
[ DEBUG  ]  14:44:26 9 massim.framework.connection.InetSocketListener.waitForIncomingSocket:28
[ DEBUG  ]   ##   waiting for connection...
[ DEBUG  ]  14:44:26 45 massim.framework.connection.AbstractSocketLoginManager.handleSocket:33
[ DEBUG  ]   ##   retrieving authentication from client 
[ DEBUG  ]   ##   <?xml version="1.0" encoding="UTF-8"?><message type="auth-request"><authentication password="1" username="b4"/></message>
[ DEBUG  ]   ##   <?xml version="1.0" encoding="UTF-8"?><message type="auth-request"><authentication password="1" username="b2"/></message>
[ DEBUG  ]   ##   received socket:Socket[addr=/127.0.0.1,port=56855,localport=12300]
[ NORMAL ]   ##   got authentication: username=b2 password=1 Address=127.0.0.1
[ DEBUG  ]   ##   Thread interrupted.
[ DEBUG  ]   ##   Thread finished successfully.
[ NORMAL ]   ##   got authentication: username=b4 password=1 Address=127.0.0.1
[ DEBUG  ]   ##   received socket:Socket[addr=/127.0.0.1,port=56856,localport=12300]
[ DEBUG  ]   ##   received socket:Socket[addr=/127.0.0.1,port=56854,localport=12300]
[ DEBUG  ]   ##   Thread interrupted.
[ DEBUG  ]   ##   Thread finished successfully.
[ DEBUG  ]   ##   Thread interrupted.
[ DEBUG  ]   ##   Thread finished successfully.
[ DEBUG  ]   ##   got a connection
[ DEBUG  ]  14:44:26 9 massim.framework.connection.InetSocketListener.waitForIncomingSocket:28
[ DEBUG  ]   ##   waiting for connection...
[ DEBUG  ]   ##   got a connection
[ DEBUG  ]  14:44:26 52 massim.framework.connection.AbstractSocketLoginManager.handleSocket:33
[ DEBUG  ]   ##   retrieving authentication from client 
[ DEBUG  ]   ##   <?xml version="1.0" encoding="UTF-8"?><message type="auth-request"><authentication password="1" username="a2"/></message>
[ DEBUG  ]  14:44:26 53 massim.framework.connection.AbstractSocketLoginManager.handleSocket:33
[ DEBUG  ]  14:44:26 9 massim.framework.connection.InetSocketListener.waitForIncomingSocket:28
[ NORMAL ]   ##   got authentication: username=a2 password=1 Address=127.0.0.1
[ DEBUG  ]   ##   waiting for connection...
[ DEBUG  ]   ##   retrieving authentication from client 
[ DEBUG  ]   ##   received socket:Socket[addr=/127.0.0.1,port=56857,localport=12300]
[ DEBUG  ]   ##   Thread interrupted.
[ DEBUG  ]   ##   Thread finished successfully.
[ DEBUG  ]   ##   <?xml version="1.0" encoding="UTF-8"?><message type="auth-request"><authentication password="1" username="b1"/></message>
[ DEBUG  ]   ##   got a connection
[ NORMAL ]   ##   got authentication: username=b1 password=1 Address=127.0.0.1
[ DEBUG  ]   ##   received socket:Socket[addr=/127.0.0.1,port=56858,localport=12300]
[ DEBUG  ]   ##   Thread interrupted.
[ DEBUG  ]   ##   Thread finished successfully.
[ DEBUG  ]  14:44:26 9 massim.framework.connection.InetSocketListener.waitForIncomingSocket:28
[ DEBUG  ]   ##   waiting for connection...
[ DEBUG  ]   ##   got a connection
[ DEBUG  ]  14:44:26 9 massim.framework.connection.InetSocketListener.waitForIncomingSocket:28
[ DEBUG  ]   ##   waiting for connection...
[ DEBUG  ]  14:44:26 55 massim.framework.connection.AbstractSocketLoginManager.handleSocket:33
[ DEBUG  ]   ##   retrieving authentication from client 
[ DEBUG  ]   ##   <?xml version="1.0" encoding="UTF-8"?><message type="auth-request"><authentication password="1" username="a3"/></message>
[ DEBUG  ]  14:44:26 57 massim.framework.connection.AbstractSocketLoginManager.handleSocket:33
[ DEBUG  ]   ##   retrieving authentication from client 
[ DEBUG  ]   ##   <?xml version="1.0" encoding="UTF-8"?><message type="auth-request"><authentication password="1" username="a4"/></message>
[ NORMAL ]   ##   got authentication: username=a3 password=1 Address=127.0.0.1
[ DEBUG  ]   ##   got a connection
[ NORMAL ]   ##   got authentication: username=a4 password=1 Address=127.0.0.1
[ DEBUG  ]  14:44:26 9 massim.framework.connection.InetSocketListener.waitForIncomingSocket:28
[ DEBUG  ]   ##   waiting for connection...
[ DEBUG  ]   ##   received socket:Socket[addr=/127.0.0.1,port=56859,localport=12300]
[ DEBUG  ]   ##   Thread interrupted.
[ DEBUG  ]   ##   Thread finished successfully.
[ DEBUG  ]   ##   received socket:Socket[addr=/127.0.0.1,port=56860,localport=12300]
[ DEBUG  ]   ##   Thread interrupted.
[ DEBUG  ]   ##   Thread finished successfully.
[ DEBUG  ]  14:44:26 60 massim.framework.connection.AbstractSocketLoginManager.handleSocket:33
[ DEBUG  ]   ##   retrieving authentication from client 
[ DEBUG  ]   ##   <?xml version="1.0" encoding="UTF-8"?><message type="auth-request"><authentication password="1" username="b3"/></message>
[ NORMAL ]   ##   got authentication: username=b3 password=1 Address=127.0.0.1
[ DEBUG  ]   ##   received socket:Socket[addr=/127.0.0.1,port=56861,localport=12300]
[ DEBUG  ]   ##   Thread interrupted.
[ DEBUG  ]   ##   Thread finished successfully.
[ NORMAL ]   ##   now playing: A vs B
[ NORMAL ]   ##   ######################### new simulation run ----
[ ERROR  ]   ##   Error in config.
[ NORMAL ]   ##   No random seed specified - taking system time.
[ NORMAL ]   ##   Seed for map generation: 1464457469205
[ DEBUG  ]  14:44:29 1 massim.framework.DefaultObserver.start:18
[ DEBUG  ]  14:44:29 1 massim.framework.DefaultObserver.start:18
[ DEBUG  ]  14:44:29 1 massim.framework.ObjectDumperObserver.start:68
[ DEBUG  ]   ##   creating...
[ DEBUG  ]   ##   binding...
[ DEBUG  ]   ##   bound
[ DEBUG  ]  14:44:29 1 massim.framework.DefaultObserver.notifySimulationConfiguration:30
[ DEBUG  ]  14:44:29 1 massim.framework.DefaultObserver.notifySimulationConfiguration:30
[ DEBUG  ]  14:44:29 1 massim.framework.ObjectDumperObserver.notifySimulationStart:50
[ DEBUG  ]  14:44:29 1 massim.framework.XMLOutputObserver.notifySimulationStart:41
[ DEBUG  ]  14:44:29 1 massim.framework.ObjectDumperObserver.notifySimulationState:57
[ NORMAL ]   ##   No valid document received in time. Returning InvalidAction to a1
[ NORMAL ]   ##   No valid document received in time. Returning InvalidAction to b1
[ NORMAL ]   ##   No valid document received in time. Returning InvalidAction to b3
[ NORMAL ]   ##   No valid document received in time. Returning InvalidAction to b2
[ NORMAL ]   ##   No valid document received in time. Returning InvalidAction to a4
[ NORMAL ]   ##   No valid document received in time. Returning InvalidAction to a2
[ NORMAL ]   ##   No valid document received in time. Returning InvalidAction to a3
[ NORMAL ]   ##   No valid document received in time. Returning InvalidAction to b4
[ NORMAL ]   ##   Simulation at step: 1
[ DEBUG  ]  14:44:33 1 massim.framework.ObjectDumperObserver.notifySimulationState:57
[ NORMAL ]   ##   Simulation at step: 2
[ DEBUG  ]  14:44:33 1 massim.framework.ObjectDumperObserver.notifySimulationState:57
[ NORMAL ]   ##   Simulation at step: 3
[ DEBUG  ]  14:44:34 1 massim.framework.ObjectDumperObserver.notifySimulationState:57
[ NORMAL ]   ##   Simulation at step: 4
[ DEBUG  ]  14:44:34 1 massim.framework.ObjectDumperObserver.notifySimulationState:57
[ NORMAL ]   ##   Simulation at step: 5
[ DEBUG  ]  14:44:34 1 massim.framework.ObjectDumperObserver.notifySimulationState:57
[ NORMAL ]   ##   Simulation at step: 6
[ DEBUG  ]  14:44:35 1 massim.framework.ObjectDumperObserver.notifySimulationState:57
[ NORMAL ]   ##   Simulation at step: 7
[ DEBUG  ]  14:44:35 1 massim.framework.ObjectDumperObserver.notifySimulationState:57
[ NORMAL ]   ##   Simulation at step: 8
[ DEBUG  ]  14:44:35 1 massim.framework.ObjectDumperObserver.notifySimulationState:57
[ NORMAL ]   ##   Simulation at step: 9
[ DEBUG  ]  14:44:35 1 massim.framework.ObjectDumperObserver.notifySimulationState:57
[ NORMAL ]   ##   Simulation at step: 10
[ DEBUG  ]  14:44:36 1 massim.framework.ObjectDumperObserver.notifySimulationState:57
[ NORMAL ]   ##   Simulation at step: 11
[ DEBUG  ]  14:44:36 1 massim.framework.ObjectDumperObserver.notifySimulationState:57
[ NORMAL ]   ##   Simulation at step: 12
[ DEBUG  ]  14:44:36 1 massim.framework.ObjectDumperObserver.notifySimulationState:57
[ NORMAL ]   ##   No valid document received in time. Returning InvalidAction to b4
[ NORMAL ]   ##   Simulation at step: 13
[ DEBUG  ]  14:44:40 1 massim.framework.ObjectDumperObserver.notifySimulationState:57
[ NORMAL ]   ##   No valid document received in time. Returning InvalidAction to a1
[ NORMAL ]   ##   No valid document received in time. Returning InvalidAction to a2
[ NORMAL ]   ##   No valid document received in time. Returning InvalidAction to a3
[ NORMAL ]   ##   No valid document received in time. Returning InvalidAction to a4
[ NORMAL ]   ##   No valid document received in time. Returning InvalidAction to b2
[ NORMAL ]   ##   No valid document received in time. Returning InvalidAction to b3
[ NORMAL ]   ##   No valid document received in time. Returning InvalidAction to b4
[ NORMAL ]   ##   Simulation at step: 14
[ DEBUG  ]  14:44:43 1 massim.framework.ObjectDumperObserver.notifySimulationState:57
[ NORMAL ]   ##   No valid document received in time. Returning InvalidAction to a1
[ NORMAL ]   ##   No valid document received in time. Returning InvalidAction to a2
[ NORMAL ]   ##   No valid document received in time. Returning InvalidAction to a3
[ NORMAL ]   ##   No valid document received in time. Returning InvalidAction to a4
[ NORMAL ]   ##   No valid document received in time. Returning InvalidAction to b2
[ NORMAL ]   ##   No valid document received in time. Returning InvalidAction to b3
[ NORMAL ]   ##   No valid document received in time. Returning InvalidAction to b4
[ NORMAL ]   ##   Simulation at step: 15
[ DEBUG  ]  14:44:47 1 massim.framework.ObjectDumperObserver.notifySimulationState:57
[ NORMAL ]   ##   No valid document received in time. Returning InvalidAction to a1
[ NORMAL ]   ##   No valid document received in time. Returning InvalidAction to a2
[ NORMAL ]   ##   No valid document received in time. Returning InvalidAction to a3
[ NORMAL ]   ##   No valid document received in time. Returning InvalidAction to a4
[ NORMAL ]   ##   No valid document received in time. Returning InvalidAction to b2
[ NORMAL ]   ##   No valid document received in time. Returning InvalidAction to b3
[ NORMAL ]   ##   No valid document received in time. Returning InvalidAction to b4
[ NORMAL ]   ##   Simulation at step: 16
[ DEBUG  ]  14:44:50 1 massim.framework.ObjectDumperObserver.notifySimulationState:57
[ NORMAL ]   ##   No valid document received in time. Returning InvalidAction to a2
[ NORMAL ]   ##   No valid document received in time. Returning InvalidAction to a1
[ NORMAL ]   ##   No valid document received in time. Returning InvalidAction to a3
[ NORMAL ]   ##   No valid document received in time. Returning InvalidAction to a4
[ NORMAL ]   ##   No valid document received in time. Returning InvalidAction to b2
[ NORMAL ]   ##   No valid document received in time. Returning InvalidAction to b3
[ NORMAL ]   ##   No valid document received in time. Returning InvalidAction to b4
[ NORMAL ]   ##   Simulation at step: 17
[ DEBUG  ]  14:44:54 1 massim.framework.ObjectDumperObserver.notifySimulationState:57
[ NORMAL ]   ##   No valid document received in time. Returning InvalidAction to a2
[ NORMAL ]   ##   No valid document received in time. Returning InvalidAction to a4
[ NORMAL ]   ##   No valid document received in time. Returning InvalidAction to a1
[ NORMAL ]   ##   No valid document received in time. Returning InvalidAction to b1
[ NORMAL ]   ##   No valid document received in time. Returning InvalidAction to a3
[ NORMAL ]   ##   No valid document received in time. Returning InvalidAction to b3
[ NORMAL ]   ##   No valid document received in time. Returning InvalidAction to b4
[ NORMAL ]   ##   No valid document received in time. Returning InvalidAction to b2
[ NORMAL ]   ##   Simulation at step: 18
[ DEBUG  ]  14:44:57 1 massim.framework.ObjectDumperObserver.notifySimulationState:57
