[ DEBUG  ]   ##   Server configured.
[ NORMAL ]   ##   Connected to rmiregistry at localhost on port 1099
[ DEBUG  ]  16:55:25 9 massim.framework.connection.InetSocketListener.waitForIncomingSocket:28
[ DEBUG  ]   ##   waiting for connection...
[ DEBUG  ]   ##   RMI HOST: localhost
[ DEBUG  ]   ##   RMI PORT: 1099
[ NORMAL ]   ##   Please press ENTER to start the tournament.
[ DEBUG  ]   ##   got a connection
[ DEBUG  ]  16:55:32 9 massim.framework.connection.InetSocketListener.waitForIncomingSocket:28
[ DEBUG  ]   ##   waiting for connection...
[ DEBUG  ]  16:55:32 19 massim.framework.connection.AbstractSocketLoginManager.handleSocket:33
[ DEBUG  ]   ##   retrieving authentication from client 
[ DEBUG  ]   ##   <?xml version="1.0" encoding="UTF-8"?><message type="auth-request"><authentication password="1" username="a1"/></message>
[ NORMAL ]   ##   got authentication: username=a1 password=1 Address=127.0.0.1
[ DEBUG  ]   ##   received socket:Socket[addr=/127.0.0.1,port=39817,localport=12300]
[ DEBUG  ]   ##   got a connection
[ DEBUG  ]  16:55:32 9 massim.framework.connection.InetSocketListener.waitForIncomingSocket:28
[ DEBUG  ]   ##   waiting for connection...
[ DEBUG  ]  16:55:32 21 massim.framework.connection.AbstractSocketLoginManager.handleSocket:33
[ DEBUG  ]   ##   retrieving authentication from client 
[ DEBUG  ]   ##   <?xml version="1.0" encoding="UTF-8"?><message type="auth-request"><authentication password="1" username="a2"/></message>
[ NORMAL ]   ##   got authentication: username=a2 password=1 Address=127.0.0.1
[ DEBUG  ]   ##   received socket:Socket[addr=/127.0.0.1,port=39818,localport=12300]
[ DEBUG  ]   ##   got a connection
[ DEBUG  ]  16:55:32 9 massim.framework.connection.InetSocketListener.waitForIncomingSocket:28
[ DEBUG  ]   ##   waiting for connection...
[ DEBUG  ]  16:55:32 25 massim.framework.connection.AbstractSocketLoginManager.handleSocket:33
[ DEBUG  ]   ##   retrieving authentication from client 
[ DEBUG  ]   ##   <?xml version="1.0" encoding="UTF-8"?><message type="auth-request"><authentication password="1" username="a3"/></message>
[ NORMAL ]   ##   got authentication: username=a3 password=1 Address=127.0.0.1
[ DEBUG  ]   ##   received socket:Socket[addr=/127.0.0.1,port=39819,localport=12300]
[ DEBUG  ]   ##   got a connection
[ DEBUG  ]  16:55:32 9 massim.framework.connection.InetSocketListener.waitForIncomingSocket:28
[ DEBUG  ]  16:55:32 28 massim.framework.connection.AbstractSocketLoginManager.handleSocket:33
[ DEBUG  ]   ##   waiting for connection...
[ DEBUG  ]   ##   retrieving authentication from client 
[ DEBUG  ]   ##   <?xml version="1.0" encoding="UTF-8"?><message type="auth-request"><authentication password="1" username="a4"/></message>
[ NORMAL ]   ##   got authentication: username=a4 password=1 Address=127.0.0.1
[ DEBUG  ]   ##   received socket:Socket[addr=/127.0.0.1,port=39820,localport=12300]
[ DEBUG  ]   ##   got a connection
[ DEBUG  ]  16:55:33 9 massim.framework.connection.InetSocketListener.waitForIncomingSocket:28
[ DEBUG  ]   ##   waiting for connection...
[ DEBUG  ]  16:55:33 31 massim.framework.connection.AbstractSocketLoginManager.handleSocket:33
[ DEBUG  ]   ##   retrieving authentication from client 
[ DEBUG  ]   ##   <?xml version="1.0" encoding="UTF-8"?><message type="auth-request"><authentication password="1" username="a5"/></message>
[ NORMAL ]   ##   got authentication: username=a5 password=1 Address=127.0.0.1
[CRITICAL]   ##   Server gets InvalidAuthentication from: 127.0.0.1
[ DEBUG  ]   ##   got a connection
[ DEBUG  ]  16:55:33 9 massim.framework.connection.InetSocketListener.waitForIncomingSocket:28
[ DEBUG  ]   ##   waiting for connection...
[ DEBUG  ]  16:55:33 32 massim.framework.connection.AbstractSocketLoginManager.handleSocket:33
[ DEBUG  ]   ##   retrieving authentication from client 
[ DEBUG  ]   ##   <?xml version="1.0" encoding="UTF-8"?><message type="auth-request"><authentication password="1" username="a6"/></message>
[ NORMAL ]   ##   got authentication: username=a6 password=1 Address=127.0.0.1
[CRITICAL]   ##   Server gets InvalidAuthentication from: 127.0.0.1
[ DEBUG  ]   ##   got a connection
[ DEBUG  ]  16:55:33 9 massim.framework.connection.InetSocketListener.waitForIncomingSocket:28
[ DEBUG  ]   ##   waiting for connection...
[ DEBUG  ]  16:55:33 33 massim.framework.connection.AbstractSocketLoginManager.handleSocket:33
[ DEBUG  ]   ##   retrieving authentication from client 
[ DEBUG  ]   ##   <?xml version="1.0" encoding="UTF-8"?><message type="auth-request"><authentication password="1" username="a7"/></message>
[ NORMAL ]   ##   got authentication: username=a7 password=1 Address=127.0.0.1
[CRITICAL]   ##   Server gets InvalidAuthentication from: 127.0.0.1
[ DEBUG  ]   ##   got a connection
[ DEBUG  ]  16:55:33 9 massim.framework.connection.InetSocketListener.waitForIncomingSocket:28
[ DEBUG  ]   ##   waiting for connection...
[ DEBUG  ]  16:55:33 34 massim.framework.connection.AbstractSocketLoginManager.handleSocket:33
[ DEBUG  ]   ##   retrieving authentication from client 
[ DEBUG  ]   ##   <?xml version="1.0" encoding="UTF-8"?><message type="auth-request"><authentication password="1" username="a8"/></message>
[ NORMAL ]   ##   got authentication: username=a8 password=1 Address=127.0.0.1
[CRITICAL]   ##   Server gets InvalidAuthentication from: 127.0.0.1
[ DEBUG  ]   ##   got a connection
[ DEBUG  ]  16:55:33 9 massim.framework.connection.InetSocketListener.waitForIncomingSocket:28
[ DEBUG  ]   ##   waiting for connection...
[ DEBUG  ]  16:55:33 35 massim.framework.connection.AbstractSocketLoginManager.handleSocket:33
[ DEBUG  ]   ##   retrieving authentication from client 
[ DEBUG  ]   ##   <?xml version="1.0" encoding="UTF-8"?><message type="auth-request"><authentication password="1" username="a9"/></message>
[ NORMAL ]   ##   got authentication: username=a9 password=1 Address=127.0.0.1
[CRITICAL]   ##   Server gets InvalidAuthentication from: 127.0.0.1
[ DEBUG  ]   ##   got a connection
[ DEBUG  ]  16:55:33 9 massim.framework.connection.InetSocketListener.waitForIncomingSocket:28
[ DEBUG  ]   ##   waiting for connection...
[ DEBUG  ]  16:55:33 36 massim.framework.connection.AbstractSocketLoginManager.handleSocket:33
[ DEBUG  ]   ##   retrieving authentication from client 
[ DEBUG  ]   ##   <?xml version="1.0" encoding="UTF-8"?><message type="auth-request"><authentication password="1" username="a10"/></message>
[ NORMAL ]   ##   got authentication: username=a10 password=1 Address=127.0.0.1
[CRITICAL]   ##   Server gets InvalidAuthentication from: 127.0.0.1
[ DEBUG  ]   ##   got a connection
[ DEBUG  ]  16:55:33 9 massim.framework.connection.InetSocketListener.waitForIncomingSocket:28
[ DEBUG  ]   ##   waiting for connection...
[ DEBUG  ]  16:55:33 37 massim.framework.connection.AbstractSocketLoginManager.handleSocket:33
[ DEBUG  ]   ##   retrieving authentication from client 
[ DEBUG  ]   ##   <?xml version="1.0" encoding="UTF-8"?><message type="auth-request"><authentication password="1" username="a11"/></message>
[ NORMAL ]   ##   got authentication: username=a11 password=1 Address=127.0.0.1
[CRITICAL]   ##   Server gets InvalidAuthentication from: 127.0.0.1
[ DEBUG  ]   ##   got a connection
[ DEBUG  ]  16:55:33 9 massim.framework.connection.InetSocketListener.waitForIncomingSocket:28
[ DEBUG  ]   ##   waiting for connection...
[ DEBUG  ]  16:55:33 38 massim.framework.connection.AbstractSocketLoginManager.handleSocket:33
[ DEBUG  ]   ##   retrieving authentication from client 
[ DEBUG  ]   ##   <?xml version="1.0" encoding="UTF-8"?><message type="auth-request"><authentication password="1" username="a12"/></message>
[ NORMAL ]   ##   got authentication: username=a12 password=1 Address=127.0.0.1
[CRITICAL]   ##   Server gets InvalidAuthentication from: 127.0.0.1
[ DEBUG  ]   ##   got a connection
[ DEBUG  ]  16:55:33 9 massim.framework.connection.InetSocketListener.waitForIncomingSocket:28
[ DEBUG  ]   ##   waiting for connection...
[ DEBUG  ]  16:55:33 39 massim.framework.connection.AbstractSocketLoginManager.handleSocket:33
[ DEBUG  ]   ##   retrieving authentication from client 
[ DEBUG  ]   ##   <?xml version="1.0" encoding="UTF-8"?><message type="auth-request"><authentication password="1" username="a13"/></message>
[ NORMAL ]   ##   got authentication: username=a13 password=1 Address=127.0.0.1
[CRITICAL]   ##   Server gets InvalidAuthentication from: 127.0.0.1
[ DEBUG  ]   ##   got a connection
[ DEBUG  ]  16:55:33 9 massim.framework.connection.InetSocketListener.waitForIncomingSocket:28
[ DEBUG  ]   ##   waiting for connection...
[ DEBUG  ]  16:55:33 40 massim.framework.connection.AbstractSocketLoginManager.handleSocket:33
[ DEBUG  ]   ##   retrieving authentication from client 
[ DEBUG  ]   ##   <?xml version="1.0" encoding="UTF-8"?><message type="auth-request"><authentication password="1" username="a14"/></message>
[ NORMAL ]   ##   got authentication: username=a14 password=1 Address=127.0.0.1
[CRITICAL]   ##   Server gets InvalidAuthentication from: 127.0.0.1
[ DEBUG  ]   ##   got a connection
[ DEBUG  ]  16:55:33 9 massim.framework.connection.InetSocketListener.waitForIncomingSocket:28
[ DEBUG  ]   ##   waiting for connection...
[ DEBUG  ]  16:55:33 41 massim.framework.connection.AbstractSocketLoginManager.handleSocket:33
[ DEBUG  ]   ##   retrieving authentication from client 
[ DEBUG  ]   ##   <?xml version="1.0" encoding="UTF-8"?><message type="auth-request"><authentication password="1" username="a15"/></message>
[ NORMAL ]   ##   got authentication: username=a15 password=1 Address=127.0.0.1
[CRITICAL]   ##   Server gets InvalidAuthentication from: 127.0.0.1
[ DEBUG  ]   ##   got a connection
[ DEBUG  ]  16:55:33 9 massim.framework.connection.InetSocketListener.waitForIncomingSocket:28
[ DEBUG  ]   ##   waiting for connection...
[ DEBUG  ]  16:55:33 42 massim.framework.connection.AbstractSocketLoginManager.handleSocket:33
[ DEBUG  ]   ##   retrieving authentication from client 
[ DEBUG  ]   ##   <?xml version="1.0" encoding="UTF-8"?><message type="auth-request"><authentication password="1" username="a16"/></message>
[ NORMAL ]   ##   got authentication: username=a16 password=1 Address=127.0.0.1
[CRITICAL]   ##   Server gets InvalidAuthentication from: 127.0.0.1
[ DEBUG  ]   ##   got a connection
[ DEBUG  ]  16:55:33 9 massim.framework.connection.InetSocketListener.waitForIncomingSocket:28
[ DEBUG  ]   ##   waiting for connection...
[ DEBUG  ]  16:55:33 43 massim.framework.connection.AbstractSocketLoginManager.handleSocket:33
[ DEBUG  ]   ##   retrieving authentication from client 
[ DEBUG  ]   ##   <?xml version="1.0" encoding="UTF-8"?><message type="auth-request"><authentication password="1" username="b1"/></message>
[ NORMAL ]   ##   got authentication: username=b1 password=1 Address=127.0.0.1
[ DEBUG  ]   ##   received socket:Socket[addr=/127.0.0.1,port=39833,localport=12300]
[ DEBUG  ]   ##   got a connection
[ DEBUG  ]  16:55:33 45 massim.framework.connection.AbstractSocketLoginManager.handleSocket:33
[ DEBUG  ]  16:55:33 9 massim.framework.connection.InetSocketListener.waitForIncomingSocket:28
[ DEBUG  ]   ##   retrieving authentication from client 
[ DEBUG  ]   ##   waiting for connection...
[ DEBUG  ]   ##   <?xml version="1.0" encoding="UTF-8"?><message type="auth-request"><authentication password="1" username="b2"/></message>
[ NORMAL ]   ##   got authentication: username=b2 password=1 Address=127.0.0.1
[ DEBUG  ]   ##   received socket:Socket[addr=/127.0.0.1,port=39834,localport=12300]
[ DEBUG  ]   ##   got a connection
[ DEBUG  ]  16:55:33 9 massim.framework.connection.InetSocketListener.waitForIncomingSocket:28
[ DEBUG  ]   ##   waiting for connection...
[ DEBUG  ]  16:55:33 49 massim.framework.connection.AbstractSocketLoginManager.handleSocket:33
[ DEBUG  ]   ##   retrieving authentication from client 
[ DEBUG  ]   ##   <?xml version="1.0" encoding="UTF-8"?><message type="auth-request"><authentication password="1" username="b3"/></message>
[ NORMAL ]   ##   got authentication: username=b3 password=1 Address=127.0.0.1
[ DEBUG  ]   ##   received socket:Socket[addr=/127.0.0.1,port=39835,localport=12300]
[ DEBUG  ]   ##   got a connection
[ DEBUG  ]  16:55:33 9 massim.framework.connection.InetSocketListener.waitForIncomingSocket:28
[ DEBUG  ]   ##   waiting for connection...
[ DEBUG  ]  16:55:33 52 massim.framework.connection.AbstractSocketLoginManager.handleSocket:33
[ DEBUG  ]   ##   retrieving authentication from client 
[ DEBUG  ]   ##   <?xml version="1.0" encoding="UTF-8"?><message type="auth-request"><authentication password="1" username="b4"/></message>
[ NORMAL ]   ##   got authentication: username=b4 password=1 Address=127.0.0.1
[ DEBUG  ]   ##   received socket:Socket[addr=/127.0.0.1,port=39836,localport=12300]
[ DEBUG  ]   ##   got a connection
[ DEBUG  ]  16:55:34 9 massim.framework.connection.InetSocketListener.waitForIncomingSocket:28
[ DEBUG  ]   ##   waiting for connection...
[ DEBUG  ]  16:55:34 55 massim.framework.connection.AbstractSocketLoginManager.handleSocket:33
[ DEBUG  ]   ##   retrieving authentication from client 
[ DEBUG  ]   ##   <?xml version="1.0" encoding="UTF-8"?><message type="auth-request"><authentication password="1" username="b5"/></message>
[ NORMAL ]   ##   got authentication: username=b5 password=1 Address=127.0.0.1
[CRITICAL]   ##   Server gets InvalidAuthentication from: 127.0.0.1
[ DEBUG  ]   ##   got a connection
[ DEBUG  ]  16:55:34 9 massim.framework.connection.InetSocketListener.waitForIncomingSocket:28
[ DEBUG  ]   ##   waiting for connection...
[ DEBUG  ]  16:55:34 56 massim.framework.connection.AbstractSocketLoginManager.handleSocket:33
[ DEBUG  ]   ##   retrieving authentication from client 
[ DEBUG  ]   ##   <?xml version="1.0" encoding="UTF-8"?><message type="auth-request"><authentication password="1" username="b6"/></message>
[ NORMAL ]   ##   got authentication: username=b6 password=1 Address=127.0.0.1
[CRITICAL]   ##   Server gets InvalidAuthentication from: 127.0.0.1
[ DEBUG  ]   ##   got a connection
[ DEBUG  ]  16:55:34 9 massim.framework.connection.InetSocketListener.waitForIncomingSocket:28
[ DEBUG  ]   ##   waiting for connection...
[ DEBUG  ]  16:55:34 57 massim.framework.connection.AbstractSocketLoginManager.handleSocket:33
[ DEBUG  ]   ##   retrieving authentication from client 
[ DEBUG  ]   ##   <?xml version="1.0" encoding="UTF-8"?><message type="auth-request"><authentication password="1" username="b7"/></message>
[ NORMAL ]   ##   got authentication: username=b7 password=1 Address=127.0.0.1
[CRITICAL]   ##   Server gets InvalidAuthentication from: 127.0.0.1
[ DEBUG  ]   ##   got a connection
[ DEBUG  ]  16:55:34 9 massim.framework.connection.InetSocketListener.waitForIncomingSocket:28
[ DEBUG  ]   ##   waiting for connection...
[ DEBUG  ]  16:55:34 58 massim.framework.connection.AbstractSocketLoginManager.handleSocket:33
[ DEBUG  ]   ##   retrieving authentication from client 
[ DEBUG  ]   ##   <?xml version="1.0" encoding="UTF-8"?><message type="auth-request"><authentication password="1" username="b8"/></message>
[ NORMAL ]   ##   got authentication: username=b8 password=1 Address=127.0.0.1
[CRITICAL]   ##   Server gets InvalidAuthentication from: 127.0.0.1
[ DEBUG  ]   ##   got a connection
[ DEBUG  ]  16:55:34 9 massim.framework.connection.InetSocketListener.waitForIncomingSocket:28
[ DEBUG  ]   ##   waiting for connection...
[ DEBUG  ]  16:55:34 59 massim.framework.connection.AbstractSocketLoginManager.handleSocket:33
[ DEBUG  ]   ##   retrieving authentication from client 
[ DEBUG  ]   ##   <?xml version="1.0" encoding="UTF-8"?><message type="auth-request"><authentication password="1" username="b9"/></message>
[ NORMAL ]   ##   got authentication: username=b9 password=1 Address=127.0.0.1
[CRITICAL]   ##   Server gets InvalidAuthentication from: 127.0.0.1
[ DEBUG  ]   ##   got a connection
[ DEBUG  ]  16:55:34 9 massim.framework.connection.InetSocketListener.waitForIncomingSocket:28
[ DEBUG  ]  16:55:34 60 massim.framework.connection.AbstractSocketLoginManager.handleSocket:33
[ DEBUG  ]   ##   waiting for connection...
[ DEBUG  ]   ##   retrieving authentication from client 
[ DEBUG  ]   ##   <?xml version="1.0" encoding="UTF-8"?><message type="auth-request"><authentication password="1" username="b10"/></message>
[ NORMAL ]   ##   got authentication: username=b10 password=1 Address=127.0.0.1
[CRITICAL]   ##   Server gets InvalidAuthentication from: 127.0.0.1
[ DEBUG  ]   ##   got a connection
[ DEBUG  ]  16:55:34 9 massim.framework.connection.InetSocketListener.waitForIncomingSocket:28
[ DEBUG  ]   ##   waiting for connection...
[ DEBUG  ]  16:55:34 61 massim.framework.connection.AbstractSocketLoginManager.handleSocket:33
[ DEBUG  ]   ##   retrieving authentication from client 
[ DEBUG  ]   ##   <?xml version="1.0" encoding="UTF-8"?><message type="auth-request"><authentication password="1" username="b11"/></message>
[ NORMAL ]   ##   got authentication: username=b11 password=1 Address=127.0.0.1
[CRITICAL]   ##   Server gets InvalidAuthentication from: 127.0.0.1
[ DEBUG  ]   ##   got a connection
[ DEBUG  ]  16:55:34 9 massim.framework.connection.InetSocketListener.waitForIncomingSocket:28
[ DEBUG  ]   ##   waiting for connection...
[ DEBUG  ]  16:55:34 62 massim.framework.connection.AbstractSocketLoginManager.handleSocket:33
[ DEBUG  ]   ##   retrieving authentication from client 
[ DEBUG  ]   ##   <?xml version="1.0" encoding="UTF-8"?><message type="auth-request"><authentication password="1" username="b12"/></message>
[ NORMAL ]   ##   got authentication: username=b12 password=1 Address=127.0.0.1
[CRITICAL]   ##   Server gets InvalidAuthentication from: 127.0.0.1
[ DEBUG  ]   ##   got a connection
[ DEBUG  ]  16:55:34 63 massim.framework.connection.AbstractSocketLoginManager.handleSocket:33
[ DEBUG  ]  16:55:34 9 massim.framework.connection.InetSocketListener.waitForIncomingSocket:28
[ DEBUG  ]   ##   retrieving authentication from client 
[ DEBUG  ]   ##   waiting for connection...
[ DEBUG  ]   ##   <?xml version="1.0" encoding="UTF-8"?><message type="auth-request"><authentication password="1" username="b13"/></message>
[ NORMAL ]   ##   got authentication: username=b13 password=1 Address=127.0.0.1
[CRITICAL]   ##   Server gets InvalidAuthentication from: 127.0.0.1
[ DEBUG  ]   ##   got a connection
[ DEBUG  ]  16:55:34 9 massim.framework.connection.InetSocketListener.waitForIncomingSocket:28
[ DEBUG  ]   ##   waiting for connection...
[ DEBUG  ]  16:55:34 64 massim.framework.connection.AbstractSocketLoginManager.handleSocket:33
[ DEBUG  ]   ##   retrieving authentication from client 
[ DEBUG  ]   ##   <?xml version="1.0" encoding="UTF-8"?><message type="auth-request"><authentication password="1" username="b14"/></message>
[ NORMAL ]   ##   got authentication: username=b14 password=1 Address=127.0.0.1
[CRITICAL]   ##   Server gets InvalidAuthentication from: 127.0.0.1
[ DEBUG  ]   ##   got a connection
[ DEBUG  ]  16:55:34 65 massim.framework.connection.AbstractSocketLoginManager.handleSocket:33
[ DEBUG  ]  16:55:34 9 massim.framework.connection.InetSocketListener.waitForIncomingSocket:28
[ DEBUG  ]   ##   retrieving authentication from client 
[ DEBUG  ]   ##   waiting for connection...
[ DEBUG  ]   ##   <?xml version="1.0" encoding="UTF-8"?><message type="auth-request"><authentication password="1" username="b15"/></message>
[ NORMAL ]   ##   got authentication: username=b15 password=1 Address=127.0.0.1
[CRITICAL]   ##   Server gets InvalidAuthentication from: 127.0.0.1
[ DEBUG  ]   ##   got a connection
[ DEBUG  ]  16:55:34 9 massim.framework.connection.InetSocketListener.waitForIncomingSocket:28
[ DEBUG  ]   ##   waiting for connection...
[ DEBUG  ]  16:55:34 66 massim.framework.connection.AbstractSocketLoginManager.handleSocket:33
[ DEBUG  ]   ##   retrieving authentication from client 
[ DEBUG  ]   ##   <?xml version="1.0" encoding="UTF-8"?><message type="auth-request"><authentication password="1" username="b16"/></message>
[ NORMAL ]   ##   got authentication: username=b16 password=1 Address=127.0.0.1
[CRITICAL]   ##   Server gets InvalidAuthentication from: 127.0.0.1
[ DEBUG  ]   ##   got a connection
[ DEBUG  ]  16:55:37 9 massim.framework.connection.InetSocketListener.waitForIncomingSocket:28
[ DEBUG  ]  16:55:37 67 massim.framework.connection.AbstractSocketLoginManager.handleSocket:33
[ DEBUG  ]   ##   waiting for connection...
[ DEBUG  ]   ##   retrieving authentication from client 
[ DEBUG  ]   ##   got a connection
[ DEBUG  ]  16:55:37 9 massim.framework.connection.InetSocketListener.waitForIncomingSocket:28
[ DEBUG  ]   ##   waiting for connection...
[ DEBUG  ]   ##   got a connection
[ DEBUG  ]  16:55:37 68 massim.framework.connection.AbstractSocketLoginManager.handleSocket:33
[ DEBUG  ]   ##   retrieving authentication from client 
[ DEBUG  ]   ##   <?xml version="1.0" encoding="UTF-8"?><message type="auth-request"><authentication password="1" username="b3"/></message>
[ NORMAL ]   ##   got authentication: username=b3 password=1 Address=127.0.0.1
[ DEBUG  ]  16:55:37 9 massim.framework.connection.InetSocketListener.waitForIncomingSocket:28
[ DEBUG  ]   ##   waiting for connection...
[ DEBUG  ]   ##   got a connection
[ DEBUG  ]  16:55:37 69 massim.framework.connection.AbstractSocketLoginManager.handleSocket:33
[ DEBUG  ]   ##   retrieving authentication from client 
[ DEBUG  ]   ##   <?xml version="1.0" encoding="UTF-8"?><message type="auth-request"><authentication password="1" username="b4"/></message>
[ NORMAL ]   ##   got authentication: username=b4 password=1 Address=127.0.0.1
[ DEBUG  ]   ##   received socket:Socket[addr=/127.0.0.1,port=39850,localport=12300]
[ DEBUG  ]  16:55:37 9 massim.framework.connection.InetSocketListener.waitForIncomingSocket:28
[ DEBUG  ]   ##   waiting for connection...
[ DEBUG  ]  16:55:37 70 massim.framework.connection.AbstractSocketLoginManager.handleSocket:33
[ DEBUG  ]   ##   retrieving authentication from client 
[ DEBUG  ]   ##   <?xml version="1.0" encoding="UTF-8"?><message type="auth-request"><authentication password="1" username="b2"/></message>
[ NORMAL ]   ##   got authentication: username=b2 password=1 Address=127.0.0.1
[ DEBUG  ]   ##   Thread interrupted.
[ DEBUG  ]   ##   Thread finished successfully.
[ DEBUG  ]   ##   <?xml version="1.0" encoding="UTF-8"?><message type="auth-request"><authentication password="1" username="b1"/></message>
[ NORMAL ]   ##   got authentication: username=b1 password=1 Address=127.0.0.1
[ DEBUG  ]   ##   received socket:Socket[addr=/127.0.0.1,port=39849,localport=12300]
[ DEBUG  ]   ##   received socket:Socket[addr=/127.0.0.1,port=39851,localport=12300]
[ DEBUG  ]   ##   received socket:Socket[addr=/127.0.0.1,port=39852,localport=12300]
[ DEBUG  ]   ##   Thread interrupted.
[ DEBUG  ]   ##   Thread finished successfully.
[ DEBUG  ]   ##   Thread interrupted.
[ DEBUG  ]   ##   Thread finished successfully.
[ DEBUG  ]   ##   Thread interrupted.
[ DEBUG  ]   ##   Thread finished successfully.
[ DEBUG  ]   ##   got a connection
[ DEBUG  ]  16:55:37 9 massim.framework.connection.InetSocketListener.waitForIncomingSocket:28
[ DEBUG  ]   ##   waiting for connection...
[ DEBUG  ]  16:55:37 77 massim.framework.connection.AbstractSocketLoginManager.handleSocket:33
[ DEBUG  ]   ##   retrieving authentication from client 
[ DEBUG  ]   ##   <?xml version="1.0" encoding="UTF-8"?><message type="auth-request"><authentication password="1" username="a4"/></message>
[ NORMAL ]   ##   got authentication: username=a4 password=1 Address=127.0.0.1
[ DEBUG  ]   ##   received socket:Socket[addr=/127.0.0.1,port=39853,localport=12300]
[ DEBUG  ]   ##   Thread interrupted.
[ DEBUG  ]   ##   Thread finished successfully.
[ DEBUG  ]   ##   got a connection
[ DEBUG  ]  16:55:37 9 massim.framework.connection.InetSocketListener.waitForIncomingSocket:28
[ DEBUG  ]   ##   waiting for connection...
[ DEBUG  ]   ##   got a connection
[ DEBUG  ]  16:55:37 81 massim.framework.connection.AbstractSocketLoginManager.handleSocket:33
[ DEBUG  ]   ##   retrieving authentication from client 
[ DEBUG  ]   ##   <?xml version="1.0" encoding="UTF-8"?><message type="auth-request"><authentication password="1" username="a2"/></message>
[ DEBUG  ]  16:55:37 9 massim.framework.connection.InetSocketListener.waitForIncomingSocket:28
[ DEBUG  ]   ##   waiting for connection...
[ DEBUG  ]   ##   got a connection
[ DEBUG  ]  16:55:37 82 massim.framework.connection.AbstractSocketLoginManager.handleSocket:33
[ DEBUG  ]   ##   retrieving authentication from client 
[ DEBUG  ]  16:55:37 9 massim.framework.connection.InetSocketListener.waitForIncomingSocket:28
[ DEBUG  ]   ##   waiting for connection...
[ NORMAL ]   ##   got authentication: username=a2 password=1 Address=127.0.0.1
[ DEBUG  ]  16:55:37 83 massim.framework.connection.AbstractSocketLoginManager.handleSocket:33
[ DEBUG  ]   ##   <?xml version="1.0" encoding="UTF-8"?><message type="auth-request"><authentication password="1" username="a1"/></message>
[ DEBUG  ]   ##   retrieving authentication from client 
[ NORMAL ]   ##   got authentication: username=a1 password=1 Address=127.0.0.1
[ DEBUG  ]   ##   <?xml version="1.0" encoding="UTF-8"?><message type="auth-request"><authentication password="1" username="a3"/></message>
[ NORMAL ]   ##   got authentication: username=a3 password=1 Address=127.0.0.1
[ DEBUG  ]   ##   received socket:Socket[addr=/127.0.0.1,port=39855,localport=12300]
[ DEBUG  ]   ##   received socket:Socket[addr=/127.0.0.1,port=39854,localport=12300]
[ DEBUG  ]   ##   Thread interrupted.
[ DEBUG  ]   ##   Thread finished successfully.
[ DEBUG  ]   ##   Thread interrupted.
[ DEBUG  ]   ##   Thread finished successfully.
[ DEBUG  ]   ##   received socket:Socket[addr=/127.0.0.1,port=39856,localport=12300]
[ DEBUG  ]   ##   Thread interrupted.
[ DEBUG  ]   ##   Thread finished successfully.
[ NORMAL ]   ##   now playing: A vs B
[ NORMAL ]   ##   ######################### new simulation run ----
[ ERROR  ]   ##   Error in config.
[ NORMAL ]   ##   No random seed specified - taking system time.
[ NORMAL ]   ##   Seed for map generation: 1464378946411
[ DEBUG  ]  16:55:46 1 massim.framework.DefaultObserver.start:18
[ DEBUG  ]  16:55:46 1 massim.framework.DefaultObserver.start:18
[ DEBUG  ]  16:55:46 1 massim.framework.ObjectDumperObserver.start:68
[ DEBUG  ]   ##   creating...
[ DEBUG  ]   ##   binding...
[ DEBUG  ]   ##   bound
[ DEBUG  ]  16:55:46 1 massim.framework.DefaultObserver.notifySimulationConfiguration:30
[ DEBUG  ]  16:55:46 1 massim.framework.DefaultObserver.notifySimulationConfiguration:30
[ DEBUG  ]  16:55:46 1 massim.framework.ObjectDumperObserver.notifySimulationStart:50
[ DEBUG  ]  16:55:46 1 massim.framework.XMLOutputObserver.notifySimulationStart:41
[ DEBUG  ]  16:55:47 1 massim.framework.ObjectDumperObserver.notifySimulationState:57
[ NORMAL ]   ##   No valid document received in time. Returning InvalidAction to a1
[ NORMAL ]   ##   No valid document received in time. Returning InvalidAction to a2
[ NORMAL ]   ##   No valid document received in time. Returning InvalidAction to a4
[ NORMAL ]   ##   No valid document received in time. Returning InvalidAction to b1
[ NORMAL ]   ##   No valid document received in time. Returning InvalidAction to b2
[ NORMAL ]   ##   No valid document received in time. Returning InvalidAction to b3
[ NORMAL ]   ##   No valid document received in time. Returning InvalidAction to a3
[ NORMAL ]   ##   No valid document received in time. Returning InvalidAction to b4
[ NORMAL ]   ##   Simulation at step: 1
[ DEBUG  ]  16:55:51 1 massim.framework.ObjectDumperObserver.notifySimulationState:57
[ NORMAL ]   ##   No valid document received in time. Returning InvalidAction to a1
[ NORMAL ]   ##   No valid document received in time. Returning InvalidAction to a2
[ NORMAL ]   ##   No valid document received in time. Returning InvalidAction to a4
[ NORMAL ]   ##   No valid document received in time. Returning InvalidAction to a3
[ NORMAL ]   ##   No valid document received in time. Returning InvalidAction to b1
[ NORMAL ]   ##   No valid document received in time. Returning InvalidAction to b2
[ NORMAL ]   ##   No valid document received in time. Returning InvalidAction to b4
[ NORMAL ]   ##   No valid document received in time. Returning InvalidAction to b3
[ NORMAL ]   ##   Simulation at step: 2
[ DEBUG  ]  16:55:55 1 massim.framework.ObjectDumperObserver.notifySimulationState:57
[ NORMAL ]   ##   No valid document received in time. Returning InvalidAction to a1
[ NORMAL ]   ##   No valid document received in time. Returning InvalidAction to a2
[ NORMAL ]   ##   No valid document received in time. Returning InvalidAction to a3
[ NORMAL ]   ##   No valid document received in time. Returning InvalidAction to a4
[ NORMAL ]   ##   No valid document received in time. Returning InvalidAction to b1
[ NORMAL ]   ##   No valid document received in time. Returning InvalidAction to b2
[ NORMAL ]   ##   No valid document received in time. Returning InvalidAction to b3
[ NORMAL ]   ##   No valid document received in time. Returning InvalidAction to b4
[ NORMAL ]   ##   Simulation at step: 3
[ DEBUG  ]  16:55:58 1 massim.framework.ObjectDumperObserver.notifySimulationState:57
[ NORMAL ]   ##   No valid document received in time. Returning InvalidAction to a1
[ NORMAL ]   ##   No valid document received in time. Returning InvalidAction to a2
[ NORMAL ]   ##   No valid document received in time. Returning InvalidAction to a3
[ NORMAL ]   ##   No valid document received in time. Returning InvalidAction to a4
[ NORMAL ]   ##   No valid document received in time. Returning InvalidAction to b2
[ NORMAL ]   ##   No valid document received in time. Returning InvalidAction to b1
[ NORMAL ]   ##   No valid document received in time. Returning InvalidAction to b3
[ NORMAL ]   ##   No valid document received in time. Returning InvalidAction to b4
[ NORMAL ]   ##   Simulation at step: 4
[ DEBUG  ]  16:56:02 1 massim.framework.ObjectDumperObserver.notifySimulationState:57
[ NORMAL ]   ##   No valid document received in time. Returning InvalidAction to a1
[ NORMAL ]   ##   No valid document received in time. Returning InvalidAction to a2
[ NORMAL ]   ##   No valid document received in time. Returning InvalidAction to a4
[ NORMAL ]   ##   No valid document received in time. Returning InvalidAction to a3
[ NORMAL ]   ##   No valid document received in time. Returning InvalidAction to b1
[ NORMAL ]   ##   No valid document received in time. Returning InvalidAction to b2
[ NORMAL ]   ##   No valid document received in time. Returning InvalidAction to b3
[ NORMAL ]   ##   No valid document received in time. Returning InvalidAction to b4
[ NORMAL ]   ##   Simulation at step: 5
[ DEBUG  ]  16:56:05 1 massim.framework.ObjectDumperObserver.notifySimulationState:57
[ NORMAL ]   ##   No valid document received in time. Returning InvalidAction to a1
[ NORMAL ]   ##   No valid document received in time. Returning InvalidAction to a2
[ NORMAL ]   ##   No valid document received in time. Returning InvalidAction to a3
[ NORMAL ]   ##   No valid document received in time. Returning InvalidAction to a4
[ NORMAL ]   ##   No valid document received in time. Returning InvalidAction to b1
[ NORMAL ]   ##   No valid document received in time. Returning InvalidAction to b3
[ NORMAL ]   ##   No valid document received in time. Returning InvalidAction to b2
[ NORMAL ]   ##   No valid document received in time. Returning InvalidAction to b4
[ NORMAL ]   ##   Simulation at step: 6
[ DEBUG  ]  16:56:09 1 massim.framework.ObjectDumperObserver.notifySimulationState:57
[ NORMAL ]   ##   No valid document received in time. Returning InvalidAction to a1
[ NORMAL ]   ##   No valid document received in time. Returning InvalidAction to a2
[ NORMAL ]   ##   No valid document received in time. Returning InvalidAction to a3
[ NORMAL ]   ##   No valid document received in time. Returning InvalidAction to a4
[ NORMAL ]   ##   No valid document received in time. Returning InvalidAction to b1
[ NORMAL ]   ##   No valid document received in time. Returning InvalidAction to b2
[ NORMAL ]   ##   No valid document received in time. Returning InvalidAction to b3
[ NORMAL ]   ##   No valid document received in time. Returning InvalidAction to b4
[ NORMAL ]   ##   Simulation at step: 7
[ DEBUG  ]  16:56:13 1 massim.framework.ObjectDumperObserver.notifySimulationState:57
[ NORMAL ]   ##   No valid document received in time. Returning InvalidAction to a1
[ NORMAL ]   ##   No valid document received in time. Returning InvalidAction to a2
[ NORMAL ]   ##   No valid document received in time. Returning InvalidAction to a3
[ NORMAL ]   ##   No valid document received in time. Returning InvalidAction to a4
[ NORMAL ]   ##   No valid document received in time. Returning InvalidAction to b1
[ NORMAL ]   ##   No valid document received in time. Returning InvalidAction to b2
[ NORMAL ]   ##   No valid document received in time. Returning InvalidAction to b3
[ NORMAL ]   ##   No valid document received in time. Returning InvalidAction to b4
[ NORMAL ]   ##   Simulation at step: 8
[ DEBUG  ]  16:56:16 1 massim.framework.ObjectDumperObserver.notifySimulationState:57
[ NORMAL ]   ##   No valid document received in time. Returning InvalidAction to a1
[ NORMAL ]   ##   No valid document received in time. Returning InvalidAction to a2
[ NORMAL ]   ##   No valid document received in time. Returning InvalidAction to a3
[ NORMAL ]   ##   No valid document received in time. Returning InvalidAction to b1
[ NORMAL ]   ##   No valid document received in time. Returning InvalidAction to a4
[ NORMAL ]   ##   No valid document received in time. Returning InvalidAction to b2
[ NORMAL ]   ##   No valid document received in time. Returning InvalidAction to b3
[ NORMAL ]   ##   No valid document received in time. Returning InvalidAction to b4
[ NORMAL ]   ##   Simulation at step: 9
[ DEBUG  ]  16:56:20 1 massim.framework.ObjectDumperObserver.notifySimulationState:57
[ NORMAL ]   ##   No valid document received in time. Returning InvalidAction to a1
[ NORMAL ]   ##   No valid document received in time. Returning InvalidAction to a2
[ NORMAL ]   ##   No valid document received in time. Returning InvalidAction to a3
[ NORMAL ]   ##   No valid document received in time. Returning InvalidAction to a4
[ NORMAL ]   ##   No valid document received in time. Returning InvalidAction to b1
[ NORMAL ]   ##   No valid document received in time. Returning InvalidAction to b2
[ NORMAL ]   ##   No valid document received in time. Returning InvalidAction to b3
[ NORMAL ]   ##   No valid document received in time. Returning InvalidAction to b4
[ NORMAL ]   ##   Simulation at step: 10
[ DEBUG  ]  16:56:24 1 massim.framework.ObjectDumperObserver.notifySimulationState:57
[ NORMAL ]   ##   No valid document received in time. Returning InvalidAction to a1
[ NORMAL ]   ##   No valid document received in time. Returning InvalidAction to a2
[ NORMAL ]   ##   No valid document received in time. Returning InvalidAction to a3
[ NORMAL ]   ##   No valid document received in time. Returning InvalidAction to a4
[ NORMAL ]   ##   No valid document received in time. Returning InvalidAction to b1
[ NORMAL ]   ##   No valid document received in time. Returning InvalidAction to b2
[ NORMAL ]   ##   No valid document received in time. Returning InvalidAction to b3
[ NORMAL ]   ##   No valid document received in time. Returning InvalidAction to b4
[ NORMAL ]   ##   Simulation at step: 11
[ DEBUG  ]  16:56:27 1 massim.framework.ObjectDumperObserver.notifySimulationState:57
[ NORMAL ]   ##   No valid document received in time. Returning InvalidAction to a2
[ NORMAL ]   ##   No valid document received in time. Returning InvalidAction to a1
[ NORMAL ]   ##   No valid document received in time. Returning InvalidAction to a3
[ NORMAL ]   ##   No valid document received in time. Returning InvalidAction to a4
[ NORMAL ]   ##   No valid document received in time. Returning InvalidAction to b1
[ NORMAL ]   ##   No valid document received in time. Returning InvalidAction to b2
[ NORMAL ]   ##   No valid document received in time. Returning InvalidAction to b3
[ NORMAL ]   ##   No valid document received in time. Returning InvalidAction to b4
[ NORMAL ]   ##   Simulation at step: 12
[ DEBUG  ]  16:56:31 1 massim.framework.ObjectDumperObserver.notifySimulationState:57
[ NORMAL ]   ##   No valid document received in time. Returning InvalidAction to a1
[ NORMAL ]   ##   No valid document received in time. Returning InvalidAction to a2
[ NORMAL ]   ##   No valid document received in time. Returning InvalidAction to a3
[ NORMAL ]   ##   No valid document received in time. Returning InvalidAction to a4
[ NORMAL ]   ##   No valid document received in time. Returning InvalidAction to b1
[ NORMAL ]   ##   No valid document received in time. Returning InvalidAction to b2
[ NORMAL ]   ##   No valid document received in time. Returning InvalidAction to b3
[ NORMAL ]   ##   No valid document received in time. Returning InvalidAction to b4
[ NORMAL ]   ##   Simulation at step: 13
[ DEBUG  ]  16:56:34 1 massim.framework.ObjectDumperObserver.notifySimulationState:57
[ NORMAL ]   ##   No valid document received in time. Returning InvalidAction to a1
[ NORMAL ]   ##   No valid document received in time. Returning InvalidAction to a2
[ NORMAL ]   ##   No valid document received in time. Returning InvalidAction to a3
[ NORMAL ]   ##   No valid document received in time. Returning InvalidAction to a4
[ NORMAL ]   ##   No valid document received in time. Returning InvalidAction to b1
[ NORMAL ]   ##   No valid document received in time. Returning InvalidAction to b2
[ NORMAL ]   ##   No valid document received in time. Returning InvalidAction to b3
[ NORMAL ]   ##   No valid document received in time. Returning InvalidAction to b4
[ NORMAL ]   ##   Simulation at step: 14
[ DEBUG  ]  16:56:38 1 massim.framework.ObjectDumperObserver.notifySimulationState:57
[ NORMAL ]   ##   No valid document received in time. Returning InvalidAction to a2
[ NORMAL ]   ##   No valid document received in time. Returning InvalidAction to a3
[ NORMAL ]   ##   No valid document received in time. Returning InvalidAction to a1
[ NORMAL ]   ##   No valid document received in time. Returning InvalidAction to a4
[ NORMAL ]   ##   No valid document received in time. Returning InvalidAction to b1
[ NORMAL ]   ##   No valid document received in time. Returning InvalidAction to b2
[ NORMAL ]   ##   No valid document received in time. Returning InvalidAction to b3
[ NORMAL ]   ##   No valid document received in time. Returning InvalidAction to b4
[ NORMAL ]   ##   Simulation at step: 15
[ DEBUG  ]  16:56:42 1 massim.framework.ObjectDumperObserver.notifySimulationState:57
[ NORMAL ]   ##   No valid document received in time. Returning InvalidAction to a1
[ NORMAL ]   ##   No valid document received in time. Returning InvalidAction to a2
[ NORMAL ]   ##   No valid document received in time. Returning InvalidAction to a3
[ NORMAL ]   ##   No valid document received in time. Returning InvalidAction to a4
[ NORMAL ]   ##   No valid document received in time. Returning InvalidAction to b1
[ NORMAL ]   ##   No valid document received in time. Returning InvalidAction to b2
[ NORMAL ]   ##   No valid document received in time. Returning InvalidAction to b3
[ NORMAL ]   ##   No valid document received in time. Returning InvalidAction to b4
[ NORMAL ]   ##   Simulation at step: 16
[ DEBUG  ]  16:56:45 1 massim.framework.ObjectDumperObserver.notifySimulationState:57
[ NORMAL ]   ##   No valid document received in time. Returning InvalidAction to a1
[ NORMAL ]   ##   No valid document received in time. Returning InvalidAction to a2
[ NORMAL ]   ##   No valid document received in time. Returning InvalidAction to a3
[ NORMAL ]   ##   No valid document received in time. Returning InvalidAction to a4
[ NORMAL ]   ##   No valid document received in time. Returning InvalidAction to b1
[ NORMAL ]   ##   No valid document received in time. Returning InvalidAction to b2
[ NORMAL ]   ##   No valid document received in time. Returning InvalidAction to b3
[ NORMAL ]   ##   No valid document received in time. Returning InvalidAction to b4
[ NORMAL ]   ##   Simulation at step: 17
[ DEBUG  ]  16:56:49 1 massim.framework.ObjectDumperObserver.notifySimulationState:57
[ NORMAL ]   ##   No valid document received in time. Returning InvalidAction to a1
[ NORMAL ]   ##   No valid document received in time. Returning InvalidAction to a2
[ NORMAL ]   ##   No valid document received in time. Returning InvalidAction to a3
[ NORMAL ]   ##   No valid document received in time. Returning InvalidAction to a4
[ NORMAL ]   ##   No valid document received in time. Returning InvalidAction to b1
[ NORMAL ]   ##   No valid document received in time. Returning InvalidAction to b2
[ NORMAL ]   ##   No valid document received in time. Returning InvalidAction to b3
[ NORMAL ]   ##   No valid document received in time. Returning InvalidAction to b4
[ NORMAL ]   ##   Simulation at step: 18
[ DEBUG  ]  16:56:53 1 massim.framework.ObjectDumperObserver.notifySimulationState:57
[ NORMAL ]   ##   No valid document received in time. Returning InvalidAction to a1
[ NORMAL ]   ##   No valid document received in time. Returning InvalidAction to a2
[ NORMAL ]   ##   No valid document received in time. Returning InvalidAction to a3
[ NORMAL ]   ##   No valid document received in time. Returning InvalidAction to a4
[ NORMAL ]   ##   No valid document received in time. Returning InvalidAction to b1
[ NORMAL ]   ##   No valid document received in time. Returning InvalidAction to b2
[ NORMAL ]   ##   No valid document received in time. Returning InvalidAction to b3
[ NORMAL ]   ##   No valid document received in time. Returning InvalidAction to b4
[ NORMAL ]   ##   Simulation at step: 19
[ DEBUG  ]  16:56:56 1 massim.framework.ObjectDumperObserver.notifySimulationState:57
[ NORMAL ]   ##   No valid document received in time. Returning InvalidAction to a1
[ NORMAL ]   ##   No valid document received in time. Returning InvalidAction to a2
[ NORMAL ]   ##   No valid document received in time. Returning InvalidAction to a3
[ NORMAL ]   ##   No valid document received in time. Returning InvalidAction to a4
[ NORMAL ]   ##   No valid document received in time. Returning InvalidAction to b1
[ NORMAL ]   ##   No valid document received in time. Returning InvalidAction to b2
[ NORMAL ]   ##   No valid document received in time. Returning InvalidAction to b3
[ NORMAL ]   ##   No valid document received in time. Returning InvalidAction to b4
[ NORMAL ]   ##   Simulation at step: 20
[ DEBUG  ]  16:57:00 1 massim.framework.ObjectDumperObserver.notifySimulationState:57
[ DEBUG  ]   ##   Error while writing to socket. Abandoning socket
[ DEBUG  ]   ##   Thread finished successfully.
[ DEBUG  ]   ##   Error while writing to socket. Abandoning socket
[ DEBUG  ]   ##   Thread finished successfully.
[ DEBUG  ]   ##   Error while writing to socket. Abandoning socket
[ DEBUG  ]   ##   Error while writing to socket. Abandoning socket
[ DEBUG  ]   ##   Thread finished successfully.
[ DEBUG  ]   ##   Error while writing to socket. Abandoning socket
[ DEBUG  ]   ##   Thread finished successfully.
[ DEBUG  ]   ##   Error while writing to socket. Abandoning socket
[ DEBUG  ]   ##   Thread finished successfully.
[ DEBUG  ]   ##   Thread finished successfully.
[ DEBUG  ]   ##   Error while writing to socket. Abandoning socket
[ DEBUG  ]   ##   Thread finished successfully.
[ DEBUG  ]   ##   Error while writing to socket. Abandoning socket
[ DEBUG  ]   ##   Thread finished successfully.
