[ DEBUG  ]   ##   Server configured.
[ NORMAL ]   ##   Connected to rmiregistry at localhost on port 1099
[ DEBUG  ]  23:27:50 9 massim.framework.connection.InetSocketListener.waitForIncomingSocket:28
[ DEBUG  ]   ##   waiting for connection...
[ DEBUG  ]   ##   RMI HOST: localhost
[ DEBUG  ]   ##   RMI PORT: 1099
[ NORMAL ]   ##   Please press ENTER to start the tournament.
[ DEBUG  ]   ##   got a connection
[ DEBUG  ]  23:27:57 9 massim.framework.connection.InetSocketListener.waitForIncomingSocket:28
[ DEBUG  ]  23:27:57 19 massim.framework.connection.AbstractSocketLoginManager.handleSocket:33
[ DEBUG  ]   ##   waiting for connection...
[ DEBUG  ]   ##   retrieving authentication from client 
[ DEBUG  ]   ##   <?xml version="1.0" encoding="UTF-8"?><message type="auth-request"><authentication password="1" username="a1"/></message>
[ NORMAL ]   ##   got authentication: username=a1 password=1 Address=127.0.0.1
[ DEBUG  ]   ##   received socket:Socket[addr=/127.0.0.1,port=39352,localport=12300]
[ DEBUG  ]   ##   got a connection
[ DEBUG  ]  23:27:57 9 massim.framework.connection.InetSocketListener.waitForIncomingSocket:28
[ DEBUG  ]   ##   waiting for connection...
[ DEBUG  ]  23:27:57 22 massim.framework.connection.AbstractSocketLoginManager.handleSocket:33
[ DEBUG  ]   ##   retrieving authentication from client 
[ DEBUG  ]   ##   <?xml version="1.0" encoding="UTF-8"?><message type="auth-request"><authentication password="1" username="a2"/></message>
[ NORMAL ]   ##   got authentication: username=a2 password=1 Address=127.0.0.1
[ DEBUG  ]   ##   received socket:Socket[addr=/127.0.0.1,port=39353,localport=12300]
[ DEBUG  ]   ##   got a connection
[ DEBUG  ]  23:27:57 9 massim.framework.connection.InetSocketListener.waitForIncomingSocket:28
[ DEBUG  ]   ##   waiting for connection...
[ DEBUG  ]  23:27:57 24 massim.framework.connection.AbstractSocketLoginManager.handleSocket:33
[ DEBUG  ]   ##   retrieving authentication from client 
[ DEBUG  ]   ##   <?xml version="1.0" encoding="UTF-8"?><message type="auth-request"><authentication password="1" username="a3"/></message>
[ NORMAL ]   ##   got authentication: username=a3 password=1 Address=127.0.0.1
[ DEBUG  ]   ##   received socket:Socket[addr=/127.0.0.1,port=39354,localport=12300]
[ DEBUG  ]   ##   got a connection
[ DEBUG  ]  23:27:57 28 massim.framework.connection.AbstractSocketLoginManager.handleSocket:33
[ DEBUG  ]   ##   retrieving authentication from client 
[ DEBUG  ]  23:27:57 9 massim.framework.connection.InetSocketListener.waitForIncomingSocket:28
[ DEBUG  ]   ##   waiting for connection...
[ DEBUG  ]   ##   <?xml version="1.0" encoding="UTF-8"?><message type="auth-request"><authentication password="1" username="a4"/></message>
[ NORMAL ]   ##   got authentication: username=a4 password=1 Address=127.0.0.1
[ DEBUG  ]   ##   received socket:Socket[addr=/127.0.0.1,port=39355,localport=12300]
[ DEBUG  ]   ##   got a connection
[ DEBUG  ]  23:27:57 9 massim.framework.connection.InetSocketListener.waitForIncomingSocket:28
[ DEBUG  ]   ##   waiting for connection...
[ DEBUG  ]  23:27:57 31 massim.framework.connection.AbstractSocketLoginManager.handleSocket:33
[ DEBUG  ]   ##   retrieving authentication from client 
[ DEBUG  ]   ##   <?xml version="1.0" encoding="UTF-8"?><message type="auth-request"><authentication password="1" username="a5"/></message>
[ NORMAL ]   ##   got authentication: username=a5 password=1 Address=127.0.0.1
[CRITICAL]   ##   Server gets InvalidAuthentication from: 127.0.0.1
[ DEBUG  ]   ##   got a connection
[ DEBUG  ]  23:27:57 9 massim.framework.connection.InetSocketListener.waitForIncomingSocket:28
[ DEBUG  ]   ##   waiting for connection...
[ DEBUG  ]  23:27:57 32 massim.framework.connection.AbstractSocketLoginManager.handleSocket:33
[ DEBUG  ]   ##   retrieving authentication from client 
[ DEBUG  ]   ##   <?xml version="1.0" encoding="UTF-8"?><message type="auth-request"><authentication password="1" username="a6"/></message>
[ NORMAL ]   ##   got authentication: username=a6 password=1 Address=127.0.0.1
[CRITICAL]   ##   Server gets InvalidAuthentication from: 127.0.0.1
[ DEBUG  ]   ##   got a connection
[ DEBUG  ]  23:27:57 9 massim.framework.connection.InetSocketListener.waitForIncomingSocket:28
[ DEBUG  ]   ##   waiting for connection...
[ DEBUG  ]  23:27:57 33 massim.framework.connection.AbstractSocketLoginManager.handleSocket:33
[ DEBUG  ]   ##   retrieving authentication from client 
[ DEBUG  ]   ##   <?xml version="1.0" encoding="UTF-8"?><message type="auth-request"><authentication password="1" username="a7"/></message>
[ NORMAL ]   ##   got authentication: username=a7 password=1 Address=127.0.0.1
[CRITICAL]   ##   Server gets InvalidAuthentication from: 127.0.0.1
[ DEBUG  ]   ##   got a connection
[ DEBUG  ]  23:27:57 9 massim.framework.connection.InetSocketListener.waitForIncomingSocket:28
[ DEBUG  ]   ##   waiting for connection...
[ DEBUG  ]  23:27:57 34 massim.framework.connection.AbstractSocketLoginManager.handleSocket:33
[ DEBUG  ]   ##   retrieving authentication from client 
[ DEBUG  ]   ##   <?xml version="1.0" encoding="UTF-8"?><message type="auth-request"><authentication password="1" username="a8"/></message>
[ NORMAL ]   ##   got authentication: username=a8 password=1 Address=127.0.0.1
[CRITICAL]   ##   Server gets InvalidAuthentication from: 127.0.0.1
[ DEBUG  ]   ##   got a connection
[ DEBUG  ]  23:27:57 9 massim.framework.connection.InetSocketListener.waitForIncomingSocket:28
[ DEBUG  ]   ##   waiting for connection...
[ DEBUG  ]  23:27:57 35 massim.framework.connection.AbstractSocketLoginManager.handleSocket:33
[ DEBUG  ]   ##   retrieving authentication from client 
[ DEBUG  ]   ##   <?xml version="1.0" encoding="UTF-8"?><message type="auth-request"><authentication password="1" username="a9"/></message>
[ NORMAL ]   ##   got authentication: username=a9 password=1 Address=127.0.0.1
[CRITICAL]   ##   Server gets InvalidAuthentication from: 127.0.0.1
[ DEBUG  ]   ##   got a connection
[ DEBUG  ]  23:27:57 36 massim.framework.connection.AbstractSocketLoginManager.handleSocket:33
[ DEBUG  ]   ##   retrieving authentication from client 
[ DEBUG  ]   ##   <?xml version="1.0" encoding="UTF-8"?><message type="auth-request"><authentication password="1" username="a10"/></message>
[ NORMAL ]   ##   got authentication: username=a10 password=1 Address=127.0.0.1
[CRITICAL]   ##   Server gets InvalidAuthentication from: 127.0.0.1
[ DEBUG  ]  23:27:57 9 massim.framework.connection.InetSocketListener.waitForIncomingSocket:28
[ DEBUG  ]   ##   waiting for connection...
[ DEBUG  ]   ##   got a connection
[ DEBUG  ]  23:27:57 9 massim.framework.connection.InetSocketListener.waitForIncomingSocket:28
[ DEBUG  ]   ##   waiting for connection...
[ DEBUG  ]  23:27:57 37 massim.framework.connection.AbstractSocketLoginManager.handleSocket:33
[ DEBUG  ]   ##   retrieving authentication from client 
[ DEBUG  ]   ##   <?xml version="1.0" encoding="UTF-8"?><message type="auth-request"><authentication password="1" username="a11"/></message>
[ NORMAL ]   ##   got authentication: username=a11 password=1 Address=127.0.0.1
[CRITICAL]   ##   Server gets InvalidAuthentication from: 127.0.0.1
[ DEBUG  ]   ##   got a connection
[ DEBUG  ]  23:27:57 9 massim.framework.connection.InetSocketListener.waitForIncomingSocket:28
[ DEBUG  ]   ##   waiting for connection...
[ DEBUG  ]  23:27:58 38 massim.framework.connection.AbstractSocketLoginManager.handleSocket:33
[ DEBUG  ]   ##   retrieving authentication from client 
[ DEBUG  ]   ##   <?xml version="1.0" encoding="UTF-8"?><message type="auth-request"><authentication password="1" username="a12"/></message>
[ NORMAL ]   ##   got authentication: username=a12 password=1 Address=127.0.0.1
[CRITICAL]   ##   Server gets InvalidAuthentication from: 127.0.0.1
[ DEBUG  ]   ##   got a connection
[ DEBUG  ]  23:27:58 9 massim.framework.connection.InetSocketListener.waitForIncomingSocket:28
[ DEBUG  ]   ##   waiting for connection...
[ DEBUG  ]  23:27:58 39 massim.framework.connection.AbstractSocketLoginManager.handleSocket:33
[ DEBUG  ]   ##   retrieving authentication from client 
[ DEBUG  ]   ##   <?xml version="1.0" encoding="UTF-8"?><message type="auth-request"><authentication password="1" username="a13"/></message>
[ NORMAL ]   ##   got authentication: username=a13 password=1 Address=127.0.0.1
[CRITICAL]   ##   Server gets InvalidAuthentication from: 127.0.0.1
[ DEBUG  ]   ##   got a connection
[ DEBUG  ]  23:27:58 9 massim.framework.connection.InetSocketListener.waitForIncomingSocket:28
[ DEBUG  ]   ##   waiting for connection...
[ DEBUG  ]  23:27:58 40 massim.framework.connection.AbstractSocketLoginManager.handleSocket:33
[ DEBUG  ]   ##   retrieving authentication from client 
[ DEBUG  ]   ##   <?xml version="1.0" encoding="UTF-8"?><message type="auth-request"><authentication password="1" username="a14"/></message>
[ NORMAL ]   ##   got authentication: username=a14 password=1 Address=127.0.0.1
[CRITICAL]   ##   Server gets InvalidAuthentication from: 127.0.0.1
[ DEBUG  ]   ##   got a connection
[ DEBUG  ]  23:27:58 9 massim.framework.connection.InetSocketListener.waitForIncomingSocket:28
[ DEBUG  ]   ##   waiting for connection...
[ DEBUG  ]  23:27:58 41 massim.framework.connection.AbstractSocketLoginManager.handleSocket:33
[ DEBUG  ]   ##   retrieving authentication from client 
[ DEBUG  ]   ##   <?xml version="1.0" encoding="UTF-8"?><message type="auth-request"><authentication password="1" username="a15"/></message>
[ NORMAL ]   ##   got authentication: username=a15 password=1 Address=127.0.0.1
[CRITICAL]   ##   Server gets InvalidAuthentication from: 127.0.0.1
[ DEBUG  ]   ##   got a connection
[ DEBUG  ]  23:27:58 9 massim.framework.connection.InetSocketListener.waitForIncomingSocket:28
[ DEBUG  ]   ##   waiting for connection...
[ DEBUG  ]  23:27:58 42 massim.framework.connection.AbstractSocketLoginManager.handleSocket:33
[ DEBUG  ]   ##   retrieving authentication from client 
[ DEBUG  ]   ##   <?xml version="1.0" encoding="UTF-8"?><message type="auth-request"><authentication password="1" username="a16"/></message>
[ NORMAL ]   ##   got authentication: username=a16 password=1 Address=127.0.0.1
[CRITICAL]   ##   Server gets InvalidAuthentication from: 127.0.0.1
[ DEBUG  ]   ##   got a connection
[ DEBUG  ]  23:27:58 9 massim.framework.connection.InetSocketListener.waitForIncomingSocket:28
[ DEBUG  ]   ##   waiting for connection...
[ DEBUG  ]  23:27:58 43 massim.framework.connection.AbstractSocketLoginManager.handleSocket:33
[ DEBUG  ]   ##   retrieving authentication from client 
[ DEBUG  ]   ##   <?xml version="1.0" encoding="UTF-8"?><message type="auth-request"><authentication password="1" username="b1"/></message>
[ NORMAL ]   ##   got authentication: username=b1 password=1 Address=127.0.0.1
[ DEBUG  ]   ##   received socket:Socket[addr=/127.0.0.1,port=39368,localport=12300]
[ DEBUG  ]   ##   got a connection
[ DEBUG  ]  23:27:58 9 massim.framework.connection.InetSocketListener.waitForIncomingSocket:28
[ DEBUG  ]   ##   waiting for connection...
[ DEBUG  ]  23:27:58 46 massim.framework.connection.AbstractSocketLoginManager.handleSocket:33
[ DEBUG  ]   ##   retrieving authentication from client 
[ DEBUG  ]   ##   <?xml version="1.0" encoding="UTF-8"?><message type="auth-request"><authentication password="1" username="b2"/></message>
[ NORMAL ]   ##   got authentication: username=b2 password=1 Address=127.0.0.1
[ DEBUG  ]   ##   received socket:Socket[addr=/127.0.0.1,port=39369,localport=12300]
[ DEBUG  ]   ##   got a connection
[ DEBUG  ]  23:27:58 9 massim.framework.connection.InetSocketListener.waitForIncomingSocket:28
[ DEBUG  ]   ##   waiting for connection...
[ DEBUG  ]  23:27:58 49 massim.framework.connection.AbstractSocketLoginManager.handleSocket:33
[ DEBUG  ]   ##   retrieving authentication from client 
[ DEBUG  ]   ##   <?xml version="1.0" encoding="UTF-8"?><message type="auth-request"><authentication password="1" username="b3"/></message>
[ NORMAL ]   ##   got authentication: username=b3 password=1 Address=127.0.0.1
[ DEBUG  ]   ##   received socket:Socket[addr=/127.0.0.1,port=39370,localport=12300]
[ DEBUG  ]   ##   got a connection
[ DEBUG  ]  23:27:58 9 massim.framework.connection.InetSocketListener.waitForIncomingSocket:28
[ DEBUG  ]   ##   waiting for connection...
[ DEBUG  ]  23:27:58 52 massim.framework.connection.AbstractSocketLoginManager.handleSocket:33
[ DEBUG  ]   ##   retrieving authentication from client 
[ DEBUG  ]   ##   <?xml version="1.0" encoding="UTF-8"?><message type="auth-request"><authentication password="1" username="b4"/></message>
[ NORMAL ]   ##   got authentication: username=b4 password=1 Address=127.0.0.1
[ DEBUG  ]   ##   received socket:Socket[addr=/127.0.0.1,port=39371,localport=12300]
[ DEBUG  ]   ##   got a connection
[ DEBUG  ]  23:27:58 9 massim.framework.connection.InetSocketListener.waitForIncomingSocket:28
[ DEBUG  ]   ##   waiting for connection...
[ DEBUG  ]  23:27:58 55 massim.framework.connection.AbstractSocketLoginManager.handleSocket:33
[ DEBUG  ]   ##   retrieving authentication from client 
[ DEBUG  ]   ##   <?xml version="1.0" encoding="UTF-8"?><message type="auth-request"><authentication password="1" username="b5"/></message>
[ NORMAL ]   ##   got authentication: username=b5 password=1 Address=127.0.0.1
[CRITICAL]   ##   Server gets InvalidAuthentication from: 127.0.0.1
[ DEBUG  ]   ##   got a connection
[ DEBUG  ]  23:27:58 9 massim.framework.connection.InetSocketListener.waitForIncomingSocket:28
[ DEBUG  ]   ##   waiting for connection...
[ DEBUG  ]  23:27:58 56 massim.framework.connection.AbstractSocketLoginManager.handleSocket:33
[ DEBUG  ]   ##   retrieving authentication from client 
[ DEBUG  ]   ##   <?xml version="1.0" encoding="UTF-8"?><message type="auth-request"><authentication password="1" username="b6"/></message>
[ NORMAL ]   ##   got authentication: username=b6 password=1 Address=127.0.0.1
[CRITICAL]   ##   Server gets InvalidAuthentication from: 127.0.0.1
[ DEBUG  ]   ##   got a connection
[ DEBUG  ]  23:27:58 57 massim.framework.connection.AbstractSocketLoginManager.handleSocket:33
[ DEBUG  ]   ##   retrieving authentication from client 
[ DEBUG  ]  23:27:58 9 massim.framework.connection.InetSocketListener.waitForIncomingSocket:28
[ DEBUG  ]   ##   waiting for connection...
[ DEBUG  ]   ##   <?xml version="1.0" encoding="UTF-8"?><message type="auth-request"><authentication password="1" username="b7"/></message>
[ NORMAL ]   ##   got authentication: username=b7 password=1 Address=127.0.0.1
[CRITICAL]   ##   Server gets InvalidAuthentication from: 127.0.0.1
[ DEBUG  ]   ##   got a connection
[ DEBUG  ]  23:27:58 9 massim.framework.connection.InetSocketListener.waitForIncomingSocket:28
[ DEBUG  ]   ##   waiting for connection...
[ DEBUG  ]  23:27:58 58 massim.framework.connection.AbstractSocketLoginManager.handleSocket:33
[ DEBUG  ]   ##   retrieving authentication from client 
[ DEBUG  ]   ##   <?xml version="1.0" encoding="UTF-8"?><message type="auth-request"><authentication password="1" username="b8"/></message>
[ NORMAL ]   ##   got authentication: username=b8 password=1 Address=127.0.0.1
[CRITICAL]   ##   Server gets InvalidAuthentication from: 127.0.0.1
[ DEBUG  ]   ##   got a connection
[ DEBUG  ]  23:27:58 9 massim.framework.connection.InetSocketListener.waitForIncomingSocket:28
[ DEBUG  ]   ##   waiting for connection...
[ DEBUG  ]  23:27:58 59 massim.framework.connection.AbstractSocketLoginManager.handleSocket:33
[ DEBUG  ]   ##   retrieving authentication from client 
[ DEBUG  ]   ##   <?xml version="1.0" encoding="UTF-8"?><message type="auth-request"><authentication password="1" username="b9"/></message>
[ NORMAL ]   ##   got authentication: username=b9 password=1 Address=127.0.0.1
[CRITICAL]   ##   Server gets InvalidAuthentication from: 127.0.0.1
[ DEBUG  ]   ##   got a connection
[ DEBUG  ]  23:27:58 9 massim.framework.connection.InetSocketListener.waitForIncomingSocket:28
[ DEBUG  ]   ##   waiting for connection...
[ DEBUG  ]  23:27:58 60 massim.framework.connection.AbstractSocketLoginManager.handleSocket:33
[ DEBUG  ]   ##   retrieving authentication from client 
[ DEBUG  ]   ##   <?xml version="1.0" encoding="UTF-8"?><message type="auth-request"><authentication password="1" username="b10"/></message>
[ NORMAL ]   ##   got authentication: username=b10 password=1 Address=127.0.0.1
[CRITICAL]   ##   Server gets InvalidAuthentication from: 127.0.0.1
[ DEBUG  ]   ##   got a connection
[ DEBUG  ]  23:27:58 9 massim.framework.connection.InetSocketListener.waitForIncomingSocket:28
[ DEBUG  ]   ##   waiting for connection...
[ DEBUG  ]  23:27:58 61 massim.framework.connection.AbstractSocketLoginManager.handleSocket:33
[ DEBUG  ]   ##   retrieving authentication from client 
[ DEBUG  ]   ##   <?xml version="1.0" encoding="UTF-8"?><message type="auth-request"><authentication password="1" username="b11"/></message>
[ NORMAL ]   ##   got authentication: username=b11 password=1 Address=127.0.0.1
[CRITICAL]   ##   Server gets InvalidAuthentication from: 127.0.0.1
[ DEBUG  ]   ##   got a connection
[ DEBUG  ]  23:27:58 9 massim.framework.connection.InetSocketListener.waitForIncomingSocket:28
[ DEBUG  ]  23:27:58 62 massim.framework.connection.AbstractSocketLoginManager.handleSocket:33
[ DEBUG  ]   ##   waiting for connection...
[ DEBUG  ]   ##   retrieving authentication from client 
[ DEBUG  ]   ##   <?xml version="1.0" encoding="UTF-8"?><message type="auth-request"><authentication password="1" username="b12"/></message>
[ NORMAL ]   ##   got authentication: username=b12 password=1 Address=127.0.0.1
[CRITICAL]   ##   Server gets InvalidAuthentication from: 127.0.0.1
[ DEBUG  ]   ##   got a connection
[ DEBUG  ]  23:27:58 63 massim.framework.connection.AbstractSocketLoginManager.handleSocket:33
[ DEBUG  ]   ##   retrieving authentication from client 
[ DEBUG  ]  23:27:58 9 massim.framework.connection.InetSocketListener.waitForIncomingSocket:28
[ DEBUG  ]   ##   waiting for connection...
[ DEBUG  ]   ##   <?xml version="1.0" encoding="UTF-8"?><message type="auth-request"><authentication password="1" username="b13"/></message>
[ NORMAL ]   ##   got authentication: username=b13 password=1 Address=127.0.0.1
[CRITICAL]   ##   Server gets InvalidAuthentication from: 127.0.0.1
[ DEBUG  ]   ##   got a connection
[ DEBUG  ]  23:27:58 9 massim.framework.connection.InetSocketListener.waitForIncomingSocket:28
[ DEBUG  ]  23:27:58 64 massim.framework.connection.AbstractSocketLoginManager.handleSocket:33
[ DEBUG  ]   ##   waiting for connection...
[ DEBUG  ]   ##   retrieving authentication from client 
[ DEBUG  ]   ##   <?xml version="1.0" encoding="UTF-8"?><message type="auth-request"><authentication password="1" username="b14"/></message>
[ NORMAL ]   ##   got authentication: username=b14 password=1 Address=127.0.0.1
[CRITICAL]   ##   Server gets InvalidAuthentication from: 127.0.0.1
[ DEBUG  ]   ##   got a connection
[ DEBUG  ]  23:27:58 9 massim.framework.connection.InetSocketListener.waitForIncomingSocket:28
[ DEBUG  ]   ##   waiting for connection...
[ DEBUG  ]  23:27:58 65 massim.framework.connection.AbstractSocketLoginManager.handleSocket:33
[ DEBUG  ]   ##   retrieving authentication from client 
[ DEBUG  ]   ##   <?xml version="1.0" encoding="UTF-8"?><message type="auth-request"><authentication password="1" username="b15"/></message>
[ NORMAL ]   ##   got authentication: username=b15 password=1 Address=127.0.0.1
[CRITICAL]   ##   Server gets InvalidAuthentication from: 127.0.0.1
[ DEBUG  ]   ##   got a connection
[ DEBUG  ]  23:27:58 9 massim.framework.connection.InetSocketListener.waitForIncomingSocket:28
[ DEBUG  ]   ##   waiting for connection...
[ DEBUG  ]  23:27:58 66 massim.framework.connection.AbstractSocketLoginManager.handleSocket:33
[ DEBUG  ]   ##   retrieving authentication from client 
[ DEBUG  ]   ##   <?xml version="1.0" encoding="UTF-8"?><message type="auth-request"><authentication password="1" username="b16"/></message>
[ NORMAL ]   ##   got authentication: username=b16 password=1 Address=127.0.0.1
[CRITICAL]   ##   Server gets InvalidAuthentication from: 127.0.0.1
[ DEBUG  ]   ##   got a connection
[ DEBUG  ]  23:27:59 9 massim.framework.connection.InetSocketListener.waitForIncomingSocket:28
[ DEBUG  ]   ##   waiting for connection...
[ DEBUG  ]   ##   got a connection
[ DEBUG  ]  23:27:59 67 massim.framework.connection.AbstractSocketLoginManager.handleSocket:33
[ DEBUG  ]   ##   retrieving authentication from client 
[ DEBUG  ]   ##   <?xml version="1.0" encoding="UTF-8"?><message type="auth-request"><authentication password="1" username="a4"/></message>
[ DEBUG  ]  23:27:59 9 massim.framework.connection.InetSocketListener.waitForIncomingSocket:28
[ DEBUG  ]  23:27:59 68 massim.framework.connection.AbstractSocketLoginManager.handleSocket:33
[ DEBUG  ]   ##   waiting for connection...
[ DEBUG  ]   ##   retrieving authentication from client 
[ DEBUG  ]   ##   got a connection
[ NORMAL ]   ##   got authentication: username=a4 password=1 Address=127.0.0.1
[ DEBUG  ]   ##   <?xml version="1.0" encoding="UTF-8"?><message type="auth-request"><authentication password="1" username="b2"/></message>
[ NORMAL ]   ##   got authentication: username=b2 password=1 Address=127.0.0.1
[ DEBUG  ]  23:27:59 9 massim.framework.connection.InetSocketListener.waitForIncomingSocket:28
[ DEBUG  ]   ##   waiting for connection...
[ DEBUG  ]  23:27:59 69 massim.framework.connection.AbstractSocketLoginManager.handleSocket:33
[ DEBUG  ]   ##   retrieving authentication from client 
[ DEBUG  ]   ##   <?xml version="1.0" encoding="UTF-8"?><message type="auth-request"><authentication password="1" username="a1"/></message>
[ DEBUG  ]   ##   received socket:Socket[addr=/127.0.0.1,port=39384,localport=12300]
[ NORMAL ]   ##   got authentication: username=a1 password=1 Address=127.0.0.1
[ DEBUG  ]   ##   Thread interrupted.
[ DEBUG  ]   ##   Thread finished successfully.
[ DEBUG  ]   ##   received socket:Socket[addr=/127.0.0.1,port=39385,localport=12300]
[ DEBUG  ]   ##   received socket:Socket[addr=/127.0.0.1,port=39386,localport=12300]
[ DEBUG  ]   ##   got a connection
[ DEBUG  ]   ##   Thread interrupted.
[ DEBUG  ]   ##   Thread finished successfully.
[ DEBUG  ]   ##   Thread interrupted.
[ DEBUG  ]   ##   Thread finished successfully.
[ DEBUG  ]  23:28:00 9 massim.framework.connection.InetSocketListener.waitForIncomingSocket:28
[ DEBUG  ]   ##   waiting for connection...
[ DEBUG  ]   ##   got a connection
[ DEBUG  ]  23:28:00 76 massim.framework.connection.AbstractSocketLoginManager.handleSocket:33
[ DEBUG  ]   ##   retrieving authentication from client 
[ DEBUG  ]  23:28:00 9 massim.framework.connection.InetSocketListener.waitForIncomingSocket:28
[ DEBUG  ]  23:28:00 77 massim.framework.connection.AbstractSocketLoginManager.handleSocket:33
[ DEBUG  ]   ##   waiting for connection...
[ DEBUG  ]   ##   retrieving authentication from client 
[ DEBUG  ]   ##   got a connection
[ DEBUG  ]  23:28:00 9 massim.framework.connection.InetSocketListener.waitForIncomingSocket:28
[ DEBUG  ]  23:28:00 78 massim.framework.connection.AbstractSocketLoginManager.handleSocket:33
[ DEBUG  ]   ##   waiting for connection...
[ DEBUG  ]   ##   retrieving authentication from client 
[ DEBUG  ]   ##   got a connection
[ DEBUG  ]  23:28:00 9 massim.framework.connection.InetSocketListener.waitForIncomingSocket:28
[ DEBUG  ]   ##   waiting for connection...
[ DEBUG  ]  23:28:00 79 massim.framework.connection.AbstractSocketLoginManager.handleSocket:33
[ DEBUG  ]   ##   retrieving authentication from client 
[ DEBUG  ]   ##   got a connection
[ DEBUG  ]  23:28:00 9 massim.framework.connection.InetSocketListener.waitForIncomingSocket:28
[ DEBUG  ]   ##   waiting for connection...
[ DEBUG  ]   ##   <?xml version="1.0" encoding="UTF-8"?><message type="auth-request"><authentication password="1" username="b1"/></message>
[ DEBUG  ]   ##   <?xml version="1.0" encoding="UTF-8"?><message type="auth-request"><authentication password="1" username="b4"/></message>
[ NORMAL ]   ##   got authentication: username=b1 password=1 Address=127.0.0.1
[ DEBUG  ]  23:28:00 80 massim.framework.connection.AbstractSocketLoginManager.handleSocket:33
[ NORMAL ]   ##   got authentication: username=b4 password=1 Address=127.0.0.1
[ DEBUG  ]   ##   retrieving authentication from client 
[ DEBUG  ]   ##   <?xml version="1.0" encoding="UTF-8"?><message type="auth-request"><authentication password="1" username="b3"/></message>
[ NORMAL ]   ##   got authentication: username=b3 password=1 Address=127.0.0.1
[ DEBUG  ]   ##   <?xml version="1.0" encoding="UTF-8"?><message type="auth-request"><authentication password="1" username="a3"/></message>
[ DEBUG  ]   ##   <?xml version="1.0" encoding="UTF-8"?><message type="auth-request"><authentication password="1" username="a2"/></message>
[ DEBUG  ]   ##   received socket:Socket[addr=/127.0.0.1,port=39388,localport=12300]
[ DEBUG  ]   ##   Thread interrupted.
[ NORMAL ]   ##   got authentication: username=a2 password=1 Address=127.0.0.1
[ DEBUG  ]   ##   Thread finished successfully.
[ DEBUG  ]   ##   received socket:Socket[addr=/127.0.0.1,port=39391,localport=12300]
[ DEBUG  ]   ##   Thread interrupted.
[ DEBUG  ]   ##   Thread finished successfully.
[ DEBUG  ]   ##   received socket:Socket[addr=/127.0.0.1,port=39387,localport=12300]
[ DEBUG  ]   ##   Thread interrupted.
[ DEBUG  ]   ##   Thread finished successfully.
[ DEBUG  ]   ##   received socket:Socket[addr=/127.0.0.1,port=39389,localport=12300]
[ DEBUG  ]   ##   Thread interrupted.
[ DEBUG  ]   ##   Thread finished successfully.
[ NORMAL ]   ##   got authentication: username=a3 password=1 Address=127.0.0.1
[ DEBUG  ]   ##   received socket:Socket[addr=/127.0.0.1,port=39390,localport=12300]
[ DEBUG  ]   ##   Thread interrupted.
[ DEBUG  ]   ##   Thread finished successfully.
[ NORMAL ]   ##   now playing: A vs B
[ NORMAL ]   ##   ######################### new simulation run ----
[ ERROR  ]   ##   Error in config.
[ NORMAL ]   ##   No random seed specified - taking system time.
[ NORMAL ]   ##   Seed for map generation: 1464316083170
[ DEBUG  ]  23:28:03 1 massim.framework.DefaultObserver.start:18
[ DEBUG  ]  23:28:03 1 massim.framework.DefaultObserver.start:18
[ DEBUG  ]  23:28:03 1 massim.framework.ObjectDumperObserver.start:68
[ DEBUG  ]   ##   creating...
[ DEBUG  ]   ##   binding...
[ DEBUG  ]   ##   bound
[ DEBUG  ]  23:28:03 1 massim.framework.DefaultObserver.notifySimulationConfiguration:30
[ DEBUG  ]  23:28:03 1 massim.framework.DefaultObserver.notifySimulationConfiguration:30
[ DEBUG  ]  23:28:03 1 massim.framework.ObjectDumperObserver.notifySimulationStart:50
[ DEBUG  ]  23:28:03 1 massim.framework.XMLOutputObserver.notifySimulationStart:41
[ DEBUG  ]  23:28:03 1 massim.framework.ObjectDumperObserver.notifySimulationState:57
[ NORMAL ]   ##   No valid document received in time. Returning InvalidAction to a1
[ NORMAL ]   ##   No valid document received in time. Returning InvalidAction to a2
[ NORMAL ]   ##   No valid document received in time. Returning InvalidAction to a4
[ NORMAL ]   ##   No valid document received in time. Returning InvalidAction to a3
[ NORMAL ]   ##   No valid document received in time. Returning InvalidAction to b2
[ NORMAL ]   ##   Simulation at step: 1
[ DEBUG  ]  23:28:07 1 massim.framework.ObjectDumperObserver.notifySimulationState:57
[ NORMAL ]   ##   No valid document received in time. Returning InvalidAction to b1
[ NORMAL ]   ##   Simulation at step: 2
[ DEBUG  ]  23:28:11 1 massim.framework.ObjectDumperObserver.notifySimulationState:57
[ NORMAL ]   ##   No valid document received in time. Returning InvalidAction to a1
[ NORMAL ]   ##   Simulation at step: 3
[ DEBUG  ]  23:28:15 1 massim.framework.ObjectDumperObserver.notifySimulationState:57
[ NORMAL ]   ##   Simulation at step: 4
[ DEBUG  ]  23:28:15 1 massim.framework.ObjectDumperObserver.notifySimulationState:57
[ NORMAL ]   ##   Simulation at step: 5
[ DEBUG  ]  23:28:15 1 massim.framework.ObjectDumperObserver.notifySimulationState:57
[ NORMAL ]   ##   Simulation at step: 6
[ DEBUG  ]  23:28:16 1 massim.framework.ObjectDumperObserver.notifySimulationState:57
[ NORMAL ]   ##   Simulation at step: 7
[ DEBUG  ]  23:28:16 1 massim.framework.ObjectDumperObserver.notifySimulationState:57
[ NORMAL ]   ##   Simulation at step: 8
[ DEBUG  ]  23:28:16 1 massim.framework.ObjectDumperObserver.notifySimulationState:57
[ NORMAL ]   ##   Simulation at step: 9
[ DEBUG  ]  23:28:16 1 massim.framework.ObjectDumperObserver.notifySimulationState:57
[ NORMAL ]   ##   Simulation at step: 10
[ DEBUG  ]  23:28:16 1 massim.framework.ObjectDumperObserver.notifySimulationState:57
[ NORMAL ]   ##   Simulation at step: 11
[ DEBUG  ]  23:28:17 1 massim.framework.ObjectDumperObserver.notifySimulationState:57
[ NORMAL ]   ##   Simulation at step: 12
[ DEBUG  ]  23:28:17 1 massim.framework.ObjectDumperObserver.notifySimulationState:57
[ NORMAL ]   ##   Simulation at step: 13
[ DEBUG  ]  23:28:17 1 massim.framework.ObjectDumperObserver.notifySimulationState:57
[ NORMAL ]   ##   Simulation at step: 14
[ DEBUG  ]  23:28:17 1 massim.framework.ObjectDumperObserver.notifySimulationState:57
[ NORMAL ]   ##   Simulation at step: 15
[ DEBUG  ]  23:28:17 1 massim.framework.ObjectDumperObserver.notifySimulationState:57
[ NORMAL ]   ##   Simulation at step: 16
[ DEBUG  ]  23:28:18 1 massim.framework.ObjectDumperObserver.notifySimulationState:57
[ NORMAL ]   ##   Simulation at step: 17
[ DEBUG  ]  23:28:18 1 massim.framework.ObjectDumperObserver.notifySimulationState:57
[ NORMAL ]   ##   Simulation at step: 18
[ DEBUG  ]  23:28:18 1 massim.framework.ObjectDumperObserver.notifySimulationState:57
[ NORMAL ]   ##   Simulation at step: 19
[ DEBUG  ]  23:28:18 1 massim.framework.ObjectDumperObserver.notifySimulationState:57
[ NORMAL ]   ##   Simulation at step: 20
[ DEBUG  ]  23:28:18 1 massim.framework.ObjectDumperObserver.notifySimulationState:57
[ NORMAL ]   ##   Simulation at step: 21
[ DEBUG  ]  23:28:18 1 massim.framework.ObjectDumperObserver.notifySimulationState:57
[ NORMAL ]   ##   Simulation at step: 22
[ DEBUG  ]  23:28:18 1 massim.framework.ObjectDumperObserver.notifySimulationState:57
[ NORMAL ]   ##   Simulation at step: 23
[ DEBUG  ]  23:28:19 1 massim.framework.ObjectDumperObserver.notifySimulationState:57
[ NORMAL ]   ##   Simulation at step: 24
[ DEBUG  ]  23:28:19 1 massim.framework.ObjectDumperObserver.notifySimulationState:57
[ NORMAL ]   ##   Simulation at step: 25
[ DEBUG  ]  23:28:19 1 massim.framework.ObjectDumperObserver.notifySimulationState:57
[ NORMAL ]   ##   Simulation at step: 26
[ DEBUG  ]  23:28:19 1 massim.framework.ObjectDumperObserver.notifySimulationState:57
[ NORMAL ]   ##   Simulation at step: 27
[ DEBUG  ]  23:28:19 1 massim.framework.ObjectDumperObserver.notifySimulationState:57
[ NORMAL ]   ##   Simulation at step: 28
[ DEBUG  ]  23:28:19 1 massim.framework.ObjectDumperObserver.notifySimulationState:57
[ NORMAL ]   ##   Simulation at step: 29
[ DEBUG  ]  23:28:20 1 massim.framework.ObjectDumperObserver.notifySimulationState:57
[ NORMAL ]   ##   Simulation at step: 30
[ DEBUG  ]  23:28:20 1 massim.framework.ObjectDumperObserver.notifySimulationState:57
[ NORMAL ]   ##   Simulation at step: 31
[ DEBUG  ]  23:28:20 1 massim.framework.ObjectDumperObserver.notifySimulationState:57
[ NORMAL ]   ##   Simulation at step: 32
[ DEBUG  ]  23:28:20 1 massim.framework.ObjectDumperObserver.notifySimulationState:57
[ NORMAL ]   ##   Simulation at step: 33
[ DEBUG  ]  23:28:20 1 massim.framework.ObjectDumperObserver.notifySimulationState:57
[ NORMAL ]   ##   Simulation at step: 34
[ DEBUG  ]  23:28:20 1 massim.framework.ObjectDumperObserver.notifySimulationState:57
[ NORMAL ]   ##   Simulation at step: 35
[ DEBUG  ]  23:28:21 1 massim.framework.ObjectDumperObserver.notifySimulationState:57
[ NORMAL ]   ##   Simulation at step: 36
[ DEBUG  ]  23:28:21 1 massim.framework.ObjectDumperObserver.notifySimulationState:57
[ NORMAL ]   ##   Simulation at step: 37
[ DEBUG  ]  23:28:21 1 massim.framework.ObjectDumperObserver.notifySimulationState:57
[ NORMAL ]   ##   Simulation at step: 38
[ DEBUG  ]  23:28:21 1 massim.framework.ObjectDumperObserver.notifySimulationState:57
[ NORMAL ]   ##   Simulation at step: 39
[ DEBUG  ]  23:28:21 1 massim.framework.ObjectDumperObserver.notifySimulationState:57
[ NORMAL ]   ##   Simulation at step: 40
[ DEBUG  ]  23:28:21 1 massim.framework.ObjectDumperObserver.notifySimulationState:57
[ NORMAL ]   ##   Simulation at step: 41
[ DEBUG  ]  23:28:21 1 massim.framework.ObjectDumperObserver.notifySimulationState:57
[ NORMAL ]   ##   Simulation at step: 42
[ DEBUG  ]  23:28:22 1 massim.framework.ObjectDumperObserver.notifySimulationState:57
[ NORMAL ]   ##   Simulation at step: 43
[ DEBUG  ]  23:28:22 1 massim.framework.ObjectDumperObserver.notifySimulationState:57
[ NORMAL ]   ##   Simulation at step: 44
[ DEBUG  ]  23:28:22 1 massim.framework.ObjectDumperObserver.notifySimulationState:57
[ NORMAL ]   ##   Simulation at step: 45
[ DEBUG  ]  23:28:22 1 massim.framework.ObjectDumperObserver.notifySimulationState:57
[ NORMAL ]   ##   Simulation at step: 46
[ DEBUG  ]  23:28:22 1 massim.framework.ObjectDumperObserver.notifySimulationState:57
[ NORMAL ]   ##   Simulation at step: 47
[ DEBUG  ]  23:28:22 1 massim.framework.ObjectDumperObserver.notifySimulationState:57
[ NORMAL ]   ##   Simulation at step: 48
[ DEBUG  ]  23:28:23 1 massim.framework.ObjectDumperObserver.notifySimulationState:57
[ NORMAL ]   ##   Simulation at step: 49
[ DEBUG  ]  23:28:23 1 massim.framework.ObjectDumperObserver.notifySimulationState:57
[ NORMAL ]   ##   Simulation at step: 50
[ DEBUG  ]  23:28:23 1 massim.framework.ObjectDumperObserver.notifySimulationState:57
[ NORMAL ]   ##   Simulation at step: 51
[ DEBUG  ]  23:28:23 1 massim.framework.ObjectDumperObserver.notifySimulationState:57
[ NORMAL ]   ##   Simulation at step: 52
[ DEBUG  ]  23:28:23 1 massim.framework.ObjectDumperObserver.notifySimulationState:57
[ NORMAL ]   ##   Simulation at step: 53
[ DEBUG  ]  23:28:23 1 massim.framework.ObjectDumperObserver.notifySimulationState:57
[ NORMAL ]   ##   Simulation at step: 54
[ DEBUG  ]  23:28:24 1 massim.framework.ObjectDumperObserver.notifySimulationState:57
[ NORMAL ]   ##   Simulation at step: 55
[ DEBUG  ]  23:28:24 1 massim.framework.ObjectDumperObserver.notifySimulationState:57
[ NORMAL ]   ##   Simulation at step: 56
[ DEBUG  ]  23:28:24 1 massim.framework.ObjectDumperObserver.notifySimulationState:57
[ NORMAL ]   ##   Simulation at step: 57
[ DEBUG  ]  23:28:24 1 massim.framework.ObjectDumperObserver.notifySimulationState:57
[ NORMAL ]   ##   Simulation at step: 58
[ DEBUG  ]  23:28:24 1 massim.framework.ObjectDumperObserver.notifySimulationState:57
[ NORMAL ]   ##   Simulation at step: 59
[ DEBUG  ]  23:28:24 1 massim.framework.ObjectDumperObserver.notifySimulationState:57
[ NORMAL ]   ##   Simulation at step: 60
[ DEBUG  ]  23:28:24 1 massim.framework.ObjectDumperObserver.notifySimulationState:57
[ NORMAL ]   ##   Simulation at step: 61
[ DEBUG  ]  23:28:25 1 massim.framework.ObjectDumperObserver.notifySimulationState:57
[ NORMAL ]   ##   Simulation at step: 62
[ DEBUG  ]  23:28:25 1 massim.framework.ObjectDumperObserver.notifySimulationState:57
[ NORMAL ]   ##   Simulation at step: 63
[ DEBUG  ]  23:28:25 1 massim.framework.ObjectDumperObserver.notifySimulationState:57
[ NORMAL ]   ##   Simulation at step: 64
[ DEBUG  ]  23:28:25 1 massim.framework.ObjectDumperObserver.notifySimulationState:57
[ NORMAL ]   ##   Simulation at step: 65
[ DEBUG  ]  23:28:25 1 massim.framework.ObjectDumperObserver.notifySimulationState:57
[ NORMAL ]   ##   Simulation at step: 66
[ DEBUG  ]  23:28:25 1 massim.framework.ObjectDumperObserver.notifySimulationState:57
[ NORMAL ]   ##   Simulation at step: 67
[ DEBUG  ]  23:28:25 1 massim.framework.ObjectDumperObserver.notifySimulationState:57
[ NORMAL ]   ##   Simulation at step: 68
[ DEBUG  ]  23:28:26 1 massim.framework.ObjectDumperObserver.notifySimulationState:57
[ NORMAL ]   ##   Simulation at step: 69
[ DEBUG  ]  23:28:26 1 massim.framework.ObjectDumperObserver.notifySimulationState:57
[ NORMAL ]   ##   Simulation at step: 70
[ DEBUG  ]  23:28:26 1 massim.framework.ObjectDumperObserver.notifySimulationState:57
[ NORMAL ]   ##   Simulation at step: 71
[ DEBUG  ]  23:28:26 1 massim.framework.ObjectDumperObserver.notifySimulationState:57
[ NORMAL ]   ##   Simulation at step: 72
[ DEBUG  ]  23:28:26 1 massim.framework.ObjectDumperObserver.notifySimulationState:57
[ NORMAL ]   ##   Simulation at step: 73
[ DEBUG  ]  23:28:26 1 massim.framework.ObjectDumperObserver.notifySimulationState:57
[ NORMAL ]   ##   Simulation at step: 74
[ DEBUG  ]  23:28:26 1 massim.framework.ObjectDumperObserver.notifySimulationState:57
[ NORMAL ]   ##   Simulation at step: 75
[ DEBUG  ]  23:28:27 1 massim.framework.ObjectDumperObserver.notifySimulationState:57
[ NORMAL ]   ##   Simulation at step: 76
[ DEBUG  ]  23:28:27 1 massim.framework.ObjectDumperObserver.notifySimulationState:57
[ NORMAL ]   ##   Simulation at step: 77
[ DEBUG  ]  23:28:27 1 massim.framework.ObjectDumperObserver.notifySimulationState:57
[ NORMAL ]   ##   Simulation at step: 78
[ DEBUG  ]  23:28:27 1 massim.framework.ObjectDumperObserver.notifySimulationState:57
[ NORMAL ]   ##   Simulation at step: 79
[ DEBUG  ]  23:28:27 1 massim.framework.ObjectDumperObserver.notifySimulationState:57
[ NORMAL ]   ##   Simulation at step: 80
[ DEBUG  ]  23:28:27 1 massim.framework.ObjectDumperObserver.notifySimulationState:57
[ NORMAL ]   ##   Simulation at step: 81
[ DEBUG  ]  23:28:27 1 massim.framework.ObjectDumperObserver.notifySimulationState:57
[ NORMAL ]   ##   Simulation at step: 82
[ DEBUG  ]  23:28:27 1 massim.framework.ObjectDumperObserver.notifySimulationState:57
[ NORMAL ]   ##   Simulation at step: 83
[ DEBUG  ]  23:28:28 1 massim.framework.ObjectDumperObserver.notifySimulationState:57
[ NORMAL ]   ##   Simulation at step: 84
[ DEBUG  ]  23:28:28 1 massim.framework.ObjectDumperObserver.notifySimulationState:57
[ NORMAL ]   ##   Simulation at step: 85
[ DEBUG  ]  23:28:28 1 massim.framework.ObjectDumperObserver.notifySimulationState:57
[ NORMAL ]   ##   Simulation at step: 86
[ DEBUG  ]  23:28:28 1 massim.framework.ObjectDumperObserver.notifySimulationState:57
[ NORMAL ]   ##   Simulation at step: 87
[ DEBUG  ]  23:28:28 1 massim.framework.ObjectDumperObserver.notifySimulationState:57
[ NORMAL ]   ##   Simulation at step: 88
[ DEBUG  ]  23:28:28 1 massim.framework.ObjectDumperObserver.notifySimulationState:57
[ NORMAL ]   ##   Simulation at step: 89
[ DEBUG  ]  23:28:28 1 massim.framework.ObjectDumperObserver.notifySimulationState:57
[ NORMAL ]   ##   Simulation at step: 90
[ DEBUG  ]  23:28:28 1 massim.framework.ObjectDumperObserver.notifySimulationState:57
[ NORMAL ]   ##   Simulation at step: 91
[ DEBUG  ]  23:28:28 1 massim.framework.ObjectDumperObserver.notifySimulationState:57
[ NORMAL ]   ##   Simulation at step: 92
[ DEBUG  ]  23:28:29 1 massim.framework.ObjectDumperObserver.notifySimulationState:57
[ NORMAL ]   ##   Simulation at step: 93
[ DEBUG  ]  23:28:29 1 massim.framework.ObjectDumperObserver.notifySimulationState:57
[ NORMAL ]   ##   Simulation at step: 94
[ DEBUG  ]  23:28:29 1 massim.framework.ObjectDumperObserver.notifySimulationState:57
[ NORMAL ]   ##   Simulation at step: 95
[ DEBUG  ]  23:28:29 1 massim.framework.ObjectDumperObserver.notifySimulationState:57
[ NORMAL ]   ##   Simulation at step: 96
[ DEBUG  ]  23:28:29 1 massim.framework.ObjectDumperObserver.notifySimulationState:57
[ NORMAL ]   ##   Simulation at step: 97
[ DEBUG  ]  23:28:29 1 massim.framework.ObjectDumperObserver.notifySimulationState:57
[ NORMAL ]   ##   Simulation at step: 98
[ DEBUG  ]  23:28:29 1 massim.framework.ObjectDumperObserver.notifySimulationState:57
[ NORMAL ]   ##   Simulation at step: 99
[ DEBUG  ]  23:28:29 1 massim.framework.ObjectDumperObserver.notifySimulationState:57
[ NORMAL ]   ##   Simulation at step: 100
[ DEBUG  ]  23:28:30 1 massim.framework.ObjectDumperObserver.notifySimulationState:57
[ NORMAL ]   ##   Simulation at step: 101
[ DEBUG  ]  23:28:30 1 massim.framework.ObjectDumperObserver.notifySimulationState:57
[ NORMAL ]   ##   Simulation at step: 102
[ DEBUG  ]  23:28:30 1 massim.framework.ObjectDumperObserver.notifySimulationState:57
[ NORMAL ]   ##   Simulation at step: 103
[ DEBUG  ]  23:28:30 1 massim.framework.ObjectDumperObserver.notifySimulationState:57
[ NORMAL ]   ##   Simulation at step: 104
[ DEBUG  ]  23:28:30 1 massim.framework.ObjectDumperObserver.notifySimulationState:57
[ NORMAL ]   ##   Simulation at step: 105
[ DEBUG  ]  23:28:30 1 massim.framework.ObjectDumperObserver.notifySimulationState:57
[ NORMAL ]   ##   Simulation at step: 106
[ DEBUG  ]  23:28:30 1 massim.framework.ObjectDumperObserver.notifySimulationState:57
[ NORMAL ]   ##   Simulation at step: 107
[ DEBUG  ]  23:28:31 1 massim.framework.ObjectDumperObserver.notifySimulationState:57
[ NORMAL ]   ##   Simulation at step: 108
[ DEBUG  ]  23:28:31 1 massim.framework.ObjectDumperObserver.notifySimulationState:57
[ NORMAL ]   ##   Simulation at step: 109
[ DEBUG  ]  23:28:31 1 massim.framework.ObjectDumperObserver.notifySimulationState:57
[ NORMAL ]   ##   Simulation at step: 110
[ DEBUG  ]  23:28:31 1 massim.framework.ObjectDumperObserver.notifySimulationState:57
[ NORMAL ]   ##   Simulation at step: 111
[ DEBUG  ]  23:28:31 1 massim.framework.ObjectDumperObserver.notifySimulationState:57
[ NORMAL ]   ##   Simulation at step: 112
[ DEBUG  ]  23:28:31 1 massim.framework.ObjectDumperObserver.notifySimulationState:57
[ NORMAL ]   ##   Simulation at step: 113
[ DEBUG  ]  23:28:32 1 massim.framework.ObjectDumperObserver.notifySimulationState:57
[ NORMAL ]   ##   Simulation at step: 114
[ DEBUG  ]  23:28:32 1 massim.framework.ObjectDumperObserver.notifySimulationState:57
[ NORMAL ]   ##   Simulation at step: 115
[ DEBUG  ]  23:28:32 1 massim.framework.ObjectDumperObserver.notifySimulationState:57
[ NORMAL ]   ##   Simulation at step: 116
[ DEBUG  ]  23:28:32 1 massim.framework.ObjectDumperObserver.notifySimulationState:57
[ NORMAL ]   ##   Simulation at step: 117
[ DEBUG  ]  23:28:32 1 massim.framework.ObjectDumperObserver.notifySimulationState:57
[ NORMAL ]   ##   Simulation at step: 118
[ DEBUG  ]  23:28:32 1 massim.framework.ObjectDumperObserver.notifySimulationState:57
[ NORMAL ]   ##   Simulation at step: 119
[ DEBUG  ]  23:28:33 1 massim.framework.ObjectDumperObserver.notifySimulationState:57
[ NORMAL ]   ##   Simulation at step: 120
[ DEBUG  ]  23:28:33 1 massim.framework.ObjectDumperObserver.notifySimulationState:57
[ NORMAL ]   ##   Simulation at step: 121
[ DEBUG  ]  23:28:33 1 massim.framework.ObjectDumperObserver.notifySimulationState:57
[ NORMAL ]   ##   Simulation at step: 122
[ DEBUG  ]  23:28:33 1 massim.framework.ObjectDumperObserver.notifySimulationState:57
[ NORMAL ]   ##   Simulation at step: 123
[ DEBUG  ]  23:28:33 1 massim.framework.ObjectDumperObserver.notifySimulationState:57
[ NORMAL ]   ##   Simulation at step: 124
[ DEBUG  ]  23:28:33 1 massim.framework.ObjectDumperObserver.notifySimulationState:57
[ NORMAL ]   ##   Simulation at step: 125
[ DEBUG  ]  23:28:34 1 massim.framework.ObjectDumperObserver.notifySimulationState:57
[ NORMAL ]   ##   Simulation at step: 126
[ DEBUG  ]  23:28:34 1 massim.framework.ObjectDumperObserver.notifySimulationState:57
[ NORMAL ]   ##   Simulation at step: 127
[ DEBUG  ]  23:28:34 1 massim.framework.ObjectDumperObserver.notifySimulationState:57
[ NORMAL ]   ##   Simulation at step: 128
[ DEBUG  ]  23:28:34 1 massim.framework.ObjectDumperObserver.notifySimulationState:57
[ NORMAL ]   ##   Simulation at step: 129
[ DEBUG  ]  23:28:34 1 massim.framework.ObjectDumperObserver.notifySimulationState:57
[ NORMAL ]   ##   Simulation at step: 130
[ DEBUG  ]  23:28:35 1 massim.framework.ObjectDumperObserver.notifySimulationState:57
[ NORMAL ]   ##   Simulation at step: 131
[ DEBUG  ]  23:28:35 1 massim.framework.ObjectDumperObserver.notifySimulationState:57
[ NORMAL ]   ##   Simulation at step: 132
[ DEBUG  ]  23:28:35 1 massim.framework.ObjectDumperObserver.notifySimulationState:57
[ NORMAL ]   ##   Simulation at step: 133
[ DEBUG  ]  23:28:35 1 massim.framework.ObjectDumperObserver.notifySimulationState:57
[ NORMAL ]   ##   Simulation at step: 134
[ DEBUG  ]  23:28:35 1 massim.framework.ObjectDumperObserver.notifySimulationState:57
[ NORMAL ]   ##   Simulation at step: 135
[ DEBUG  ]  23:28:35 1 massim.framework.ObjectDumperObserver.notifySimulationState:57
[ NORMAL ]   ##   Simulation at step: 136
[ DEBUG  ]  23:28:36 1 massim.framework.ObjectDumperObserver.notifySimulationState:57
[ NORMAL ]   ##   Simulation at step: 137
[ DEBUG  ]  23:28:36 1 massim.framework.ObjectDumperObserver.notifySimulationState:57
[ NORMAL ]   ##   Simulation at step: 138
[ DEBUG  ]  23:28:36 1 massim.framework.ObjectDumperObserver.notifySimulationState:57
[ NORMAL ]   ##   Simulation at step: 139
[ DEBUG  ]  23:28:36 1 massim.framework.ObjectDumperObserver.notifySimulationState:57
[ NORMAL ]   ##   Simulation at step: 140
[ DEBUG  ]  23:28:36 1 massim.framework.ObjectDumperObserver.notifySimulationState:57
[ NORMAL ]   ##   Simulation at step: 141
[ DEBUG  ]  23:28:36 1 massim.framework.ObjectDumperObserver.notifySimulationState:57
[ NORMAL ]   ##   Simulation at step: 142
[ DEBUG  ]  23:28:37 1 massim.framework.ObjectDumperObserver.notifySimulationState:57
[ NORMAL ]   ##   Simulation at step: 143
[ DEBUG  ]  23:28:37 1 massim.framework.ObjectDumperObserver.notifySimulationState:57
[ NORMAL ]   ##   Simulation at step: 144
[ DEBUG  ]  23:28:37 1 massim.framework.ObjectDumperObserver.notifySimulationState:57
[ NORMAL ]   ##   Simulation at step: 145
[ DEBUG  ]  23:28:37 1 massim.framework.ObjectDumperObserver.notifySimulationState:57
[ NORMAL ]   ##   Simulation at step: 146
[ DEBUG  ]  23:28:37 1 massim.framework.ObjectDumperObserver.notifySimulationState:57
[ NORMAL ]   ##   Simulation at step: 147
[ DEBUG  ]  23:28:37 1 massim.framework.ObjectDumperObserver.notifySimulationState:57
[ NORMAL ]   ##   Simulation at step: 148
[ DEBUG  ]  23:28:38 1 massim.framework.ObjectDumperObserver.notifySimulationState:57
[ NORMAL ]   ##   Simulation at step: 149
[ DEBUG  ]  23:28:38 1 massim.framework.ObjectDumperObserver.notifySimulationState:57
[ NORMAL ]   ##   Simulation at step: 150
[ DEBUG  ]  23:28:38 1 massim.framework.ObjectDumperObserver.notifySimulationState:57
[ NORMAL ]   ##   Simulation at step: 151
[ DEBUG  ]  23:28:38 1 massim.framework.ObjectDumperObserver.notifySimulationState:57
[ NORMAL ]   ##   Simulation at step: 152
[ DEBUG  ]  23:28:38 1 massim.framework.ObjectDumperObserver.notifySimulationState:57
[ NORMAL ]   ##   Simulation at step: 153
[ DEBUG  ]  23:28:38 1 massim.framework.ObjectDumperObserver.notifySimulationState:57
[ NORMAL ]   ##   Simulation at step: 154
[ DEBUG  ]  23:28:39 1 massim.framework.ObjectDumperObserver.notifySimulationState:57
[ NORMAL ]   ##   Simulation at step: 155
[ DEBUG  ]  23:28:39 1 massim.framework.ObjectDumperObserver.notifySimulationState:57
[ NORMAL ]   ##   Simulation at step: 156
[ DEBUG  ]  23:28:39 1 massim.framework.ObjectDumperObserver.notifySimulationState:57
[ NORMAL ]   ##   Simulation at step: 157
[ DEBUG  ]  23:28:39 1 massim.framework.ObjectDumperObserver.notifySimulationState:57
[ NORMAL ]   ##   Simulation at step: 158
[ DEBUG  ]  23:28:39 1 massim.framework.ObjectDumperObserver.notifySimulationState:57
[ NORMAL ]   ##   Simulation at step: 159
[ DEBUG  ]  23:28:39 1 massim.framework.ObjectDumperObserver.notifySimulationState:57
[ NORMAL ]   ##   Simulation at step: 160
[ DEBUG  ]  23:28:40 1 massim.framework.ObjectDumperObserver.notifySimulationState:57
[ NORMAL ]   ##   Simulation at step: 161
[ DEBUG  ]  23:28:40 1 massim.framework.ObjectDumperObserver.notifySimulationState:57
[ NORMAL ]   ##   Simulation at step: 162
[ DEBUG  ]  23:28:40 1 massim.framework.ObjectDumperObserver.notifySimulationState:57
[ NORMAL ]   ##   Simulation at step: 163
[ DEBUG  ]  23:28:40 1 massim.framework.ObjectDumperObserver.notifySimulationState:57
[ NORMAL ]   ##   Simulation at step: 164
[ DEBUG  ]  23:28:40 1 massim.framework.ObjectDumperObserver.notifySimulationState:57
[ NORMAL ]   ##   Simulation at step: 165
[ DEBUG  ]  23:28:40 1 massim.framework.ObjectDumperObserver.notifySimulationState:57
[ NORMAL ]   ##   Simulation at step: 166
[ DEBUG  ]  23:28:40 1 massim.framework.ObjectDumperObserver.notifySimulationState:57
[ NORMAL ]   ##   Simulation at step: 167
[ DEBUG  ]  23:28:41 1 massim.framework.ObjectDumperObserver.notifySimulationState:57
[ NORMAL ]   ##   Simulation at step: 168
[ DEBUG  ]  23:28:41 1 massim.framework.ObjectDumperObserver.notifySimulationState:57
[ NORMAL ]   ##   Simulation at step: 169
[ DEBUG  ]  23:28:41 1 massim.framework.ObjectDumperObserver.notifySimulationState:57
[ NORMAL ]   ##   Simulation at step: 170
[ DEBUG  ]  23:28:41 1 massim.framework.ObjectDumperObserver.notifySimulationState:57
[ NORMAL ]   ##   Simulation at step: 171
[ DEBUG  ]  23:28:41 1 massim.framework.ObjectDumperObserver.notifySimulationState:57
[ NORMAL ]   ##   Simulation at step: 172
[ DEBUG  ]  23:28:41 1 massim.framework.ObjectDumperObserver.notifySimulationState:57
[ NORMAL ]   ##   Simulation at step: 173
[ DEBUG  ]  23:28:42 1 massim.framework.ObjectDumperObserver.notifySimulationState:57
[ NORMAL ]   ##   Simulation at step: 174
[ DEBUG  ]  23:28:42 1 massim.framework.ObjectDumperObserver.notifySimulationState:57
[ NORMAL ]   ##   Simulation at step: 175
[ DEBUG  ]  23:28:42 1 massim.framework.ObjectDumperObserver.notifySimulationState:57
[ NORMAL ]   ##   Simulation at step: 176
[ DEBUG  ]  23:28:42 1 massim.framework.ObjectDumperObserver.notifySimulationState:57
[ NORMAL ]   ##   Simulation at step: 177
[ DEBUG  ]  23:28:42 1 massim.framework.ObjectDumperObserver.notifySimulationState:57
[ NORMAL ]   ##   Simulation at step: 178
[ DEBUG  ]  23:28:42 1 massim.framework.ObjectDumperObserver.notifySimulationState:57
[ NORMAL ]   ##   Simulation at step: 179
[ DEBUG  ]  23:28:42 1 massim.framework.ObjectDumperObserver.notifySimulationState:57
[ NORMAL ]   ##   Simulation at step: 180
[ DEBUG  ]  23:28:43 1 massim.framework.ObjectDumperObserver.notifySimulationState:57
[ NORMAL ]   ##   Simulation at step: 181
[ DEBUG  ]  23:28:43 1 massim.framework.ObjectDumperObserver.notifySimulationState:57
[ NORMAL ]   ##   Simulation at step: 182
[ DEBUG  ]  23:28:43 1 massim.framework.ObjectDumperObserver.notifySimulationState:57
[ NORMAL ]   ##   Simulation at step: 183
[ DEBUG  ]  23:28:43 1 massim.framework.ObjectDumperObserver.notifySimulationState:57
[ NORMAL ]   ##   Simulation at step: 184
[ DEBUG  ]  23:28:43 1 massim.framework.ObjectDumperObserver.notifySimulationState:57
[ NORMAL ]   ##   Simulation at step: 185
[ DEBUG  ]  23:28:43 1 massim.framework.ObjectDumperObserver.notifySimulationState:57
[ NORMAL ]   ##   Simulation at step: 186
[ DEBUG  ]  23:28:44 1 massim.framework.ObjectDumperObserver.notifySimulationState:57
[ NORMAL ]   ##   Simulation at step: 187
[ DEBUG  ]  23:28:44 1 massim.framework.ObjectDumperObserver.notifySimulationState:57
[ NORMAL ]   ##   Simulation at step: 188
[ DEBUG  ]  23:28:44 1 massim.framework.ObjectDumperObserver.notifySimulationState:57
[ NORMAL ]   ##   Simulation at step: 189
[ DEBUG  ]  23:28:44 1 massim.framework.ObjectDumperObserver.notifySimulationState:57
[ NORMAL ]   ##   Simulation at step: 190
[ DEBUG  ]  23:28:44 1 massim.framework.ObjectDumperObserver.notifySimulationState:57
[ NORMAL ]   ##   Simulation at step: 191
[ DEBUG  ]  23:28:44 1 massim.framework.ObjectDumperObserver.notifySimulationState:57
[ NORMAL ]   ##   Simulation at step: 192
[ DEBUG  ]  23:28:44 1 massim.framework.ObjectDumperObserver.notifySimulationState:57
[ NORMAL ]   ##   Simulation at step: 193
[ DEBUG  ]  23:28:45 1 massim.framework.ObjectDumperObserver.notifySimulationState:57
[ NORMAL ]   ##   Simulation at step: 194
[ DEBUG  ]  23:28:45 1 massim.framework.ObjectDumperObserver.notifySimulationState:57
[ NORMAL ]   ##   Simulation at step: 195
[ DEBUG  ]  23:28:45 1 massim.framework.ObjectDumperObserver.notifySimulationState:57
[ NORMAL ]   ##   Simulation at step: 196
[ DEBUG  ]  23:28:45 1 massim.framework.ObjectDumperObserver.notifySimulationState:57
[ NORMAL ]   ##   Simulation at step: 197
[ DEBUG  ]  23:28:45 1 massim.framework.ObjectDumperObserver.notifySimulationState:57
[ NORMAL ]   ##   Simulation at step: 198
[ DEBUG  ]  23:28:45 1 massim.framework.ObjectDumperObserver.notifySimulationState:57
[ NORMAL ]   ##   Simulation at step: 199
[ DEBUG  ]  23:28:45 1 massim.framework.ObjectDumperObserver.notifySimulationState:57
[ NORMAL ]   ##   Simulation at step: 200
[ DEBUG  ]  23:28:46 1 massim.framework.ObjectDumperObserver.notifySimulationState:57
[ NORMAL ]   ##   Simulation at step: 201
[ DEBUG  ]  23:28:46 1 massim.framework.ObjectDumperObserver.notifySimulationState:57
[ NORMAL ]   ##   Simulation at step: 202
[ DEBUG  ]  23:28:46 1 massim.framework.ObjectDumperObserver.notifySimulationState:57
[ NORMAL ]   ##   Simulation at step: 203
[ DEBUG  ]  23:28:46 1 massim.framework.ObjectDumperObserver.notifySimulationState:57
[ NORMAL ]   ##   Simulation at step: 204
[ DEBUG  ]  23:28:46 1 massim.framework.ObjectDumperObserver.notifySimulationState:57
[ NORMAL ]   ##   Simulation at step: 205
[ DEBUG  ]  23:28:46 1 massim.framework.ObjectDumperObserver.notifySimulationState:57
[ NORMAL ]   ##   Simulation at step: 206
[ DEBUG  ]  23:28:46 1 massim.framework.ObjectDumperObserver.notifySimulationState:57
[ NORMAL ]   ##   Simulation at step: 207
[ DEBUG  ]  23:28:46 1 massim.framework.ObjectDumperObserver.notifySimulationState:57
[ NORMAL ]   ##   No valid document received in time. Returning InvalidAction to a3
[ NORMAL ]   ##   No valid document received in time. Returning InvalidAction to b2
[ NORMAL ]   ##   Simulation at step: 208
[ DEBUG  ]  23:28:50 1 massim.framework.ObjectDumperObserver.notifySimulationState:57
[ NORMAL ]   ##   No valid document received in time. Returning InvalidAction to a3
[ NORMAL ]   ##   No valid document received in time. Returning InvalidAction to b2
[ NORMAL ]   ##   No valid document received in time. Returning InvalidAction to b3
[ NORMAL ]   ##   Simulation at step: 209
[ DEBUG  ]  23:28:54 1 massim.framework.ObjectDumperObserver.notifySimulationState:57
[ NORMAL ]   ##   No valid document received in time. Returning InvalidAction to a2
[ NORMAL ]   ##   No valid document received in time. Returning InvalidAction to a3
[ NORMAL ]   ##   No valid document received in time. Returning InvalidAction to b2
[ NORMAL ]   ##   No valid document received in time. Returning InvalidAction to b3
[ NORMAL ]   ##   Simulation at step: 210
[ DEBUG  ]  23:28:57 1 massim.framework.ObjectDumperObserver.notifySimulationState:57
[ NORMAL ]   ##   No valid document received in time. Returning InvalidAction to a2
[ NORMAL ]   ##   No valid document received in time. Returning InvalidAction to a3
[ NORMAL ]   ##   No valid document received in time. Returning InvalidAction to a1
[ NORMAL ]   ##   No valid document received in time. Returning InvalidAction to b1
[ NORMAL ]   ##   No valid document received in time. Returning InvalidAction to b2
[ NORMAL ]   ##   No valid document received in time. Returning InvalidAction to b3
[ NORMAL ]   ##   Simulation at step: 211
[ DEBUG  ]  23:29:01 1 massim.framework.ObjectDumperObserver.notifySimulationState:57
[ NORMAL ]   ##   No valid document received in time. Returning InvalidAction to a1
[ NORMAL ]   ##   No valid document received in time. Returning InvalidAction to a3
[ NORMAL ]   ##   No valid document received in time. Returning InvalidAction to a2
[ NORMAL ]   ##   No valid document received in time. Returning InvalidAction to b1
[ NORMAL ]   ##   No valid document received in time. Returning InvalidAction to b2
[ NORMAL ]   ##   No valid document received in time. Returning InvalidAction to b3
[ NORMAL ]   ##   Simulation at step: 212
[ DEBUG  ]  23:29:04 1 massim.framework.ObjectDumperObserver.notifySimulationState:57
[ NORMAL ]   ##   No valid document received in time. Returning InvalidAction to a1
[ NORMAL ]   ##   No valid document received in time. Returning InvalidAction to a2
[ NORMAL ]   ##   No valid document received in time. Returning InvalidAction to a3
[ NORMAL ]   ##   No valid document received in time. Returning InvalidAction to b1
[ NORMAL ]   ##   No valid document received in time. Returning InvalidAction to b2
[ NORMAL ]   ##   No valid document received in time. Returning InvalidAction to b3
[ NORMAL ]   ##   No valid document received in time. Returning InvalidAction to b4
[ NORMAL ]   ##   Simulation at step: 213
[ DEBUG  ]  23:29:08 1 massim.framework.ObjectDumperObserver.notifySimulationState:57
[ NORMAL ]   ##   No valid document received in time. Returning InvalidAction to a1
[ NORMAL ]   ##   No valid document received in time. Returning InvalidAction to a2
[ NORMAL ]   ##   No valid document received in time. Returning InvalidAction to a3
[ NORMAL ]   ##   No valid document received in time. Returning InvalidAction to b1
[ NORMAL ]   ##   No valid document received in time. Returning InvalidAction to b2
[ NORMAL ]   ##   No valid document received in time. Returning InvalidAction to b3
[ NORMAL ]   ##   No valid document received in time. Returning InvalidAction to b4
[ NORMAL ]   ##   Simulation at step: 214
[ DEBUG  ]  23:29:11 1 massim.framework.ObjectDumperObserver.notifySimulationState:57
[ NORMAL ]   ##   No valid document received in time. Returning InvalidAction to a1
[ NORMAL ]   ##   No valid document received in time. Returning InvalidAction to a2
[ NORMAL ]   ##   No valid document received in time. Returning InvalidAction to a3
[ NORMAL ]   ##   No valid document received in time. Returning InvalidAction to b1
[ NORMAL ]   ##   No valid document received in time. Returning InvalidAction to b2
[ NORMAL ]   ##   No valid document received in time. Returning InvalidAction to b4
[ NORMAL ]   ##   No valid document received in time. Returning InvalidAction to b3
[ NORMAL ]   ##   Simulation at step: 215
[ DEBUG  ]  23:29:15 1 massim.framework.ObjectDumperObserver.notifySimulationState:57
[ NORMAL ]   ##   No valid document received in time. Returning InvalidAction to a1
[ NORMAL ]   ##   No valid document received in time. Returning InvalidAction to a2
[ NORMAL ]   ##   No valid document received in time. Returning InvalidAction to a3
[ NORMAL ]   ##   No valid document received in time. Returning InvalidAction to b1
[ NORMAL ]   ##   No valid document received in time. Returning InvalidAction to b2
[ NORMAL ]   ##   No valid document received in time. Returning InvalidAction to b3
[ NORMAL ]   ##   No valid document received in time. Returning InvalidAction to b4
[ NORMAL ]   ##   Simulation at step: 216
[ DEBUG  ]  23:29:18 1 massim.framework.ObjectDumperObserver.notifySimulationState:57
[ NORMAL ]   ##   No valid document received in time. Returning InvalidAction to a2
[ NORMAL ]   ##   No valid document received in time. Returning InvalidAction to a1
[ NORMAL ]   ##   No valid document received in time. Returning InvalidAction to a3
[ NORMAL ]   ##   No valid document received in time. Returning InvalidAction to b1
[ NORMAL ]   ##   No valid document received in time. Returning InvalidAction to b2
[ NORMAL ]   ##   No valid document received in time. Returning InvalidAction to b3
[ NORMAL ]   ##   No valid document received in time. Returning InvalidAction to b4
[ NORMAL ]   ##   Simulation at step: 217
[ DEBUG  ]  23:29:22 1 massim.framework.ObjectDumperObserver.notifySimulationState:57
[ NORMAL ]   ##   No valid document received in time. Returning InvalidAction to a2
[ NORMAL ]   ##   No valid document received in time. Returning InvalidAction to a1
[ NORMAL ]   ##   No valid document received in time. Returning InvalidAction to a3
[ NORMAL ]   ##   No valid document received in time. Returning InvalidAction to a4
[ NORMAL ]   ##   No valid document received in time. Returning InvalidAction to b1
[ NORMAL ]   ##   No valid document received in time. Returning InvalidAction to b3
[ NORMAL ]   ##   No valid document received in time. Returning InvalidAction to b4
[ NORMAL ]   ##   No valid document received in time. Returning InvalidAction to b2
[ NORMAL ]   ##   Simulation at step: 218
[ DEBUG  ]  23:29:25 1 massim.framework.ObjectDumperObserver.notifySimulationState:57
[ NORMAL ]   ##   No valid document received in time. Returning InvalidAction to a2
[ NORMAL ]   ##   No valid document received in time. Returning InvalidAction to a1
[ NORMAL ]   ##   No valid document received in time. Returning InvalidAction to a4
[ NORMAL ]   ##   No valid document received in time. Returning InvalidAction to b1
[ NORMAL ]   ##   No valid document received in time. Returning InvalidAction to b2
[ NORMAL ]   ##   No valid document received in time. Returning InvalidAction to a3
[ NORMAL ]   ##   No valid document received in time. Returning InvalidAction to b3
[ NORMAL ]   ##   No valid document received in time. Returning InvalidAction to b4
[ NORMAL ]   ##   Simulation at step: 219
[ DEBUG  ]  23:29:29 1 massim.framework.ObjectDumperObserver.notifySimulationState:57
[ NORMAL ]   ##   No valid document received in time. Returning InvalidAction to a1
[ NORMAL ]   ##   No valid document received in time. Returning InvalidAction to a2
[ NORMAL ]   ##   No valid document received in time. Returning InvalidAction to a4
[ NORMAL ]   ##   No valid document received in time. Returning InvalidAction to a3
[ NORMAL ]   ##   No valid document received in time. Returning InvalidAction to b1
[ NORMAL ]   ##   No valid document received in time. Returning InvalidAction to b2
[ NORMAL ]   ##   No valid document received in time. Returning InvalidAction to b3
[ NORMAL ]   ##   No valid document received in time. Returning InvalidAction to b4
[ NORMAL ]   ##   Simulation at step: 220
[ DEBUG  ]  23:29:32 1 massim.framework.ObjectDumperObserver.notifySimulationState:57
[ NORMAL ]   ##   No valid document received in time. Returning InvalidAction to a2
[ NORMAL ]   ##   No valid document received in time. Returning InvalidAction to a1
[ NORMAL ]   ##   No valid document received in time. Returning InvalidAction to a3
[ NORMAL ]   ##   No valid document received in time. Returning InvalidAction to a4
[ NORMAL ]   ##   No valid document received in time. Returning InvalidAction to b1
[ NORMAL ]   ##   No valid document received in time. Returning InvalidAction to b3
[ NORMAL ]   ##   No valid document received in time. Returning InvalidAction to b4
[ NORMAL ]   ##   No valid document received in time. Returning InvalidAction to b2
[ NORMAL ]   ##   Simulation at step: 221
[ DEBUG  ]  23:29:36 1 massim.framework.ObjectDumperObserver.notifySimulationState:57
[ NORMAL ]   ##   No valid document received in time. Returning InvalidAction to a1
[ NORMAL ]   ##   No valid document received in time. Returning InvalidAction to a2
[ NORMAL ]   ##   No valid document received in time. Returning InvalidAction to a3
[ NORMAL ]   ##   No valid document received in time. Returning InvalidAction to a4
[ NORMAL ]   ##   No valid document received in time. Returning InvalidAction to b1
[ NORMAL ]   ##   No valid document received in time. Returning InvalidAction to b2
[ NORMAL ]   ##   No valid document received in time. Returning InvalidAction to b4
[ NORMAL ]   ##   No valid document received in time. Returning InvalidAction to b3
[ NORMAL ]   ##   Simulation at step: 222
[ DEBUG  ]  23:29:39 1 massim.framework.ObjectDumperObserver.notifySimulationState:57
[ DEBUG  ]   ##   Error while writing to socket. Abandoning socket
[ DEBUG  ]   ##   Thread finished successfully.
[ DEBUG  ]   ##   Error while writing to socket. Abandoning socket
[ DEBUG  ]   ##   Thread finished successfully.
[ DEBUG  ]   ##   Error while writing to socket. Abandoning socket
[ DEBUG  ]   ##   Thread finished successfully.
[ DEBUG  ]   ##   Error while writing to socket. Abandoning socket
[ DEBUG  ]   ##   Thread finished successfully.
[ DEBUG  ]   ##   Error while writing to socket. Abandoning socket
[ DEBUG  ]   ##   Error while writing to socket. Abandoning socket
[ DEBUG  ]   ##   Thread finished successfully.
[ DEBUG  ]   ##   Thread finished successfully.
[ DEBUG  ]   ##   Error while writing to socket. Abandoning socket
[ DEBUG  ]   ##   Thread finished successfully.
[ DEBUG  ]   ##   Error while writing to socket. Abandoning socket
[ DEBUG  ]   ##   Thread finished successfully.
[ NORMAL ]   ##   No valid document received in time. Returning InvalidAction to a3
[ NORMAL ]   ##   No valid document received in time. Returning InvalidAction to a1
[ NORMAL ]   ##   No valid document received in time. Returning InvalidAction to a2
[ NORMAL ]   ##   No valid document received in time. Returning InvalidAction to a4
[ NORMAL ]   ##   No valid document received in time. Returning InvalidAction to b2
[ NORMAL ]   ##   No valid document received in time. Returning InvalidAction to b1
[ NORMAL ]   ##   No valid document received in time. Returning InvalidAction to b3
[ NORMAL ]   ##   No valid document received in time. Returning InvalidAction to b4
[ NORMAL ]   ##   Simulation at step: 223
[ DEBUG  ]  23:29:43 1 massim.framework.ObjectDumperObserver.notifySimulationState:57
[ NORMAL ]   ##   No valid document received in time. Returning InvalidAction to a2
[ NORMAL ]   ##   No valid document received in time. Returning InvalidAction to a1
[ NORMAL ]   ##   No valid document received in time. Returning InvalidAction to a4
[ NORMAL ]   ##   No valid document received in time. Returning InvalidAction to a3
[ NORMAL ]   ##   No valid document received in time. Returning InvalidAction to b1
[ NORMAL ]   ##   No valid document received in time. Returning InvalidAction to b2
[ NORMAL ]   ##   No valid document received in time. Returning InvalidAction to b3
[ NORMAL ]   ##   No valid document received in time. Returning InvalidAction to b4
[ NORMAL ]   ##   Simulation at step: 224
[ DEBUG  ]  23:29:46 1 massim.framework.ObjectDumperObserver.notifySimulationState:57
